0 verbose cli /usr/local/bin/node /usr/local/bin/npm
1 info using npm@10.3.0
2 info using node@v18.18.0
3 timing npm:load:whichnode Completed in 1ms
4 timing config:load:defaults Completed in 2ms
5 timing config:load:file:/usr/local/lib/node_modules/npm/npmrc Completed in 1ms
6 timing config:load:builtin Completed in 2ms
7 timing config:load:cli Completed in 3ms
8 timing config:load:env Completed in 1ms
9 timing config:load:file:/Users/rodrigobueno/Documents/project/fullstackweek-barber/.npmrc Completed in 0ms
10 timing config:load:project Completed in 4ms
11 timing config:load:file:/Users/rodrigobueno/.npmrc Completed in 0ms
12 timing config:load:user Completed in 0ms
13 timing config:load:file:/usr/local/etc/npmrc Completed in 2ms
14 timing config:load:global Completed in 2ms
15 timing config:load:setEnvs Completed in 1ms
16 timing config:load Completed in 15ms
17 timing npm:load:configload Completed in 15ms
18 timing config:load:flatten Completed in 4ms
19 timing npm:load:mkdirpcache Completed in 0ms
20 timing npm:load:mkdirplogs Completed in 0ms
21 verbose title npm install @radix-ui/react-dialog
22 verbose argv "install" "@radix-ui/react-dialog"
23 timing npm:load:setTitle Completed in 28ms
24 timing npm:load:display Completed in 1ms
25 verbose logfile logs-max:10 dir:/Users/rodrigobueno/Documents/project/fullstackweek-barber/C:\Users\Firstname~1\AppData\Roaming\npm-cache/_logs/2024-02-03T16_21_34_312Z-
26 verbose logfile /Users/rodrigobueno/Documents/project/fullstackweek-barber/C:\Users\Firstname~1\AppData\Roaming\npm-cache/_logs/2024-02-03T16_21_34_312Z-debug-0.log
27 timing npm:load:logFile Completed in 13ms
28 timing npm:load:timers Completed in 0ms
29 timing npm:load:configScope Completed in 0ms
30 timing npm:load Completed in 81ms
31 timing arborist:ctor Completed in 0ms
32 silly logfile done cleaning log files
33 timing idealTree:init Completed in 367ms
34 timing idealTree:userRequests Completed in 1ms
35 silly idealTree buildDeps
36 silly fetch manifest @radix-ui/react-dialog@*
37 timing arborist:ctor Completed in 1ms
38 http fetch GET 200 https://registry.npmjs.org/@radix-ui%2freact-dialog 1647ms (cache miss)
39 silly fetch manifest @types/react@^18
40 http fetch GET 200 https://registry.npmjs.org/@types%2freact 580ms (cache miss)
41 silly fetch manifest @types/react-dom@^18
42 http fetch GET 200 https://registry.npmjs.org/@types%2freact-dom 176ms (cache miss)
43 silly fetch manifest react@^18
44 http fetch GET 200 https://registry.npmjs.org/react 1936ms (cache miss)
45 silly fetch manifest react-dom@^18
46 http fetch GET 200 https://registry.npmjs.org/react-dom 2079ms (cache miss)
47 silly placeDep ROOT @radix-ui/react-dialog@1.0.5 OK for: fullstackweek-barber@0.1.0 want: *
48 silly fetch manifest @radix-ui/primitive@1.0.1
49 silly fetch manifest @radix-ui/react-dismissable-layer@1.0.5
50 silly fetch manifest @radix-ui/react-focus-guards@1.0.1
51 silly fetch manifest @radix-ui/react-focus-scope@1.0.4
52 silly fetch manifest @radix-ui/react-id@1.0.1
53 silly fetch manifest @radix-ui/react-portal@1.0.4
54 silly fetch manifest @radix-ui/react-presence@1.0.1
55 silly fetch manifest @radix-ui/react-use-controllable-state@1.0.1
56 silly fetch manifest aria-hidden@^1.1.1
57 silly fetch manifest react-remove-scroll@2.5.5
58 http fetch GET 200 https://registry.npmjs.org/aria-hidden 373ms (cache miss)
59 http fetch GET 200 https://registry.npmjs.org/react-remove-scroll 392ms (cache miss)
60 http fetch GET 200 https://registry.npmjs.org/@radix-ui%2freact-use-controllable-state 585ms (cache miss)
61 http fetch GET 200 https://registry.npmjs.org/@radix-ui%2freact-focus-guards 652ms (cache miss)
62 http fetch GET 200 https://registry.npmjs.org/@radix-ui%2freact-id 1607ms (cache miss)
63 http fetch GET 200 https://registry.npmjs.org/@radix-ui%2freact-focus-scope 1852ms (cache miss)
64 http fetch GET 200 https://registry.npmjs.org/@radix-ui%2fprimitive 1950ms (cache miss)
65 http fetch GET 200 https://registry.npmjs.org/@radix-ui%2freact-dismissable-layer 2165ms (cache miss)
66 http fetch GET 200 https://registry.npmjs.org/@radix-ui%2freact-portal 2403ms (cache miss)
67 http fetch GET 200 https://registry.npmjs.org/@radix-ui%2freact-presence 2987ms (cache miss)
68 timing idealTree:#root Completed in 9472ms
69 silly fetch manifest @types/react@*
70 silly fetch manifest @types/react-dom@*
71 silly fetch manifest react@^16.8 || ^17.0 || ^18.0
72 silly fetch manifest react-dom@^16.8 || ^17.0 || ^18.0
73 silly placeDep ROOT @radix-ui/primitive@1.0.1 OK for: @radix-ui/react-dialog@1.0.5 want: 1.0.1
74 silly placeDep ROOT @radix-ui/react-dismissable-layer@1.0.5 OK for: @radix-ui/react-dialog@1.0.5 want: 1.0.5
75 silly fetch manifest @radix-ui/react-use-escape-keydown@1.0.3
76 silly placeDep ROOT @radix-ui/react-focus-guards@1.0.1 OK for: @radix-ui/react-dialog@1.0.5 want: 1.0.1
77 silly placeDep ROOT @radix-ui/react-focus-scope@1.0.4 OK for: @radix-ui/react-dialog@1.0.5 want: 1.0.4
78 silly placeDep ROOT @radix-ui/react-id@1.0.1 OK for: @radix-ui/react-dialog@1.0.5 want: 1.0.1
79 silly placeDep ROOT @radix-ui/react-portal@1.0.4 OK for: @radix-ui/react-dialog@1.0.5 want: 1.0.4
80 silly placeDep ROOT @radix-ui/react-presence@1.0.1 OK for: @radix-ui/react-dialog@1.0.5 want: 1.0.1
81 silly placeDep ROOT @radix-ui/react-use-controllable-state@1.0.1 OK for: @radix-ui/react-dialog@1.0.5 want: 1.0.1
82 silly placeDep ROOT aria-hidden@1.2.3 OK for: @radix-ui/react-dialog@1.0.5 want: ^1.1.1
83 silly placeDep ROOT react-remove-scroll@2.5.5 OK for: @radix-ui/react-dialog@1.0.5 want: 2.5.5
84 silly fetch manifest react-remove-scroll-bar@^2.3.3
85 silly fetch manifest react-style-singleton@^2.2.1
86 silly fetch manifest use-callback-ref@^1.3.0
87 silly fetch manifest use-sidecar@^1.1.2
88 http fetch GET 200 https://registry.npmjs.org/react-style-singleton 47ms (cache miss)
89 http fetch GET 200 https://registry.npmjs.org/use-callback-ref 56ms (cache miss)
90 http fetch GET 200 https://registry.npmjs.org/react-remove-scroll-bar 83ms (cache miss)
91 http fetch GET 200 https://registry.npmjs.org/use-sidecar 114ms (cache miss)
92 http fetch GET 200 https://registry.npmjs.org/@radix-ui%2freact-use-escape-keydown 230ms (cache miss)
93 timing idealTree:node_modules/@radix-ui/react-dialog Completed in 281ms
94 timing idealTree:node_modules/@radix-ui/primitive Completed in 0ms
95 silly placeDep ROOT @radix-ui/react-use-escape-keydown@1.0.3 OK for: @radix-ui/react-dismissable-layer@1.0.5 want: 1.0.3
96 timing idealTree:node_modules/@radix-ui/react-dismissable-layer Completed in 11ms
97 timing idealTree:node_modules/@radix-ui/react-focus-guards Completed in 0ms
98 timing idealTree:node_modules/@radix-ui/react-focus-scope Completed in 0ms
99 timing idealTree:node_modules/@radix-ui/react-id Completed in 0ms
100 timing idealTree:node_modules/@radix-ui/react-portal Completed in 0ms
101 timing idealTree:node_modules/@radix-ui/react-presence Completed in 0ms
102 timing idealTree:node_modules/@radix-ui/react-use-controllable-state Completed in 0ms
103 timing idealTree:node_modules/@radix-ui/react-use-escape-keydown Completed in 0ms
104 timing idealTree:node_modules/aria-hidden Completed in 0ms
105 silly fetch manifest @types/react@^16.8.0 || ^17.0.0 || ^18.0.0
106 silly fetch manifest react@^16.8.0 || ^17.0.0 || ^18.0.0
107 silly placeDep ROOT react-remove-scroll-bar@2.3.4 OK for: react-remove-scroll@2.5.5 want: ^2.3.3
108 silly placeDep ROOT react-style-singleton@2.2.1 OK for: react-remove-scroll@2.5.5 want: ^2.2.1
109 silly fetch manifest get-nonce@^1.0.0
110 silly fetch manifest invariant@^2.2.4
111 silly placeDep ROOT use-callback-ref@1.3.1 OK for: react-remove-scroll@2.5.5 want: ^1.3.0
112 silly placeDep ROOT use-sidecar@1.1.2 OK for: react-remove-scroll@2.5.5 want: ^1.1.2
113 silly fetch manifest detect-node-es@^1.1.0
114 http fetch GET 200 https://registry.npmjs.org/invariant 76ms (cache miss)
115 http fetch GET 200 https://registry.npmjs.org/get-nonce 297ms (cache miss)
116 http fetch GET 200 https://registry.npmjs.org/detect-node-es 846ms (cache miss)
117 timing idealTree:node_modules/react-remove-scroll Completed in 898ms
118 timing idealTree:node_modules/react-remove-scroll-bar Completed in 0ms
119 silly placeDep ROOT get-nonce@1.0.1 OK for: react-style-singleton@2.2.1 want: ^1.0.0
120 silly placeDep ROOT invariant@2.2.4 OK for: react-style-singleton@2.2.1 want: ^2.2.4
121 timing idealTree:node_modules/react-style-singleton Completed in 5ms
122 timing idealTree:node_modules/get-nonce Completed in 0ms
123 timing idealTree:node_modules/invariant Completed in 0ms
124 timing idealTree:node_modules/use-callback-ref Completed in 0ms
125 silly placeDep ROOT detect-node-es@1.1.0 OK for: use-sidecar@1.1.2 want: ^1.1.0
126 timing idealTree:node_modules/use-sidecar Completed in 2ms
127 timing idealTree:node_modules/detect-node-es Completed in 0ms
128 timing idealTree:buildDeps Completed in 10672ms
129 timing idealTree:fixDepFlags Completed in 7ms
130 timing idealTree Completed in 11057ms
131 timing reify:loadTrees Completed in 11058ms
132 timing reify:diffTrees Completed in 13ms
133 silly reify moves {}
134 timing reify:retireShallow Completed in 2ms
135 timing reify:createSparse Completed in 2ms
136 timing reify:loadBundles Completed in 0ms
137 silly audit bulk request {
137 silly audit   '@aashutoshrathi/word-wrap': [ '1.2.6' ],
137 silly audit   '@alloc/quick-lru': [ '5.2.0' ],
137 silly audit   '@ampproject/remapping': [ '2.2.1' ],
137 silly audit   '@antfu/ni': [ '0.21.12' ],
137 silly audit   '@auth/core': [ '0.25.0' ],
137 silly audit   cookie: [ '0.6.0', '0.5.0' ],
137 silly audit   jose: [ '5.2.1', '4.15.4' ],
137 silly audit   preact: [ '10.11.3', '10.19.3' ],
137 silly audit   'preact-render-to-string': [ '5.2.3', '5.2.6' ],
137 silly audit   '@auth/prisma-adapter': [ '1.2.0' ],
137 silly audit   '@babel/code-frame': [ '7.23.5' ],
137 silly audit   'ansi-styles': [ '3.2.1', '4.3.0', '6.2.1' ],
137 silly audit   chalk: [ '2.4.2', '4.1.2', '5.3.0', '5.2.0' ],
137 silly audit   'color-convert': [ '1.9.3', '2.0.1' ],
137 silly audit   'color-name': [ '1.1.3', '1.1.4' ],
137 silly audit   'escape-string-regexp': [ '1.0.5', '4.0.0' ],
137 silly audit   'has-flag': [ '3.0.0', '4.0.0' ],
137 silly audit   'supports-color': [ '5.5.0', '7.2.0' ],
137 silly audit   '@babel/compat-data': [ '7.23.5' ],
137 silly audit   '@babel/core': [ '7.23.9' ],
137 silly audit   json5: [ '2.2.3', '1.0.2' ],
137 silly audit   semver: [ '6.3.1', '7.5.4' ],
137 silly audit   '@babel/generator': [ '7.23.6' ],
137 silly audit   '@babel/helper-annotate-as-pure': [ '7.22.5' ],
137 silly audit   '@babel/helper-compilation-targets': [ '7.23.6' ],
137 silly audit   'lru-cache': [ '5.1.1', '10.2.0', '6.0.0' ],
137 silly audit   yallist: [ '3.1.1', '4.0.0' ],
137 silly audit   '@babel/helper-create-class-features-plugin': [ '7.23.10' ],
137 silly audit   '@babel/helper-environment-visitor': [ '7.22.20' ],
137 silly audit   '@babel/helper-function-name': [ '7.23.0' ],
137 silly audit   '@babel/helper-hoist-variables': [ '7.22.5' ],
137 silly audit   '@babel/helper-member-expression-to-functions': [ '7.23.0' ],
137 silly audit   '@babel/helper-module-imports': [ '7.22.15' ],
137 silly audit   '@babel/helper-module-transforms': [ '7.23.3' ],
137 silly audit   '@babel/helper-optimise-call-expression': [ '7.22.5' ],
137 silly audit   '@babel/helper-plugin-utils': [ '7.22.5' ],
137 silly audit   '@babel/helper-replace-supers': [ '7.22.20' ],
137 silly audit   '@babel/helper-simple-access': [ '7.22.5' ],
137 silly audit   '@babel/helper-skip-transparent-expression-wrappers': [ '7.22.5' ],
137 silly audit   '@babel/helper-split-export-declaration': [ '7.22.6' ],
137 silly audit   '@babel/helper-string-parser': [ '7.23.4' ],
137 silly audit   '@babel/helper-validator-identifier': [ '7.22.20' ],
137 silly audit   '@babel/helper-validator-option': [ '7.23.5' ],
137 silly audit   '@babel/helpers': [ '7.23.9' ],
137 silly audit   '@babel/highlight': [ '7.23.4' ],
137 silly audit   '@babel/parser': [ '7.23.9' ],
137 silly audit   '@babel/plugin-syntax-typescript': [ '7.23.3' ],
137 silly audit   '@babel/plugin-transform-typescript': [ '7.23.6' ],
137 silly audit   '@babel/runtime': [ '7.23.9' ],
137 silly audit   '@babel/template': [ '7.23.9' ],
137 silly audit   '@babel/traverse': [ '7.23.9' ],
137 silly audit   globals: [ '11.12.0', '13.24.0' ],
137 silly audit   '@babel/types': [ '7.23.9' ],
137 silly audit   '@cspotcode/source-map-support': [ '0.8.1' ],
137 silly audit   '@jridgewell/trace-mapping': [ '0.3.9', '0.3.22' ],
137 silly audit   '@eslint-community/eslint-utils': [ '4.4.0' ],
137 silly audit   '@eslint-community/regexpp': [ '4.10.0' ],
137 silly audit   '@eslint/eslintrc': [ '2.1.4' ],
137 silly audit   '@eslint/js': [ '8.56.0' ],
137 silly audit   '@humanwhocodes/config-array': [ '0.11.14' ],
137 silly audit   '@humanwhocodes/module-importer': [ '1.0.1' ],
137 silly audit   '@humanwhocodes/object-schema': [ '2.0.2' ],
137 silly audit   '@isaacs/cliui': [ '8.0.2' ],
137 silly audit   'ansi-regex': [ '6.0.1', '5.0.1' ],
137 silly audit   'strip-ansi': [ '7.1.0', '6.0.1' ],
137 silly audit   '@jridgewell/gen-mapping': [ '0.3.3' ],
137 silly audit   '@jridgewell/resolve-uri': [ '3.1.1' ],
137 silly audit   '@jridgewell/set-array': [ '1.1.2' ],
137 silly audit   '@jridgewell/sourcemap-codec': [ '1.4.15' ],
137 silly audit   '@next/env': [ '14.1.0' ],
137 silly audit   '@next/eslint-plugin-next': [ '14.1.0' ],
137 silly audit   '@next/swc-darwin-arm64': [ '14.1.0' ],
137 silly audit   '@next/swc-darwin-x64': [ '14.1.0' ],
137 silly audit   '@next/swc-linux-arm64-gnu': [ '14.1.0' ],
137 silly audit   '@next/swc-linux-arm64-musl': [ '14.1.0' ],
137 silly audit   '@next/swc-linux-x64-gnu': [ '14.1.0' ],
137 silly audit   '@next/swc-linux-x64-musl': [ '14.1.0' ],
137 silly audit   '@next/swc-win32-arm64-msvc': [ '14.1.0' ],
137 silly audit   '@next/swc-win32-ia32-msvc': [ '14.1.0' ],
137 silly audit   '@next/swc-win32-x64-msvc': [ '14.1.0' ],
137 silly audit   '@nodelib/fs.scandir': [ '2.1.5' ],
137 silly audit   '@nodelib/fs.stat': [ '2.0.5' ],
137 silly audit   '@nodelib/fs.walk': [ '1.2.8' ],
137 silly audit   '@panva/hkdf': [ '1.1.1' ],
137 silly audit   '@pkgjs/parseargs': [ '0.11.0' ],
137 silly audit   '@prisma/client': [ '5.9.1' ],
137 silly audit   '@prisma/debug': [ '5.9.1' ],
137 silly audit   '@prisma/engines': [ '5.9.1' ],
137 silly audit   '@prisma/engines-version': [ '5.9.0-32.23fdc5965b1e05fc54e5f26ed3de66776b93de64' ],
137 silly audit   '@prisma/fetch-engine': [ '5.9.1' ],
137 silly audit   '@prisma/get-platform': [ '5.9.1' ],
137 silly audit   '@radix-ui/react-avatar': [ '1.0.4' ],
137 silly audit   '@radix-ui/react-compose-refs': [ '1.0.1' ],
137 silly audit   '@radix-ui/react-context': [ '1.0.1' ],
137 silly audit   '@radix-ui/react-primitive': [ '1.0.3' ],
137 silly audit   '@radix-ui/react-slot': [ '1.0.2' ],
137 silly audit   '@radix-ui/react-use-callback-ref': [ '1.0.1' ],
137 silly audit   '@radix-ui/react-use-layout-effect': [ '1.0.1' ],
137 silly audit   '@rushstack/eslint-patch': [ '1.7.2' ],
137 silly audit   '@swc/helpers': [ '0.5.2' ],
137 silly audit   '@ts-morph/common': [ '0.19.0' ],
137 silly audit   'brace-expansion': [ '2.0.1', '1.1.11' ],
137 silly audit   minimatch: [ '7.4.6', '9.0.3', '3.1.2' ],
137 silly audit   '@tsconfig/node10': [ '1.0.9' ],
137 silly audit   '@tsconfig/node12': [ '1.0.11' ],
137 silly audit   '@tsconfig/node14': [ '1.0.3' ],
137 silly audit   '@tsconfig/node16': [ '1.0.4' ],
137 silly audit   '@types/cookie': [ '0.6.0' ],
137 silly audit   '@types/json5': [ '0.0.29' ],
137 silly audit   '@types/node': [ '20.11.10' ],
137 silly audit   '@types/prop-types': [ '15.7.11' ],
137 silly audit   '@types/react': [ '18.2.48' ],
137 silly audit   '@types/react-dom': [ '18.2.18' ],
137 silly audit   '@types/scheduler': [ '0.16.8' ],
137 silly audit   '@typescript-eslint/parser': [ '6.20.0' ],
137 silly audit   '@typescript-eslint/scope-manager': [ '6.20.0' ],
137 silly audit   '@typescript-eslint/types': [ '6.20.0' ],
137 silly audit   '@typescript-eslint/typescript-estree': [ '6.20.0' ],
137 silly audit   '@typescript-eslint/visitor-keys': [ '6.20.0' ],
137 silly audit   '@ungap/structured-clone': [ '1.2.0' ],
137 silly audit   acorn: [ '8.11.3' ],
137 silly audit   'acorn-jsx': [ '5.3.2' ],
137 silly audit   'acorn-walk': [ '8.3.2' ],
137 silly audit   add: [ '2.0.6' ],
137 silly audit   'agent-base': [ '7.1.0' ],
137 silly audit   ajv: [ '6.12.6' ],
137 silly audit   'any-promise': [ '1.3.0' ],
137 silly audit   anymatch: [ '3.1.3' ],
137 silly audit   arg: [ '5.0.2', '4.1.3' ],
137 silly audit   argparse: [ '2.0.1' ],
137 silly audit   'aria-query': [ '5.3.0' ],
137 silly audit   'array-buffer-byte-length': [ '1.0.0' ],
137 silly audit   'array-includes': [ '3.1.7' ],
137 silly audit   'array-union': [ '2.1.0' ],
137 silly audit   'array.prototype.findlastindex': [ '1.2.3' ],
137 silly audit   'array.prototype.flat': [ '1.3.2' ],
137 silly audit   'array.prototype.flatmap': [ '1.3.2' ],
137 silly audit   'array.prototype.tosorted': [ '1.1.2' ],
137 silly audit   'arraybuffer.prototype.slice': [ '1.0.2' ],
137 silly audit   assert: [ '2.1.0' ],
137 silly audit   'ast-types': [ '0.16.1' ],
137 silly audit   'ast-types-flow': [ '0.0.8' ],
137 silly audit   'asynciterator.prototype': [ '1.0.0' ],
137 silly audit   autoprefixer: [ '10.4.17' ],
137 silly audit   'available-typed-arrays': [ '1.0.5' ],
137 silly audit   'axe-core': [ '4.7.0' ],
137 silly audit   'axobject-query': [ '3.2.1' ],
137 silly audit   'balanced-match': [ '1.0.2' ],
137 silly audit   'base64-js': [ '1.5.1' ],
137 silly audit   'binary-extensions': [ '2.2.0' ],
137 silly audit   bl: [ '5.1.0' ],
137 silly audit   braces: [ '3.0.2' ],
137 silly audit   browserslist: [ '4.22.3' ],
137 silly audit   buffer: [ '6.0.3' ],
137 silly audit   busboy: [ '1.6.0' ],
137 silly audit   'call-bind': [ '1.0.5' ],
137 silly audit   callsites: [ '3.1.0' ],
137 silly audit   'camelcase-css': [ '2.0.1' ],
137 silly audit   'caniuse-lite': [ '1.0.30001581' ],
137 silly audit   chokidar: [ '3.5.3' ],
137 silly audit   'glob-parent': [ '5.1.2', '6.0.2' ],
137 silly audit   'class-variance-authority': [ '0.7.0' ],
137 silly audit   clsx: [ '2.0.0', '2.1.0' ],
137 silly audit   'cli-cursor': [ '4.0.0' ],
137 silly audit   'cli-spinners': [ '2.9.2' ],
137 silly audit   'client-only': [ '0.0.1' ],
137 silly audit   clone: [ '1.0.4' ],
137 silly audit   'code-block-writer': [ '12.0.0' ],
137 silly audit   commander: [ '4.1.1', '10.0.1' ],
137 silly audit   'concat-map': [ '0.0.1' ],
137 silly audit   'convert-source-map': [ '2.0.0' ],
137 silly audit   cosmiconfig: [ '8.3.6' ],
137 silly audit   'create-require': [ '1.1.1' ],
137 silly audit   'cross-spawn': [ '7.0.3' ],
137 silly audit   cssesc: [ '3.0.0' ],
137 silly audit   csstype: [ '3.1.3' ],
137 silly audit   'damerau-levenshtein': [ '1.0.8' ],
137 silly audit   'data-uri-to-buffer': [ '4.0.1' ],
137 silly audit   'date-fns': [ '3.3.1' ],
137 silly audit   debug: [ '4.3.4', '3.2.7' ],
137 silly audit   'deep-is': [ '0.1.4' ],
137 silly audit   defaults: [ '1.0.4' ],
137 silly audit   'define-data-property': [ '1.1.1' ],
137 silly audit   'define-properties': [ '1.2.1' ],
137 silly audit   dequal: [ '2.0.3' ],
137 silly audit   didyoumean: [ '1.2.2' ],
137 silly audit   diff: [ '4.0.2', '5.1.0' ],
137 silly audit   'dir-glob': [ '3.0.1' ],
137 silly audit   dlv: [ '1.1.3' ],
137 silly audit   doctrine: [ '3.0.0', '2.1.0' ],
137 silly audit   eastasianwidth: [ '0.2.0' ],
137 silly audit   'electron-to-chromium': [ '1.4.650' ],
137 silly audit   'emoji-regex': [ '9.2.2', '8.0.0' ],
137 silly audit   'enhanced-resolve': [ '5.15.0' ],
137 silly audit   'error-ex': [ '1.3.2' ],
137 silly audit   'es-abstract': [ '1.22.3' ],
137 silly audit   'es-iterator-helpers': [ '1.0.15' ],
137 silly audit   'es-set-tostringtag': [ '2.0.2' ],
137 silly audit   'es-shim-unscopables': [ '1.0.2' ],
137 silly audit   'es-to-primitive': [ '1.2.1' ],
137 silly audit   escalade: [ '3.1.1' ],
137 silly audit   eslint: [ '8.56.0' ],
137 silly audit   'eslint-config-next': [ '14.1.0' ],
137 silly audit   'eslint-import-resolver-node': [ '0.3.9' ],
137 silly audit   'eslint-import-resolver-typescript': [ '3.6.1' ],
137 silly audit   'eslint-module-utils': [ '2.8.0' ],
137 silly audit   'eslint-plugin-import': [ '2.29.1' ],
137 silly audit   'eslint-plugin-jsx-a11y': [ '6.8.0' ],
137 silly audit   'eslint-plugin-react': [ '7.33.2' ],
137 silly audit   'eslint-plugin-react-hooks': [ '4.6.0' ],
137 silly audit   resolve: [ '2.0.0-next.5', '1.22.8' ],
137 silly audit   'eslint-scope': [ '7.2.2' ],
137 silly audit   'eslint-visitor-keys': [ '3.4.3' ],
137 silly audit   espree: [ '9.6.1' ],
137 silly audit   esprima: [ '4.0.1' ],
137 silly audit   esquery: [ '1.5.0' ],
137 silly audit   esrecurse: [ '4.3.0' ],
137 silly audit   estraverse: [ '5.3.0' ],
137 silly audit   esutils: [ '2.0.3' ],
137 silly audit   execa: [ '7.2.0' ],
137 silly audit   'signal-exit': [ '3.0.7', '4.1.0' ],
137 silly audit   'fast-deep-equal': [ '3.1.3' ],
137 silly audit   'fast-glob': [ '3.3.2' ],
137 silly audit   'fast-json-stable-stringify': [ '2.1.0' ],
137 silly audit   'fast-levenshtein': [ '2.0.6' ],
137 silly audit   fastq: [ '1.17.0' ],
137 silly audit   'fetch-blob': [ '3.2.0' ],
137 silly audit   'file-entry-cache': [ '6.0.1' ],
137 silly audit   'fill-range': [ '7.0.1' ],
137 silly audit   'find-up': [ '5.0.0' ],
137 silly audit   'flat-cache': [ '3.2.0' ],
137 silly audit   flatted: [ '3.2.9' ],
137 silly audit   'for-each': [ '0.3.3' ],
137 silly audit   'foreground-child': [ '3.1.1' ],
137 silly audit   'formdata-polyfill': [ '4.0.10' ],
137 silly audit   'fraction.js': [ '4.3.7' ],
137 silly audit   'fs-extra': [ '11.2.0' ],
137 silly audit   'fs.realpath': [ '1.0.0' ],
137 silly audit   fsevents: [ '2.3.3' ],
137 silly audit   'function-bind': [ '1.1.2' ],
137 silly audit   'function.prototype.name': [ '1.1.6' ],
137 silly audit   'functions-have-names': [ '1.2.3' ],
137 silly audit   gensync: [ '1.0.0-beta.2' ],
137 silly audit   'get-intrinsic': [ '1.2.2' ],
137 silly audit   'get-stream': [ '6.0.1' ],
137 silly audit   'get-symbol-description': [ '1.0.0' ],
137 silly audit   'get-tsconfig': [ '4.7.2' ],
137 silly audit   glob: [ '10.3.10', '7.2.3' ],
137 silly audit   globalthis: [ '1.0.3' ],
137 silly audit   globby: [ '11.1.0' ],
137 silly audit   gopd: [ '1.0.1' ],
137 silly audit   'graceful-fs': [ '4.2.11' ],
137 silly audit   graphemer: [ '1.4.0' ],
137 silly audit   'has-bigints': [ '1.0.2' ],
137 silly audit   'has-property-descriptors': [ '1.0.1' ],
137 silly audit   'has-proto': [ '1.0.1' ],
137 silly audit   'has-symbols': [ '1.0.3' ],
137 silly audit   'has-tostringtag': [ '1.0.0' ],
137 silly audit   hasown: [ '2.0.0' ],
137 silly audit   'https-proxy-agent': [ '6.2.1' ],
137 silly audit   'human-signals': [ '4.3.1' ],
137 silly audit   ieee754: [ '1.2.1' ],
137 silly audit   ignore: [ '5.3.0' ],
137 silly audit   'import-fresh': [ '3.3.0' ],
137 silly audit   imurmurhash: [ '0.1.4' ],
137 silly audit   inflight: [ '1.0.6' ],
137 silly audit   inherits: [ '2.0.4' ],
137 silly audit   'internal-slot': [ '1.0.6' ],
137 silly audit   'is-arguments': [ '1.1.1' ],
137 silly audit   'is-array-buffer': [ '3.0.2' ],
137 silly audit   'is-arrayish': [ '0.2.1' ],
137 silly audit   'is-async-function': [ '2.0.0' ],
137 silly audit   'is-bigint': [ '1.0.4' ],
137 silly audit   'is-binary-path': [ '2.1.0' ],
137 silly audit   'is-boolean-object': [ '1.1.2' ],
137 silly audit   'is-callable': [ '1.2.7' ],
137 silly audit   'is-core-module': [ '2.13.1' ],
137 silly audit   'is-date-object': [ '1.0.5' ],
137 silly audit   'is-extglob': [ '2.1.1' ],
137 silly audit   'is-finalizationregistry': [ '1.0.2' ],
137 silly audit   'is-fullwidth-code-point': [ '3.0.0' ],
137 silly audit   'is-generator-function': [ '1.0.10' ],
137 silly audit   'is-glob': [ '4.0.3' ],
137 silly audit   'is-interactive': [ '2.0.0' ],
137 silly audit   'is-map': [ '2.0.2' ],
137 silly audit   'is-nan': [ '1.3.2' ],
137 silly audit   'is-negative-zero': [ '2.0.2' ],
137 silly audit   'is-number': [ '7.0.0' ],
137 silly audit   'is-number-object': [ '1.0.7' ],
137 silly audit   'is-path-inside': [ '3.0.3' ],
137 silly audit   'is-regex': [ '1.1.4' ],
137 silly audit   'is-set': [ '2.0.2' ],
137 silly audit   'is-shared-array-buffer': [ '1.0.2' ],
137 silly audit   'is-stream': [ '3.0.0' ],
137 silly audit   'is-string': [ '1.0.7' ],
137 silly audit   'is-symbol': [ '1.0.4' ],
137 silly audit   'is-typed-array': [ '1.1.12' ],
137 silly audit   'is-unicode-supported': [ '1.3.0' ],
137 silly audit   'is-weakmap': [ '2.0.1' ],
137 silly audit   'is-weakref': [ '1.0.2' ],
137 silly audit   'is-weakset': [ '2.0.2' ],
137 silly audit   isarray: [ '2.0.5' ],
137 silly audit   isexe: [ '2.0.0' ],
137 silly audit   'iterator.prototype': [ '1.1.2' ],
137 silly audit   jackspeak: [ '2.3.6' ],
137 silly audit   jiti: [ '1.21.0' ],
137 silly audit   'js-tokens': [ '4.0.0' ],
137 silly audit   'js-yaml': [ '4.1.0' ],
137 silly audit   jsesc: [ '2.5.2' ],
137 silly audit   'json-buffer': [ '3.0.1' ],
137 silly audit   'json-parse-even-better-errors': [ '2.3.1' ],
137 silly audit   'json-schema-traverse': [ '0.4.1' ],
137 silly audit   'json-stable-stringify-without-jsonify': [ '1.0.1' ],
137 silly audit   jsonfile: [ '6.1.0' ],
137 silly audit   'jsx-ast-utils': [ '3.3.5' ],
137 silly audit   keyv: [ '4.5.4' ],
137 silly audit   kleur: [ '3.0.3' ],
137 silly audit   'language-subtag-registry': [ '0.3.22' ],
137 silly audit   'language-tags': [ '1.0.9' ],
137 silly audit   levn: [ '0.4.1' ],
137 silly audit   lilconfig: [ '2.1.0', '3.0.0' ],
137 silly audit   'lines-and-columns': [ '1.2.4' ],
137 silly audit   'locate-path': [ '6.0.0' ],
137 silly audit   'lodash._reinterpolate': [ '3.0.0' ],
137 silly audit   'lodash.merge': [ '4.6.2' ],
137 silly audit   'lodash.template': [ '4.5.0' ],
137 silly audit   'lodash.templatesettings': [ '4.2.0' ],
137 silly audit   'log-symbols': [ '5.1.0' ],
137 silly audit   'loose-envify': [ '1.4.0' ],
137 silly audit   'lucide-react': [ '0.320.0' ],
137 silly audit   'make-error': [ '1.3.6' ],
137 silly audit   'merge-stream': [ '2.0.0' ],
137 silly audit   merge2: [ '1.4.1' ],
137 silly audit   micromatch: [ '4.0.5' ],
137 silly audit   'mimic-fn': [ '4.0.0', '2.1.0' ],
137 silly audit   minimist: [ '1.2.8' ],
137 silly audit   minipass: [ '7.0.4' ],
137 silly audit   mkdirp: [ '2.1.6' ],
137 silly audit   ms: [ '2.1.2' ],
137 silly audit   mz: [ '2.7.0' ],
137 silly audit   nanoid: [ '3.3.7' ],
137 silly audit   'natural-compare': [ '1.4.0' ],
137 silly audit   next: [ '14.1.0' ],
137 silly audit   'next-auth': [ '4.24.5' ],
137 silly audit   postcss: [ '8.4.31', '8.4.33' ],
137 silly audit   'node-domexception': [ '1.0.0' ],
137 silly audit   'node-fetch': [ '3.3.2' ],
137 silly audit   'node-releases': [ '2.0.14' ],
137 silly audit   'normalize-path': [ '3.0.0' ],
137 silly audit   'normalize-range': [ '0.1.2' ],
137 silly audit   'npm-run-path': [ '5.2.0' ],
137 silly audit   'path-key': [ '4.0.0', '3.1.1' ],
137 silly audit   oauth: [ '0.9.15' ],
137 silly audit   oauth4webapi: [ '2.9.0' ],
137 silly audit   'object-assign': [ '4.1.1' ],
137 silly audit   'object-hash': [ '3.0.0', '2.2.0' ],
137 silly audit   'object-inspect': [ '1.13.1' ],
137 silly audit   'object-is': [ '1.1.5' ],
137 silly audit   'object-keys': [ '1.1.1' ],
137 silly audit   'object.assign': [ '4.1.5' ],
137 silly audit   'object.entries': [ '1.1.7' ],
137 silly audit   'object.fromentries': [ '2.0.7' ],
137 silly audit   'object.groupby': [ '1.0.1' ],
137 silly audit   'object.hasown': [ '1.1.3' ],
137 silly audit   'object.values': [ '1.1.7' ],
137 silly audit   'oidc-token-hash': [ '5.0.3' ],
137 silly audit   once: [ '1.4.0' ],
137 silly audit   onetime: [ '6.0.0', '5.1.2' ],
137 silly audit   'openid-client': [ '5.6.4' ],
137 silly audit   optionator: [ '0.9.3' ],
137 silly audit   ora: [ '6.3.1' ],
137 silly audit   'p-limit': [ '3.1.0' ],
137 silly audit   'p-locate': [ '5.0.0' ],
137 silly audit   'parent-module': [ '1.0.1' ],
137 silly audit   'parse-json': [ '5.2.0' ],
137 silly audit   'path-browserify': [ '1.0.1' ],
137 silly audit   'path-exists': [ '4.0.0' ],
137 silly audit   'path-is-absolute': [ '1.0.1' ],
137 silly audit   'path-parse': [ '1.0.7' ],
137 silly audit   'path-scurry': [ '1.10.1' ],
137 silly audit   'path-type': [ '4.0.0' ],
137 silly audit   picocolors: [ '1.0.0' ],
137 silly audit   picomatch: [ '2.3.1' ],
137 silly audit   pify: [ '2.3.0' ],
137 silly audit   pirates: [ '4.0.6' ],
137 silly audit   'postcss-import': [ '15.1.0' ],
137 silly audit   'postcss-js': [ '4.0.1' ],
137 silly audit   'postcss-load-config': [ '4.0.2' ],
137 silly audit   'postcss-nested': [ '6.0.1' ],
137 silly audit   'postcss-selector-parser': [ '6.0.15' ],
137 silly audit   'postcss-value-parser': [ '4.2.0' ],
137 silly audit   'prelude-ls': [ '1.2.1' ],
137 silly audit   'pretty-format': [ '3.8.0' ],
137 silly audit   prisma: [ '5.9.1' ],
137 silly audit   prompts: [ '2.4.2' ],
137 silly audit   'prop-types': [ '15.8.1' ],
137 silly audit   punycode: [ '2.3.1' ],
137 silly audit   'queue-microtask': [ '1.2.3' ],
137 silly audit   react: [ '18.2.0' ],
137 silly audit   'react-dom': [ '18.2.0' ],
137 silly audit   'react-is': [ '16.13.1' ],
137 silly audit   'read-cache': [ '1.0.0' ],
137 silly audit   'readable-stream': [ '3.6.2' ],
137 silly audit   readdirp: [ '3.6.0' ],
137 silly audit   recast: [ '0.23.4' ],
137 silly audit   'reflect.getprototypeof': [ '1.0.4' ],
137 silly audit   'regenerator-runtime': [ '0.14.1' ],
137 silly audit   'regexp.prototype.flags': [ '1.5.1' ],
137 silly audit   'resolve-from': [ '4.0.0' ],
137 silly audit   'resolve-pkg-maps': [ '1.0.0' ],
137 silly audit   'restore-cursor': [ '4.0.0' ],
137 silly audit   reusify: [ '1.0.4' ],
137 silly audit   rimraf: [ '3.0.2' ],
137 silly audit   'run-parallel': [ '1.2.0' ],
137 silly audit   'safe-array-concat': [ '1.1.0' ],
137 silly audit   'safe-buffer': [ '5.2.1' ],
137 silly audit   'safe-regex-test': [ '1.0.2' ],
137 silly audit   scheduler: [ '0.23.0' ],
137 silly audit   'set-function-length': [ '1.2.0' ],
137 silly audit   'set-function-name': [ '2.0.1' ],
137 silly audit   'shadcn-ui': [ '0.8.0' ],
137 silly audit   'tsconfig-paths': [ '4.2.0', '3.15.0' ],
137 silly audit   'shebang-command': [ '2.0.0' ],
137 silly audit   'shebang-regex': [ '3.0.0' ],
137 silly audit   sheet: [ '0.2.0' ],
137 silly audit   'side-channel': [ '1.0.4' ],
137 silly audit   sisteransi: [ '1.0.5' ],
137 silly audit   slash: [ '3.0.0' ],
137 silly audit   'source-map': [ '0.6.1' ],
137 silly audit   'source-map-js': [ '1.0.2' ],
137 silly audit   'stdin-discarder': [ '0.1.0' ],
137 silly audit   streamsearch: [ '1.1.0' ],
137 silly audit   string_decoder: [ '1.3.0' ],
137 silly audit   'string-width': [ '5.1.2', '4.2.3' ],
137 silly audit   'string.prototype.matchall': [ '4.0.10' ],
137 silly audit   'string.prototype.trim': [ '1.2.8' ],
137 silly audit   'string.prototype.trimend': [ '1.0.7' ],
137 silly audit   'string.prototype.trimstart': [ '1.0.7' ],
137 silly audit   'strip-bom': [ '3.0.0' ],
137 silly audit   'strip-final-newline': [ '3.0.0' ],
137 silly audit   'strip-json-comments': [ '3.1.1' ],
137 silly audit   'styled-jsx': [ '5.1.1' ],
137 silly audit   sucrase: [ '3.35.0' ],
137 silly audit   'supports-preserve-symlinks-flag': [ '1.0.0' ],
137 silly audit   'tailwind-merge': [ '2.2.1' ],
137 silly audit   tailwindcss: [ '3.4.1' ],
137 silly audit   'tailwindcss-animate': [ '1.0.7' ],
137 silly audit   tapable: [ '2.2.1' ],
137 silly audit   'text-table': [ '0.2.0' ],
137 silly audit   thenify: [ '3.3.1' ],
137 silly audit   'thenify-all': [ '1.6.0' ],
137 silly audit   'to-fast-properties': [ '2.0.0' ],
137 silly audit   'to-regex-range': [ '5.0.1' ],
137 silly audit   'ts-api-utils': [ '1.0.3' ],
137 silly audit   'ts-interface-checker': [ '0.1.13' ],
137 silly audit   'ts-morph': [ '18.0.0' ],
137 silly audit   'ts-node': [ '10.9.2' ],
137 silly audit   tslib: [ '2.6.2' ],
137 silly audit   'type-check': [ '0.4.0' ],
137 silly audit   'type-fest': [ '0.20.2' ],
137 silly audit   'typed-array-buffer': [ '1.0.0' ],
137 silly audit   'typed-array-byte-length': [ '1.0.0' ],
137 silly audit   'typed-array-byte-offset': [ '1.0.0' ],
137 silly audit   'typed-array-length': [ '1.0.4' ],
137 silly audit   typescript: [ '5.3.3' ],
137 silly audit   'unbox-primitive': [ '1.0.2' ],
137 silly audit   'undici-types': [ '5.26.5' ],
137 silly audit   universalify: [ '2.0.1' ],
137 silly audit   'update-browserslist-db': [ '1.0.13' ],
137 silly audit   'uri-js': [ '4.4.1' ],
137 silly audit   util: [ '0.12.5' ],
137 silly audit   'util-deprecate': [ '1.0.2' ],
137 silly audit   uuid: [ '8.3.2' ],
137 silly audit   'v8-compile-cache-lib': [ '3.0.1' ],
137 silly audit   wcwidth: [ '1.0.1' ],
137 silly audit   'web-streams-polyfill': [ '3.3.2' ],
137 silly audit   which: [ '2.0.2' ],
137 silly audit   'which-boxed-primitive': [ '1.0.2' ],
137 silly audit   'which-builtin-type': [ '1.1.3' ],
137 silly audit   'which-collection': [ '1.0.1' ],
137 silly audit   'which-typed-array': [ '1.1.13' ],
137 silly audit   'wrap-ansi': [ '8.1.0', '7.0.0' ],
137 silly audit   wrappy: [ '1.0.2' ],
137 silly audit   yaml: [ '2.3.4' ],
137 silly audit   yn: [ '3.1.1' ],
137 silly audit   'yocto-queue': [ '0.1.0' ],
137 silly audit   zod: [ '3.22.4' ],
137 silly audit   '@radix-ui/react-dialog': [ '1.0.5' ],
137 silly audit   '@radix-ui/primitive': [ '1.0.1' ],
137 silly audit   '@radix-ui/react-dismissable-layer': [ '1.0.5' ],
137 silly audit   '@radix-ui/react-focus-guards': [ '1.0.1' ],
137 silly audit   '@radix-ui/react-focus-scope': [ '1.0.4' ],
137 silly audit   '@radix-ui/react-id': [ '1.0.1' ],
137 silly audit   '@radix-ui/react-portal': [ '1.0.4' ],
137 silly audit   '@radix-ui/react-presence': [ '1.0.1' ],
137 silly audit   '@radix-ui/react-use-controllable-state': [ '1.0.1' ],
137 silly audit   'aria-hidden': [ '1.2.3' ],
137 silly audit   'react-remove-scroll': [ '2.5.5' ],
137 silly audit   '@radix-ui/react-use-escape-keydown': [ '1.0.3' ],
137 silly audit   'react-remove-scroll-bar': [ '2.3.4' ],
137 silly audit   'react-style-singleton': [ '2.2.1' ],
137 silly audit   'use-callback-ref': [ '1.3.1' ],
137 silly audit   'use-sidecar': [ '1.1.2' ],
137 silly audit   'get-nonce': [ '1.0.1' ],
137 silly audit   invariant: [ '2.2.4' ],
137 silly audit   'detect-node-es': [ '1.1.0' ]
137 silly audit }
138 verbose reify failed optional dependency /Users/rodrigobueno/Documents/project/fullstackweek-barber/node_modules/@next/swc-win32-x64-msvc
139 silly reify mark deleted [
139 silly reify   '/Users/rodrigobueno/Documents/project/fullstackweek-barber/node_modules/@next/swc-win32-x64-msvc'
139 silly reify ]
140 verbose reify failed optional dependency /Users/rodrigobueno/Documents/project/fullstackweek-barber/node_modules/@next/swc-win32-ia32-msvc
141 silly reify mark deleted [
141 silly reify   '/Users/rodrigobueno/Documents/project/fullstackweek-barber/node_modules/@next/swc-win32-ia32-msvc'
141 silly reify ]
142 verbose reify failed optional dependency /Users/rodrigobueno/Documents/project/fullstackweek-barber/node_modules/@next/swc-win32-arm64-msvc
143 silly reify mark deleted [
143 silly reify   '/Users/rodrigobueno/Documents/project/fullstackweek-barber/node_modules/@next/swc-win32-arm64-msvc'
143 silly reify ]
144 verbose reify failed optional dependency /Users/rodrigobueno/Documents/project/fullstackweek-barber/node_modules/@next/swc-linux-x64-musl
145 silly reify mark deleted [
145 silly reify   '/Users/rodrigobueno/Documents/project/fullstackweek-barber/node_modules/@next/swc-linux-x64-musl'
145 silly reify ]
146 verbose reify failed optional dependency /Users/rodrigobueno/Documents/project/fullstackweek-barber/node_modules/@next/swc-linux-x64-gnu
147 silly reify mark deleted [
147 silly reify   '/Users/rodrigobueno/Documents/project/fullstackweek-barber/node_modules/@next/swc-linux-x64-gnu'
147 silly reify ]
148 verbose reify failed optional dependency /Users/rodrigobueno/Documents/project/fullstackweek-barber/node_modules/@next/swc-linux-arm64-musl
149 silly reify mark deleted [
149 silly reify   '/Users/rodrigobueno/Documents/project/fullstackweek-barber/node_modules/@next/swc-linux-arm64-musl'
149 silly reify ]
150 verbose reify failed optional dependency /Users/rodrigobueno/Documents/project/fullstackweek-barber/node_modules/@next/swc-linux-arm64-gnu
151 silly reify mark deleted [
151 silly reify   '/Users/rodrigobueno/Documents/project/fullstackweek-barber/node_modules/@next/swc-linux-arm64-gnu'
151 silly reify ]
152 verbose reify failed optional dependency /Users/rodrigobueno/Documents/project/fullstackweek-barber/node_modules/@next/swc-darwin-arm64
153 silly reify mark deleted [
153 silly reify   '/Users/rodrigobueno/Documents/project/fullstackweek-barber/node_modules/@next/swc-darwin-arm64'
153 silly reify ]
154 timing reifyNode:node_modules/@next/swc-win32-x64-msvc Completed in 13ms
155 timing reifyNode:node_modules/@next/swc-win32-ia32-msvc Completed in 13ms
156 timing reifyNode:node_modules/@next/swc-win32-arm64-msvc Completed in 13ms
157 timing reifyNode:node_modules/@next/swc-linux-x64-musl Completed in 13ms
158 timing reifyNode:node_modules/@next/swc-linux-x64-gnu Completed in 13ms
159 timing reifyNode:node_modules/@next/swc-linux-arm64-musl Completed in 13ms
160 timing reifyNode:node_modules/@next/swc-linux-arm64-gnu Completed in 14ms
161 timing reifyNode:node_modules/@next/swc-darwin-arm64 Completed in 14ms
162 silly tarball no local data for detect-node-es@https://registry.npmjs.org/detect-node-es/-/detect-node-es-1.1.0.tgz. Extracting by manifest.
163 silly tarball no local data for invariant@https://registry.npmjs.org/invariant/-/invariant-2.2.4.tgz. Extracting by manifest.
164 silly tarball no local data for get-nonce@https://registry.npmjs.org/get-nonce/-/get-nonce-1.0.1.tgz. Extracting by manifest.
165 silly tarball no local data for use-sidecar@https://registry.npmjs.org/use-sidecar/-/use-sidecar-1.1.2.tgz. Extracting by manifest.
166 silly tarball no local data for use-callback-ref@https://registry.npmjs.org/use-callback-ref/-/use-callback-ref-1.3.1.tgz. Extracting by manifest.
167 silly tarball no local data for react-style-singleton@https://registry.npmjs.org/react-style-singleton/-/react-style-singleton-2.2.1.tgz. Extracting by manifest.
168 silly tarball no local data for react-remove-scroll-bar@https://registry.npmjs.org/react-remove-scroll-bar/-/react-remove-scroll-bar-2.3.4.tgz. Extracting by manifest.
169 silly tarball no local data for react-remove-scroll@https://registry.npmjs.org/react-remove-scroll/-/react-remove-scroll-2.5.5.tgz. Extracting by manifest.
170 silly tarball no local data for aria-hidden@https://registry.npmjs.org/aria-hidden/-/aria-hidden-1.2.3.tgz. Extracting by manifest.
171 silly tarball no local data for @radix-ui/react-use-controllable-state@https://registry.npmjs.org/@radix-ui/react-use-controllable-state/-/react-use-controllable-state-1.0.1.tgz. Extracting by manifest.
172 silly tarball no local data for @radix-ui/react-presence@https://registry.npmjs.org/@radix-ui/react-presence/-/react-presence-1.0.1.tgz. Extracting by manifest.
173 silly tarball no local data for @radix-ui/react-portal@https://registry.npmjs.org/@radix-ui/react-portal/-/react-portal-1.0.4.tgz. Extracting by manifest.
174 silly tarball no local data for @radix-ui/react-id@https://registry.npmjs.org/@radix-ui/react-id/-/react-id-1.0.1.tgz. Extracting by manifest.
175 silly tarball no local data for @radix-ui/react-focus-scope@https://registry.npmjs.org/@radix-ui/react-focus-scope/-/react-focus-scope-1.0.4.tgz. Extracting by manifest.
176 silly tarball no local data for @radix-ui/react-dismissable-layer@https://registry.npmjs.org/@radix-ui/react-dismissable-layer/-/react-dismissable-layer-1.0.5.tgz. Extracting by manifest.
177 silly tarball no local data for @radix-ui/react-focus-guards@https://registry.npmjs.org/@radix-ui/react-focus-guards/-/react-focus-guards-1.0.1.tgz. Extracting by manifest.
178 silly tarball no local data for @radix-ui/react-use-escape-keydown@https://registry.npmjs.org/@radix-ui/react-use-escape-keydown/-/react-use-escape-keydown-1.0.3.tgz. Extracting by manifest.
179 silly tarball no local data for @radix-ui/primitive@https://registry.npmjs.org/@radix-ui/primitive/-/primitive-1.0.1.tgz. Extracting by manifest.
180 silly tarball no local data for @radix-ui/react-dialog@https://registry.npmjs.org/@radix-ui/react-dialog/-/react-dialog-1.0.5.tgz. Extracting by manifest.
181 http fetch GET 200 https://registry.npmjs.org/detect-node-es/-/detect-node-es-1.1.0.tgz 112ms (cache miss)
182 timing reifyNode:node_modules/detect-node-es Completed in 136ms
183 http fetch GET 200 https://registry.npmjs.org/invariant/-/invariant-2.2.4.tgz 115ms (cache miss)
184 timing reifyNode:node_modules/invariant Completed in 139ms
185 http fetch GET 200 https://registry.npmjs.org/get-nonce/-/get-nonce-1.0.1.tgz 132ms (cache miss)
186 timing reifyNode:node_modules/get-nonce Completed in 157ms
187 http fetch GET 200 https://registry.npmjs.org/react-remove-scroll-bar/-/react-remove-scroll-bar-2.3.4.tgz 142ms (cache miss)
188 http fetch GET 200 https://registry.npmjs.org/aria-hidden/-/aria-hidden-1.2.3.tgz 143ms (cache miss)
189 timing reifyNode:node_modules/aria-hidden Completed in 182ms
190 http fetch GET 200 https://registry.npmjs.org/react-style-singleton/-/react-style-singleton-2.2.1.tgz 166ms (cache miss)
191 timing reifyNode:node_modules/react-style-singleton Completed in 201ms
192 timing reifyNode:node_modules/react-remove-scroll-bar Completed in 204ms
193 http fetch GET 200 https://registry.npmjs.org/use-callback-ref/-/use-callback-ref-1.3.1.tgz 207ms (cache miss)
194 timing reifyNode:node_modules/use-callback-ref Completed in 238ms
195 http fetch GET 200 https://registry.npmjs.org/use-sidecar/-/use-sidecar-1.1.2.tgz 215ms (cache miss)
196 timing reifyNode:node_modules/use-sidecar Completed in 242ms
197 http fetch POST 200 https://registry.npmjs.org/-/npm/v1/security/advisories/bulk 297ms
198 timing auditReport:getReport Completed in 309ms
199 silly audit report {}
200 timing auditReport:init Completed in 0ms
201 timing reify:audit Completed in 310ms
202 http fetch GET 200 https://registry.npmjs.org/react-remove-scroll/-/react-remove-scroll-2.5.5.tgz 290ms (cache miss)
203 timing reifyNode:node_modules/react-remove-scroll Completed in 325ms
204 http fetch GET 200 https://registry.npmjs.org/@radix-ui/react-use-controllable-state/-/react-use-controllable-state-1.0.1.tgz 543ms (cache miss)
205 timing reifyNode:node_modules/@radix-ui/react-use-controllable-state Completed in 581ms
206 http fetch GET 200 https://registry.npmjs.org/@radix-ui/react-focus-scope/-/react-focus-scope-1.0.4.tgz 1115ms (cache miss)
207 timing reifyNode:node_modules/@radix-ui/react-focus-scope Completed in 1158ms
208 http fetch GET 200 https://registry.npmjs.org/@radix-ui/react-portal/-/react-portal-1.0.4.tgz 1120ms (cache miss)
209 timing reifyNode:node_modules/@radix-ui/react-portal Completed in 1161ms
210 http fetch GET 200 https://registry.npmjs.org/@radix-ui/react-id/-/react-id-1.0.1.tgz 1171ms (cache miss)
211 timing reifyNode:node_modules/@radix-ui/react-id Completed in 1213ms
212 http fetch GET 200 https://registry.npmjs.org/@radix-ui/react-dismissable-layer/-/react-dismissable-layer-1.0.5.tgz 1276ms (cache miss)
213 timing reifyNode:node_modules/@radix-ui/react-dismissable-layer Completed in 1320ms
214 http fetch GET 200 https://registry.npmjs.org/@radix-ui/react-use-escape-keydown/-/react-use-escape-keydown-1.0.3.tgz 1311ms (cache miss)
215 timing reifyNode:node_modules/@radix-ui/react-use-escape-keydown Completed in 1358ms
216 http fetch GET 200 https://registry.npmjs.org/@radix-ui/react-focus-guards/-/react-focus-guards-1.0.1.tgz 1313ms (cache miss)
217 timing reifyNode:node_modules/@radix-ui/react-focus-guards Completed in 1358ms
218 http fetch GET 200 https://registry.npmjs.org/@radix-ui/primitive/-/primitive-1.0.1.tgz 1336ms (cache miss)
219 timing reifyNode:node_modules/@radix-ui/primitive Completed in 1384ms
220 http fetch GET 200 https://registry.npmjs.org/@radix-ui/react-dialog/-/react-dialog-1.0.5.tgz 1347ms (cache miss)
221 timing reifyNode:node_modules/@radix-ui/react-dialog Completed in 1397ms
222 http fetch GET 200 https://registry.npmjs.org/@radix-ui/react-presence/-/react-presence-1.0.1.tgz 1415ms (cache miss)
223 timing reifyNode:node_modules/@radix-ui/react-presence Completed in 1454ms
224 timing reify:unpack Completed in 1456ms
225 timing reify:unretire Completed in 1ms
226 timing build:queue Completed in 1ms
227 timing build:deps Completed in 3ms
228 timing build Completed in 3ms
229 timing reify:build Completed in 4ms
230 timing reify:trash Completed in 1ms
231 timing reify:save Completed in 381ms
232 timing reify Completed in 13151ms
233 silly ADD node_modules/detect-node-es
234 silly ADD node_modules/invariant
235 silly ADD node_modules/get-nonce
236 silly ADD node_modules/use-sidecar
237 silly ADD node_modules/use-callback-ref
238 silly ADD node_modules/react-style-singleton
239 silly ADD node_modules/react-remove-scroll-bar
240 silly ADD node_modules/@radix-ui/react-use-escape-keydown
241 silly ADD node_modules/react-remove-scroll
242 silly ADD node_modules/aria-hidden
243 silly ADD node_modules/@radix-ui/react-use-controllable-state
244 silly ADD node_modules/@radix-ui/react-presence
245 silly ADD node_modules/@radix-ui/react-portal
246 silly ADD node_modules/@radix-ui/react-id
247 silly ADD node_modules/@radix-ui/react-focus-scope
248 silly ADD node_modules/@radix-ui/react-focus-guards
249 silly ADD node_modules/@radix-ui/react-dismissable-layer
250 silly ADD node_modules/@radix-ui/primitive
251 silly ADD node_modules/@radix-ui/react-dialog
252 silly ADD
253 silly ADD
254 silly ADD
255 silly ADD
256 silly ADD
257 silly ADD
258 silly ADD
259 silly ADD
260 timing command:install Completed in 13161ms
261 verbose exit 0
262 timing npm Completed in 13481ms
263 info ok
