0 verbose cli /usr/local/bin/node /usr/local/lib/node_modules/npm/bin/npm-cli.js
1 info using npm@10.3.0
2 info using node@v18.18.0
3 timing npm:load:whichnode Completed in 1ms
4 timing config:load:defaults Completed in 2ms
5 timing config:load:file:/usr/local/lib/node_modules/npm/npmrc Completed in 1ms
6 timing config:load:builtin Completed in 1ms
7 timing config:load:cli Completed in 3ms
8 timing config:load:env Completed in 1ms
9 timing config:load:file:/Users/rodrigobueno/Documents/project/fullstackweek-barber/.npmrc Completed in 0ms
10 timing config:load:project Completed in 3ms
11 timing config:load:file:/Users/rodrigobueno/.npmrc Completed in 0ms
12 timing config:load:user Completed in 1ms
13 timing config:load:file:/usr/local/etc/npmrc Completed in 1ms
14 timing config:load:global Completed in 2ms
15 timing config:load:setEnvs Completed in 0ms
16 timing config:load Completed in 13ms
17 timing npm:load:configload Completed in 13ms
18 timing config:load:flatten Completed in 2ms
19 timing npm:load:mkdirpcache Completed in 1ms
20 timing npm:load:mkdirplogs Completed in 0ms
21 verbose title npm exec shadcn-ui@latest add sheet
22 verbose argv "exec" "--" "shadcn-ui@latest" "add" "sheet"
23 timing npm:load:setTitle Completed in 24ms
24 timing npm:load:display Completed in 0ms
25 verbose logfile logs-max:10 dir:/Users/rodrigobueno/Documents/project/fullstackweek-barber/C:\Users\Firstname~1\AppData\Roaming\npm-cache/_logs/2024-02-03T16_17_57_443Z-
26 verbose logfile /Users/rodrigobueno/Documents/project/fullstackweek-barber/C:\Users\Firstname~1\AppData\Roaming\npm-cache/_logs/2024-02-03T16_17_57_443Z-debug-0.log
27 timing npm:load:logFile Completed in 11ms
28 timing npm:load:timers Completed in 0ms
29 timing npm:load:configScope Completed in 0ms
30 timing npm:load Completed in 68ms
31 silly logfile done cleaning log files
32 timing arborist:ctor Completed in 1ms
33 timing arborist:ctor Completed in 0ms
34 http fetch GET 200 https://registry.npmjs.org/npm 723ms
35 http fetch GET 200 https://registry.npmjs.org/shadcn-ui 626ms (cache miss)
36 timing arborist:ctor Completed in 0ms
37 timing arborist:ctor Completed in 0ms
