0 verbose cli /usr/local/bin/node /usr/local/bin/npm
1 info using npm@10.3.0
2 info using node@v18.18.0
3 timing npm:load:whichnode Completed in 1ms
4 timing config:load:defaults Completed in 1ms
5 timing config:load:file:/usr/local/lib/node_modules/npm/npmrc Completed in 1ms
6 timing config:load:builtin Completed in 1ms
7 timing config:load:cli Completed in 4ms
8 timing config:load:env Completed in 1ms
9 timing config:load:file:/Users/rodrigobueno/Documents/project/fullstackweek-barber/.npmrc Completed in 0ms
10 timing config:load:project Completed in 4ms
11 timing config:load:file:/Users/rodrigobueno/.npmrc Completed in 0ms
12 timing config:load:user Completed in 1ms
13 timing config:load:file:/usr/local/etc/npmrc Completed in 1ms
14 timing config:load:global Completed in 2ms
15 timing config:load:setEnvs Completed in 1ms
16 timing config:load Completed in 16ms
17 timing npm:load:configload Completed in 17ms
18 timing config:load:flatten Completed in 3ms
19 timing npm:load:mkdirpcache Completed in 1ms
20 timing npm:load:mkdirplogs Completed in 0ms
21 verbose title npm install prisma
22 verbose argv "install" "prisma" "--save-dev"
23 timing npm:load:setTitle Completed in 25ms
24 timing npm:load:display Completed in 1ms
25 verbose logfile logs-max:10 dir:/Users/rodrigobueno/Documents/project/fullstackweek-barber/C:\Users\Firstname~1\AppData\Roaming\npm-cache/_logs/2024-02-02T17_35_49_520Z-
26 verbose logfile /Users/rodrigobueno/Documents/project/fullstackweek-barber/C:\Users\Firstname~1\AppData\Roaming\npm-cache/_logs/2024-02-02T17_35_49_520Z-debug-0.log
27 timing npm:load:logFile Completed in 12ms
28 timing npm:load:timers Completed in 0ms
29 timing npm:load:configScope Completed in 0ms
30 timing npm:load Completed in 77ms
31 timing arborist:ctor Completed in 0ms
32 silly logfile done cleaning log files
33 timing idealTree:init Completed in 295ms
34 timing idealTree:userRequests Completed in 2ms
35 silly idealTree buildDeps
36 silly fetch manifest prisma@^5.9.0
37 timing arborist:ctor Completed in 0ms
38 http fetch GET 200 https://registry.npmjs.org/prisma 30838ms (cache miss)
39 silly placeDep ROOT prisma@5.9.1 REPLACE for: fullstackweek-barber@0.1.0 want: ^5.9.0
40 silly fetch manifest @prisma/engines@5.9.1
41 http fetch GET 200 https://registry.npmjs.org/@prisma%2fengines 26966ms (cache miss)
42 timing idealTree:#root Completed in 58035ms
43 silly placeDep ROOT @prisma/engines@5.9.1 OK for: prisma@5.9.1 want: 5.9.1
44 silly fetch manifest @prisma/engines-version@5.9.0-32.23fdc5965b1e05fc54e5f26ed3de66776b93de64
45 silly fetch manifest @prisma/debug@5.9.1
46 silly fetch manifest @prisma/fetch-engine@5.9.1
47 silly fetch manifest @prisma/get-platform@5.9.1
48 http fetch GET 200 https://registry.npmjs.org/@prisma%2fengines-version 50606ms (cache miss)
49 http fetch GET 200 https://registry.npmjs.org/@prisma%2fdebug 56527ms (cache miss)
50 http fetch GET 200 https://registry.npmjs.org/@prisma%2fget-platform 63120ms (cache miss)
51 http fetch GET 200 https://registry.npmjs.org/@prisma%2ffetch-engine 77627ms (cache miss)
52 timing idealTree:node_modules/prisma Completed in 77782ms
53 silly placeDep ROOT @prisma/debug@5.9.1 OK for: @prisma/engines@5.9.1 want: 5.9.1
54 silly placeDep ROOT @prisma/engines-version@5.9.0-32.23fdc5965b1e05fc54e5f26ed3de66776b93de64 OK for: @prisma/engines@5.9.1 want: 5.9.0-32.23fdc5965b1e05fc54e5f26ed3de66776b93de64
55 silly placeDep ROOT @prisma/fetch-engine@5.9.1 OK for: @prisma/engines@5.9.1 want: 5.9.1
56 silly placeDep ROOT @prisma/get-platform@5.9.1 OK for: @prisma/engines@5.9.1 want: 5.9.1
57 timing idealTree:node_modules/@prisma/engines Completed in 23ms
58 timing idealTree:node_modules/@prisma/debug Completed in 0ms
59 timing idealTree:node_modules/@prisma/engines-version Completed in 0ms
60 timing idealTree:node_modules/@prisma/fetch-engine Completed in 0ms
61 timing idealTree:node_modules/@prisma/get-platform Completed in 0ms
62 timing idealTree:buildDeps Completed in 135844ms
63 timing idealTree:fixDepFlags Completed in 6ms
64 timing idealTree Completed in 136156ms
65 timing reify:loadTrees Completed in 136157ms
66 timing reify:diffTrees Completed in 13ms
67 silly reify mark retired [
67 silly reify   '/Users/rodrigobueno/Documents/project/fullstackweek-barber/node_modules/@prisma/debug'
67 silly reify ]
68 silly reify mark retired [
68 silly reify   '/Users/rodrigobueno/Documents/project/fullstackweek-barber/node_modules/@prisma/engines'
68 silly reify ]
69 silly reify mark retired [
69 silly reify   '/Users/rodrigobueno/Documents/project/fullstackweek-barber/node_modules/@prisma/fetch-engine'
69 silly reify ]
70 silly reify mark retired [
70 silly reify   '/Users/rodrigobueno/Documents/project/fullstackweek-barber/node_modules/@prisma/get-platform'
70 silly reify ]
71 silly reify mark retired [
71 silly reify   '/Users/rodrigobueno/Documents/project/fullstackweek-barber/node_modules/prisma',
71 silly reify   '/Users/rodrigobueno/Documents/project/fullstackweek-barber/node_modules/.bin/prisma'
71 silly reify ]
72 silly reify moves {
72 silly reify   '/Users/rodrigobueno/Documents/project/fullstackweek-barber/node_modules/@prisma/debug': '/Users/rodrigobueno/Documents/project/fullstackweek-barber/node_modules/@prisma/.debug-fBoKggja',
72 silly reify   '/Users/rodrigobueno/Documents/project/fullstackweek-barber/node_modules/@prisma/engines': '/Users/rodrigobueno/Documents/project/fullstackweek-barber/node_modules/@prisma/.engines-WNXpDe2T',
72 silly reify   '/Users/rodrigobueno/Documents/project/fullstackweek-barber/node_modules/@prisma/fetch-engine': '/Users/rodrigobueno/Documents/project/fullstackweek-barber/node_modules/@prisma/.fetch-engine-lQQnvfof',
72 silly reify   '/Users/rodrigobueno/Documents/project/fullstackweek-barber/node_modules/@prisma/get-platform': '/Users/rodrigobueno/Documents/project/fullstackweek-barber/node_modules/@prisma/.get-platform-dDkqAuRb',
72 silly reify   '/Users/rodrigobueno/Documents/project/fullstackweek-barber/node_modules/prisma': '/Users/rodrigobueno/Documents/project/fullstackweek-barber/node_modules/.prisma-rw7IIEO7',
72 silly reify   '/Users/rodrigobueno/Documents/project/fullstackweek-barber/node_modules/.bin/prisma': '/Users/rodrigobueno/Documents/project/fullstackweek-barber/node_modules/.bin/.prisma-vXFGSaP3'
72 silly reify }
73 timing reify:retireShallow Completed in 8ms
74 timing reify:createSparse Completed in 2ms
75 timing reify:loadBundles Completed in 0ms
76 silly audit bulk request {
76 silly audit   '@aashutoshrathi/word-wrap': [ '1.2.6' ],
76 silly audit   '@alloc/quick-lru': [ '5.2.0' ],
76 silly audit   '@babel/runtime': [ '7.23.9' ],
76 silly audit   '@cspotcode/source-map-support': [ '0.8.1' ],
76 silly audit   '@jridgewell/trace-mapping': [ '0.3.9', '0.3.22' ],
76 silly audit   '@eslint-community/eslint-utils': [ '4.4.0' ],
76 silly audit   '@eslint-community/regexpp': [ '4.10.0' ],
76 silly audit   '@eslint/eslintrc': [ '2.1.4' ],
76 silly audit   '@eslint/js': [ '8.56.0' ],
76 silly audit   '@humanwhocodes/config-array': [ '0.11.14' ],
76 silly audit   '@humanwhocodes/module-importer': [ '1.0.1' ],
76 silly audit   '@humanwhocodes/object-schema': [ '2.0.2' ],
76 silly audit   '@isaacs/cliui': [ '8.0.2' ],
76 silly audit   'ansi-regex': [ '6.0.1', '5.0.1' ],
76 silly audit   'strip-ansi': [ '7.1.0', '6.0.1' ],
76 silly audit   '@jridgewell/gen-mapping': [ '0.3.3' ],
76 silly audit   '@jridgewell/resolve-uri': [ '3.1.1' ],
76 silly audit   '@jridgewell/set-array': [ '1.1.2' ],
76 silly audit   '@jridgewell/sourcemap-codec': [ '1.4.15' ],
76 silly audit   '@next/env': [ '14.1.0' ],
76 silly audit   '@next/eslint-plugin-next': [ '14.1.0' ],
76 silly audit   '@next/swc-darwin-arm64': [ '14.1.0' ],
76 silly audit   '@next/swc-darwin-x64': [ '14.1.0' ],
76 silly audit   '@next/swc-linux-arm64-gnu': [ '14.1.0' ],
76 silly audit   '@next/swc-linux-arm64-musl': [ '14.1.0' ],
76 silly audit   '@next/swc-linux-x64-gnu': [ '14.1.0' ],
76 silly audit   '@next/swc-linux-x64-musl': [ '14.1.0' ],
76 silly audit   '@next/swc-win32-arm64-msvc': [ '14.1.0' ],
76 silly audit   '@next/swc-win32-ia32-msvc': [ '14.1.0' ],
76 silly audit   '@next/swc-win32-x64-msvc': [ '14.1.0' ],
76 silly audit   '@nodelib/fs.scandir': [ '2.1.5' ],
76 silly audit   '@nodelib/fs.stat': [ '2.0.5' ],
76 silly audit   '@nodelib/fs.walk': [ '1.2.8' ],
76 silly audit   '@pkgjs/parseargs': [ '0.11.0' ],
76 silly audit   '@prisma/client': [ '5.9.0' ],
76 silly audit   '@radix-ui/react-avatar': [ '1.0.4' ],
76 silly audit   '@radix-ui/react-compose-refs': [ '1.0.1' ],
76 silly audit   '@radix-ui/react-context': [ '1.0.1' ],
76 silly audit   '@radix-ui/react-primitive': [ '1.0.3' ],
76 silly audit   '@radix-ui/react-slot': [ '1.0.2' ],
76 silly audit   '@radix-ui/react-use-callback-ref': [ '1.0.1' ],
76 silly audit   '@radix-ui/react-use-layout-effect': [ '1.0.1' ],
76 silly audit   '@rushstack/eslint-patch': [ '1.7.2' ],
76 silly audit   '@swc/helpers': [ '0.5.2' ],
76 silly audit   '@tsconfig/node10': [ '1.0.9' ],
76 silly audit   '@tsconfig/node12': [ '1.0.11' ],
76 silly audit   '@tsconfig/node14': [ '1.0.3' ],
76 silly audit   '@tsconfig/node16': [ '1.0.4' ],
76 silly audit   '@types/json5': [ '0.0.29' ],
76 silly audit   '@types/node': [ '20.11.10' ],
76 silly audit   '@types/prop-types': [ '15.7.11' ],
76 silly audit   '@types/react': [ '18.2.48' ],
76 silly audit   '@types/react-dom': [ '18.2.18' ],
76 silly audit   '@types/scheduler': [ '0.16.8' ],
76 silly audit   '@typescript-eslint/parser': [ '6.20.0' ],
76 silly audit   '@typescript-eslint/scope-manager': [ '6.20.0' ],
76 silly audit   '@typescript-eslint/types': [ '6.20.0' ],
76 silly audit   '@typescript-eslint/typescript-estree': [ '6.20.0' ],
76 silly audit   'brace-expansion': [ '2.0.1', '1.1.11' ],
76 silly audit   minimatch: [ '9.0.3', '3.1.2' ],
76 silly audit   '@typescript-eslint/visitor-keys': [ '6.20.0' ],
76 silly audit   '@ungap/structured-clone': [ '1.2.0' ],
76 silly audit   acorn: [ '8.11.3' ],
76 silly audit   'acorn-jsx': [ '5.3.2' ],
76 silly audit   'acorn-walk': [ '8.3.2' ],
76 silly audit   ajv: [ '6.12.6' ],
76 silly audit   'ansi-styles': [ '4.3.0', '6.2.1' ],
76 silly audit   'any-promise': [ '1.3.0' ],
76 silly audit   anymatch: [ '3.1.3' ],
76 silly audit   arg: [ '5.0.2', '4.1.3' ],
76 silly audit   argparse: [ '2.0.1' ],
76 silly audit   'aria-query': [ '5.3.0' ],
76 silly audit   'array-buffer-byte-length': [ '1.0.0' ],
76 silly audit   'array-includes': [ '3.1.7' ],
76 silly audit   'array-union': [ '2.1.0' ],
76 silly audit   'array.prototype.findlastindex': [ '1.2.3' ],
76 silly audit   'array.prototype.flat': [ '1.3.2' ],
76 silly audit   'array.prototype.flatmap': [ '1.3.2' ],
76 silly audit   'array.prototype.tosorted': [ '1.1.2' ],
76 silly audit   'arraybuffer.prototype.slice': [ '1.0.2' ],
76 silly audit   'ast-types-flow': [ '0.0.8' ],
76 silly audit   'asynciterator.prototype': [ '1.0.0' ],
76 silly audit   autoprefixer: [ '10.4.17' ],
76 silly audit   'available-typed-arrays': [ '1.0.5' ],
76 silly audit   'axe-core': [ '4.7.0' ],
76 silly audit   'axobject-query': [ '3.2.1' ],
76 silly audit   'balanced-match': [ '1.0.2' ],
76 silly audit   'binary-extensions': [ '2.2.0' ],
76 silly audit   braces: [ '3.0.2' ],
76 silly audit   browserslist: [ '4.22.3' ],
76 silly audit   busboy: [ '1.6.0' ],
76 silly audit   'call-bind': [ '1.0.5' ],
76 silly audit   callsites: [ '3.1.0' ],
76 silly audit   'camelcase-css': [ '2.0.1' ],
76 silly audit   'caniuse-lite': [ '1.0.30001581' ],
76 silly audit   chalk: [ '4.1.2' ],
76 silly audit   chokidar: [ '3.5.3' ],
76 silly audit   'glob-parent': [ '5.1.2', '6.0.2' ],
76 silly audit   'class-variance-authority': [ '0.7.0' ],
76 silly audit   clsx: [ '2.0.0', '2.1.0' ],
76 silly audit   'client-only': [ '0.0.1' ],
76 silly audit   'color-convert': [ '2.0.1' ],
76 silly audit   'color-name': [ '1.1.4' ],
76 silly audit   commander: [ '4.1.1' ],
76 silly audit   'concat-map': [ '0.0.1' ],
76 silly audit   'create-require': [ '1.1.1' ],
76 silly audit   'cross-spawn': [ '7.0.3' ],
76 silly audit   cssesc: [ '3.0.0' ],
76 silly audit   csstype: [ '3.1.3' ],
76 silly audit   'damerau-levenshtein': [ '1.0.8' ],
76 silly audit   'date-fns': [ '3.3.1' ],
76 silly audit   debug: [ '4.3.4', '3.2.7' ],
76 silly audit   'deep-is': [ '0.1.4' ],
76 silly audit   'define-data-property': [ '1.1.1' ],
76 silly audit   'define-properties': [ '1.2.1' ],
76 silly audit   dequal: [ '2.0.3' ],
76 silly audit   didyoumean: [ '1.2.2' ],
76 silly audit   diff: [ '4.0.2' ],
76 silly audit   'dir-glob': [ '3.0.1' ],
76 silly audit   dlv: [ '1.1.3' ],
76 silly audit   doctrine: [ '3.0.0', '2.1.0' ],
76 silly audit   eastasianwidth: [ '0.2.0' ],
76 silly audit   'electron-to-chromium': [ '1.4.650' ],
76 silly audit   'emoji-regex': [ '9.2.2', '8.0.0' ],
76 silly audit   'enhanced-resolve': [ '5.15.0' ],
76 silly audit   'es-abstract': [ '1.22.3' ],
76 silly audit   'es-iterator-helpers': [ '1.0.15' ],
76 silly audit   'es-set-tostringtag': [ '2.0.2' ],
76 silly audit   'es-shim-unscopables': [ '1.0.2' ],
76 silly audit   'es-to-primitive': [ '1.2.1' ],
76 silly audit   escalade: [ '3.1.1' ],
76 silly audit   'escape-string-regexp': [ '4.0.0' ],
76 silly audit   eslint: [ '8.56.0' ],
76 silly audit   'eslint-config-next': [ '14.1.0' ],
76 silly audit   'eslint-import-resolver-node': [ '0.3.9' ],
76 silly audit   'eslint-import-resolver-typescript': [ '3.6.1' ],
76 silly audit   'eslint-module-utils': [ '2.8.0' ],
76 silly audit   'eslint-plugin-import': [ '2.29.1' ],
76 silly audit   semver: [ '6.3.1', '7.5.4' ],
76 silly audit   'eslint-plugin-jsx-a11y': [ '6.8.0' ],
76 silly audit   'eslint-plugin-react': [ '7.33.2' ],
76 silly audit   'eslint-plugin-react-hooks': [ '4.6.0' ],
76 silly audit   resolve: [ '2.0.0-next.5', '1.22.8' ],
76 silly audit   'eslint-scope': [ '7.2.2' ],
76 silly audit   'eslint-visitor-keys': [ '3.4.3' ],
76 silly audit   espree: [ '9.6.1' ],
76 silly audit   esquery: [ '1.5.0' ],
76 silly audit   esrecurse: [ '4.3.0' ],
76 silly audit   estraverse: [ '5.3.0' ],
76 silly audit   esutils: [ '2.0.3' ],
76 silly audit   'fast-deep-equal': [ '3.1.3' ],
76 silly audit   'fast-glob': [ '3.3.2' ],
76 silly audit   'fast-json-stable-stringify': [ '2.1.0' ],
76 silly audit   'fast-levenshtein': [ '2.0.6' ],
76 silly audit   fastq: [ '1.17.0' ],
76 silly audit   'file-entry-cache': [ '6.0.1' ],
76 silly audit   'fill-range': [ '7.0.1' ],
76 silly audit   'find-up': [ '5.0.0' ],
76 silly audit   'flat-cache': [ '3.2.0' ],
76 silly audit   flatted: [ '3.2.9' ],
76 silly audit   'for-each': [ '0.3.3' ],
76 silly audit   'foreground-child': [ '3.1.1' ],
76 silly audit   'fraction.js': [ '4.3.7' ],
76 silly audit   'fs.realpath': [ '1.0.0' ],
76 silly audit   fsevents: [ '2.3.3' ],
76 silly audit   'function-bind': [ '1.1.2' ],
76 silly audit   'function.prototype.name': [ '1.1.6' ],
76 silly audit   'functions-have-names': [ '1.2.3' ],
76 silly audit   'get-intrinsic': [ '1.2.2' ],
76 silly audit   'get-symbol-description': [ '1.0.0' ],
76 silly audit   'get-tsconfig': [ '4.7.2' ],
76 silly audit   glob: [ '10.3.10', '7.2.3' ],
76 silly audit   globals: [ '13.24.0' ],
76 silly audit   globalthis: [ '1.0.3' ],
76 silly audit   globby: [ '11.1.0' ],
76 silly audit   gopd: [ '1.0.1' ],
76 silly audit   'graceful-fs': [ '4.2.11' ],
76 silly audit   graphemer: [ '1.4.0' ],
76 silly audit   'has-bigints': [ '1.0.2' ],
76 silly audit   'has-flag': [ '4.0.0' ],
76 silly audit   'has-property-descriptors': [ '1.0.1' ],
76 silly audit   'has-proto': [ '1.0.1' ],
76 silly audit   'has-symbols': [ '1.0.3' ],
76 silly audit   'has-tostringtag': [ '1.0.0' ],
76 silly audit   hasown: [ '2.0.0' ],
76 silly audit   ignore: [ '5.3.0' ],
76 silly audit   'import-fresh': [ '3.3.0' ],
76 silly audit   imurmurhash: [ '0.1.4' ],
76 silly audit   inflight: [ '1.0.6' ],
76 silly audit   inherits: [ '2.0.4' ],
76 silly audit   'internal-slot': [ '1.0.6' ],
76 silly audit   'is-array-buffer': [ '3.0.2' ],
76 silly audit   'is-async-function': [ '2.0.0' ],
76 silly audit   'is-bigint': [ '1.0.4' ],
76 silly audit   'is-binary-path': [ '2.1.0' ],
76 silly audit   'is-boolean-object': [ '1.1.2' ],
76 silly audit   'is-callable': [ '1.2.7' ],
76 silly audit   'is-core-module': [ '2.13.1' ],
76 silly audit   'is-date-object': [ '1.0.5' ],
76 silly audit   'is-extglob': [ '2.1.1' ],
76 silly audit   'is-finalizationregistry': [ '1.0.2' ],
76 silly audit   'is-fullwidth-code-point': [ '3.0.0' ],
76 silly audit   'is-generator-function': [ '1.0.10' ],
76 silly audit   'is-glob': [ '4.0.3' ],
76 silly audit   'is-map': [ '2.0.2' ],
76 silly audit   'is-negative-zero': [ '2.0.2' ],
76 silly audit   'is-number': [ '7.0.0' ],
76 silly audit   'is-number-object': [ '1.0.7' ],
76 silly audit   'is-path-inside': [ '3.0.3' ],
76 silly audit   'is-regex': [ '1.1.4' ],
76 silly audit   'is-set': [ '2.0.2' ],
76 silly audit   'is-shared-array-buffer': [ '1.0.2' ],
76 silly audit   'is-string': [ '1.0.7' ],
76 silly audit   'is-symbol': [ '1.0.4' ],
76 silly audit   'is-typed-array': [ '1.1.12' ],
76 silly audit   'is-weakmap': [ '2.0.1' ],
76 silly audit   'is-weakref': [ '1.0.2' ],
76 silly audit   'is-weakset': [ '2.0.2' ],
76 silly audit   isarray: [ '2.0.5' ],
76 silly audit   isexe: [ '2.0.0' ],
76 silly audit   'iterator.prototype': [ '1.1.2' ],
76 silly audit   jackspeak: [ '2.3.6' ],
76 silly audit   jiti: [ '1.21.0' ],
76 silly audit   'js-tokens': [ '4.0.0' ],
76 silly audit   'js-yaml': [ '4.1.0' ],
76 silly audit   'json-buffer': [ '3.0.1' ],
76 silly audit   'json-schema-traverse': [ '0.4.1' ],
76 silly audit   'json-stable-stringify-without-jsonify': [ '1.0.1' ],
76 silly audit   json5: [ '1.0.2' ],
76 silly audit   'jsx-ast-utils': [ '3.3.5' ],
76 silly audit   keyv: [ '4.5.4' ],
76 silly audit   'language-subtag-registry': [ '0.3.22' ],
76 silly audit   'language-tags': [ '1.0.9' ],
76 silly audit   levn: [ '0.4.1' ],
76 silly audit   lilconfig: [ '2.1.0', '3.0.0' ],
76 silly audit   'lines-and-columns': [ '1.2.4' ],
76 silly audit   'locate-path': [ '6.0.0' ],
76 silly audit   'lodash.merge': [ '4.6.2' ],
76 silly audit   'loose-envify': [ '1.4.0' ],
76 silly audit   'lru-cache': [ '10.2.0', '6.0.0' ],
76 silly audit   'lucide-react': [ '0.320.0' ],
76 silly audit   'make-error': [ '1.3.6' ],
76 silly audit   merge2: [ '1.4.1' ],
76 silly audit   micromatch: [ '4.0.5' ],
76 silly audit   minimist: [ '1.2.8' ],
76 silly audit   minipass: [ '7.0.4' ],
76 silly audit   ms: [ '2.1.2' ],
76 silly audit   mz: [ '2.7.0' ],
76 silly audit   nanoid: [ '3.3.7' ],
76 silly audit   'natural-compare': [ '1.4.0' ],
76 silly audit   next: [ '14.1.0' ],
76 silly audit   postcss: [ '8.4.31', '8.4.33' ],
76 silly audit   'node-releases': [ '2.0.14' ],
76 silly audit   'normalize-path': [ '3.0.0' ],
76 silly audit   'normalize-range': [ '0.1.2' ],
76 silly audit   'object-assign': [ '4.1.1' ],
76 silly audit   'object-hash': [ '3.0.0' ],
76 silly audit   'object-inspect': [ '1.13.1' ],
76 silly audit   'object-keys': [ '1.1.1' ],
76 silly audit   'object.assign': [ '4.1.5' ],
76 silly audit   'object.entries': [ '1.1.7' ],
76 silly audit   'object.fromentries': [ '2.0.7' ],
76 silly audit   'object.groupby': [ '1.0.1' ],
76 silly audit   'object.hasown': [ '1.1.3' ],
76 silly audit   'object.values': [ '1.1.7' ],
76 silly audit   once: [ '1.4.0' ],
76 silly audit   optionator: [ '0.9.3' ],
76 silly audit   'p-limit': [ '3.1.0' ],
76 silly audit   'p-locate': [ '5.0.0' ],
76 silly audit   'parent-module': [ '1.0.1' ],
76 silly audit   'path-exists': [ '4.0.0' ],
76 silly audit   'path-is-absolute': [ '1.0.1' ],
76 silly audit   'path-key': [ '3.1.1' ],
76 silly audit   'path-parse': [ '1.0.7' ],
76 silly audit   'path-scurry': [ '1.10.1' ],
76 silly audit   'path-type': [ '4.0.0' ],
76 silly audit   picocolors: [ '1.0.0' ],
76 silly audit   picomatch: [ '2.3.1' ],
76 silly audit   pify: [ '2.3.0' ],
76 silly audit   pirates: [ '4.0.6' ],
76 silly audit   'postcss-import': [ '15.1.0' ],
76 silly audit   'postcss-js': [ '4.0.1' ],
76 silly audit   'postcss-load-config': [ '4.0.2' ],
76 silly audit   'postcss-nested': [ '6.0.1' ],
76 silly audit   'postcss-selector-parser': [ '6.0.15' ],
76 silly audit   'postcss-value-parser': [ '4.2.0' ],
76 silly audit   'prelude-ls': [ '1.2.1' ],
76 silly audit   'prop-types': [ '15.8.1' ],
76 silly audit   punycode: [ '2.3.1' ],
76 silly audit   'queue-microtask': [ '1.2.3' ],
76 silly audit   react: [ '18.2.0' ],
76 silly audit   'react-dom': [ '18.2.0' ],
76 silly audit   'react-is': [ '16.13.1' ],
76 silly audit   'read-cache': [ '1.0.0' ],
76 silly audit   readdirp: [ '3.6.0' ],
76 silly audit   'reflect.getprototypeof': [ '1.0.4' ],
76 silly audit   'regenerator-runtime': [ '0.14.1' ],
76 silly audit   'regexp.prototype.flags': [ '1.5.1' ],
76 silly audit   'resolve-from': [ '4.0.0' ],
76 silly audit   'resolve-pkg-maps': [ '1.0.0' ],
76 silly audit   reusify: [ '1.0.4' ],
76 silly audit   rimraf: [ '3.0.2' ],
76 silly audit   'run-parallel': [ '1.2.0' ],
76 silly audit   'safe-array-concat': [ '1.1.0' ],
76 silly audit   'safe-regex-test': [ '1.0.2' ],
76 silly audit   scheduler: [ '0.23.0' ],
76 silly audit   'set-function-length': [ '1.2.0' ],
76 silly audit   'set-function-name': [ '2.0.1' ],
76 silly audit   'shebang-command': [ '2.0.0' ],
76 silly audit   'shebang-regex': [ '3.0.0' ],
76 silly audit   'side-channel': [ '1.0.4' ],
76 silly audit   'signal-exit': [ '4.1.0' ],
76 silly audit   slash: [ '3.0.0' ],
76 silly audit   'source-map-js': [ '1.0.2' ],
76 silly audit   streamsearch: [ '1.1.0' ],
76 silly audit   'string-width': [ '5.1.2', '4.2.3' ],
76 silly audit   'string.prototype.matchall': [ '4.0.10' ],
76 silly audit   'string.prototype.trim': [ '1.2.8' ],
76 silly audit   'string.prototype.trimend': [ '1.0.7' ],
76 silly audit   'string.prototype.trimstart': [ '1.0.7' ],
76 silly audit   'strip-bom': [ '3.0.0' ],
76 silly audit   'strip-json-comments': [ '3.1.1' ],
76 silly audit   'styled-jsx': [ '5.1.1' ],
76 silly audit   sucrase: [ '3.35.0' ],
76 silly audit   'supports-color': [ '7.2.0' ],
76 silly audit   'supports-preserve-symlinks-flag': [ '1.0.0' ],
76 silly audit   'tailwind-merge': [ '2.2.1' ],
76 silly audit   tailwindcss: [ '3.4.1' ],
76 silly audit   'tailwindcss-animate': [ '1.0.7' ],
76 silly audit   tapable: [ '2.2.1' ],
76 silly audit   'text-table': [ '0.2.0' ],
76 silly audit   thenify: [ '3.3.1' ],
76 silly audit   'thenify-all': [ '1.6.0' ],
76 silly audit   'to-regex-range': [ '5.0.1' ],
76 silly audit   'ts-api-utils': [ '1.0.3' ],
76 silly audit   'ts-interface-checker': [ '0.1.13' ],
76 silly audit   'ts-node': [ '10.9.2' ],
76 silly audit   'tsconfig-paths': [ '3.15.0' ],
76 silly audit   tslib: [ '2.6.2' ],
76 silly audit   'type-check': [ '0.4.0' ],
76 silly audit   'type-fest': [ '0.20.2' ],
76 silly audit   'typed-array-buffer': [ '1.0.0' ],
76 silly audit   'typed-array-byte-length': [ '1.0.0' ],
76 silly audit   'typed-array-byte-offset': [ '1.0.0' ],
76 silly audit   'typed-array-length': [ '1.0.4' ],
76 silly audit   typescript: [ '5.3.3' ],
76 silly audit   'unbox-primitive': [ '1.0.2' ],
76 silly audit   'undici-types': [ '5.26.5' ],
76 silly audit   'update-browserslist-db': [ '1.0.13' ],
76 silly audit   'uri-js': [ '4.4.1' ],
76 silly audit   'util-deprecate': [ '1.0.2' ],
76 silly audit   'v8-compile-cache-lib': [ '3.0.1' ],
76 silly audit   which: [ '2.0.2' ],
76 silly audit   'which-boxed-primitive': [ '1.0.2' ],
76 silly audit   'which-builtin-type': [ '1.1.3' ],
76 silly audit   'which-collection': [ '1.0.1' ],
76 silly audit   'which-typed-array': [ '1.1.13' ],
76 silly audit   'wrap-ansi': [ '8.1.0', '7.0.0' ],
76 silly audit   wrappy: [ '1.0.2' ],
76 silly audit   yallist: [ '4.0.0' ],
76 silly audit   yaml: [ '2.3.4' ],
76 silly audit   yn: [ '3.1.1' ],
76 silly audit   'yocto-queue': [ '0.1.0' ],
76 silly audit   prisma: [ '5.9.1' ],
76 silly audit   '@prisma/engines': [ '5.9.1' ],
76 silly audit   '@prisma/debug': [ '5.9.1' ],
76 silly audit   '@prisma/engines-version': [ '5.9.0-32.23fdc5965b1e05fc54e5f26ed3de66776b93de64' ],
76 silly audit   '@prisma/fetch-engine': [ '5.9.1' ],
76 silly audit   '@prisma/get-platform': [ '5.9.1' ]
76 silly audit }
77 verbose reify failed optional dependency /Users/rodrigobueno/Documents/project/fullstackweek-barber/node_modules/@next/swc-win32-x64-msvc
78 silly reify mark deleted [
78 silly reify   '/Users/rodrigobueno/Documents/project/fullstackweek-barber/node_modules/@next/swc-win32-x64-msvc'
78 silly reify ]
79 verbose reify failed optional dependency /Users/rodrigobueno/Documents/project/fullstackweek-barber/node_modules/@next/swc-win32-ia32-msvc
80 silly reify mark deleted [
80 silly reify   '/Users/rodrigobueno/Documents/project/fullstackweek-barber/node_modules/@next/swc-win32-ia32-msvc'
80 silly reify ]
81 verbose reify failed optional dependency /Users/rodrigobueno/Documents/project/fullstackweek-barber/node_modules/@next/swc-win32-arm64-msvc
82 silly reify mark deleted [
82 silly reify   '/Users/rodrigobueno/Documents/project/fullstackweek-barber/node_modules/@next/swc-win32-arm64-msvc'
82 silly reify ]
83 verbose reify failed optional dependency /Users/rodrigobueno/Documents/project/fullstackweek-barber/node_modules/@next/swc-linux-x64-musl
84 silly reify mark deleted [
84 silly reify   '/Users/rodrigobueno/Documents/project/fullstackweek-barber/node_modules/@next/swc-linux-x64-musl'
84 silly reify ]
85 verbose reify failed optional dependency /Users/rodrigobueno/Documents/project/fullstackweek-barber/node_modules/@next/swc-linux-x64-gnu
86 silly reify mark deleted [
86 silly reify   '/Users/rodrigobueno/Documents/project/fullstackweek-barber/node_modules/@next/swc-linux-x64-gnu'
86 silly reify ]
87 verbose reify failed optional dependency /Users/rodrigobueno/Documents/project/fullstackweek-barber/node_modules/@next/swc-linux-arm64-musl
88 silly reify mark deleted [
88 silly reify   '/Users/rodrigobueno/Documents/project/fullstackweek-barber/node_modules/@next/swc-linux-arm64-musl'
88 silly reify ]
89 verbose reify failed optional dependency /Users/rodrigobueno/Documents/project/fullstackweek-barber/node_modules/@next/swc-linux-arm64-gnu
90 silly reify mark deleted [
90 silly reify   '/Users/rodrigobueno/Documents/project/fullstackweek-barber/node_modules/@next/swc-linux-arm64-gnu'
90 silly reify ]
91 verbose reify failed optional dependency /Users/rodrigobueno/Documents/project/fullstackweek-barber/node_modules/@next/swc-darwin-arm64
92 silly reify mark deleted [
92 silly reify   '/Users/rodrigobueno/Documents/project/fullstackweek-barber/node_modules/@next/swc-darwin-arm64'
92 silly reify ]
93 timing reifyNode:node_modules/@next/swc-win32-x64-msvc Completed in 21ms
94 timing reifyNode:node_modules/@next/swc-win32-ia32-msvc Completed in 20ms
95 timing reifyNode:node_modules/@next/swc-win32-arm64-msvc Completed in 20ms
96 timing reifyNode:node_modules/@next/swc-linux-x64-musl Completed in 19ms
97 timing reifyNode:node_modules/@next/swc-linux-x64-gnu Completed in 20ms
98 timing reifyNode:node_modules/@next/swc-linux-arm64-musl Completed in 20ms
99 timing reifyNode:node_modules/@next/swc-linux-arm64-gnu Completed in 20ms
100 timing reifyNode:node_modules/@next/swc-darwin-arm64 Completed in 19ms
101 silly tarball no local data for prisma@https://registry.npmjs.org/prisma/-/prisma-5.9.1.tgz. Extracting by manifest.
102 silly tarball no local data for @prisma/get-platform@https://registry.npmjs.org/@prisma/get-platform/-/get-platform-5.9.1.tgz. Extracting by manifest.
103 silly tarball no local data for @prisma/fetch-engine@https://registry.npmjs.org/@prisma/fetch-engine/-/fetch-engine-5.9.1.tgz. Extracting by manifest.
104 silly tarball no local data for @prisma/engines@https://registry.npmjs.org/@prisma/engines/-/engines-5.9.1.tgz. Extracting by manifest.
105 silly tarball no local data for @prisma/debug@https://registry.npmjs.org/@prisma/debug/-/debug-5.9.1.tgz. Extracting by manifest.
106 http fetch POST 200 https://registry.npmjs.org/-/npm/v1/security/advisories/bulk 331ms
107 timing auditReport:getReport Completed in 344ms
108 silly audit report {}
109 timing auditReport:init Completed in 0ms
110 timing reify:audit Completed in 344ms
111 http fetch GET 200 https://registry.npmjs.org/@prisma/engines/-/engines-5.9.1.tgz 1505ms (cache miss)
112 timing reifyNode:node_modules/@prisma/engines Completed in 1535ms
113 http fetch GET 200 https://registry.npmjs.org/@prisma/debug/-/debug-5.9.1.tgz 1701ms (cache miss)
114 timing reifyNode:node_modules/@prisma/debug Completed in 1732ms
115 http fetch GET 200 https://registry.npmjs.org/@prisma/get-platform/-/get-platform-5.9.1.tgz 2301ms (cache miss)
116 timing reifyNode:node_modules/@prisma/get-platform Completed in 2329ms
117 http fetch GET 200 https://registry.npmjs.org/@prisma/fetch-engine/-/fetch-engine-5.9.1.tgz 7986ms (cache miss)
118 timing reifyNode:node_modules/@prisma/fetch-engine Completed in 8016ms
119 http fetch GET 200 https://registry.npmjs.org/prisma/-/prisma-5.9.1.tgz 34790ms (cache miss)
120 timing reifyNode:node_modules/prisma Completed in 34817ms
121 timing reify:unpack Completed in 34821ms
122 timing reify:unretire Completed in 0ms
123 timing build:queue Completed in 3ms
124 info run prisma@5.9.1 preinstall node_modules/prisma node scripts/preinstall-entry.js
125 info run prisma@5.9.1 preinstall { code: 0, signal: null }
126 timing build:run:preinstall:node_modules/prisma Completed in 108ms
127 timing build:run:preinstall Completed in 108ms
128 timing build:link:node_modules/prisma Completed in 4ms
129 timing build:link Completed in 4ms
130 info run @prisma/engines@5.9.1 postinstall node_modules/@prisma/engines node scripts/postinstall.js
131 info run @prisma/engines@5.9.1 postinstall { code: 0, signal: null }
132 timing build:run:postinstall:node_modules/@prisma/engines Completed in 3715ms
133 timing build:run:postinstall Completed in 3716ms
134 timing build:deps Completed in 3831ms
135 timing build Completed in 3831ms
136 timing reify:build Completed in 3832ms
137 timing reify:trash Completed in 37ms
138 timing reify:save Completed in 250ms
139 timing reify Completed in 175289ms
140 silly ADD
141 silly ADD
142 silly ADD
143 silly ADD
144 silly ADD
145 silly ADD
146 silly ADD
147 silly ADD
148 silly CHANGE node_modules/prisma
149 silly CHANGE node_modules/@prisma/get-platform
150 silly CHANGE node_modules/@prisma/fetch-engine
151 silly CHANGE node_modules/@prisma/engines
152 silly CHANGE node_modules/@prisma/debug
153 timing command:install Completed in 175302ms
154 verbose exit 0
155 timing npm Completed in 175601ms
156 info ok
