0 verbose cli /usr/local/bin/node /usr/local/bin/npm
1 info using npm@10.3.0
2 info using node@v18.18.0
3 timing npm:load:whichnode Completed in 1ms
4 timing config:load:defaults Completed in 1ms
5 timing config:load:file:/usr/local/lib/node_modules/npm/npmrc Completed in 1ms
6 timing config:load:builtin Completed in 1ms
7 timing config:load:cli Completed in 3ms
8 timing config:load:env Completed in 0ms
9 timing config:load:file:/Users/rodrigobueno/Documents/project/fullstackweek-barber/.npmrc Completed in 0ms
10 timing config:load:project Completed in 4ms
11 timing config:load:file:/Users/rodrigobueno/.npmrc Completed in 0ms
12 timing config:load:user Completed in 1ms
13 timing config:load:file:/usr/local/etc/npmrc Completed in 2ms
14 timing config:load:global Completed in 2ms
15 timing config:load:setEnvs Completed in 1ms
16 timing config:load Completed in 14ms
17 timing npm:load:configload Completed in 15ms
18 timing config:load:flatten Completed in 3ms
19 timing npm:load:mkdirpcache Completed in 0ms
20 timing npm:load:mkdirplogs Completed in 1ms
21 verbose title npm install next-auth
22 verbose argv "install" "next-auth"
23 timing npm:load:setTitle Completed in 24ms
24 timing npm:load:display Completed in 1ms
25 verbose logfile logs-max:10 dir:/Users/rodrigobueno/Documents/project/fullstackweek-barber/C:\Users\Firstname~1\AppData\Roaming\npm-cache/_logs/2024-02-03T14_07_51_697Z-
26 verbose logfile /Users/rodrigobueno/Documents/project/fullstackweek-barber/C:\Users\Firstname~1\AppData\Roaming\npm-cache/_logs/2024-02-03T14_07_51_697Z-debug-0.log
27 timing npm:load:logFile Completed in 12ms
28 timing npm:load:timers Completed in 0ms
29 timing npm:load:configScope Completed in 0ms
30 timing npm:load Completed in 74ms
31 timing arborist:ctor Completed in 1ms
32 silly logfile done cleaning log files
33 timing idealTree:init Completed in 282ms
34 timing idealTree:userRequests Completed in 1ms
35 silly idealTree buildDeps
36 silly fetch manifest next-auth@*
37 timing arborist:ctor Completed in 1ms
38 http fetch GET 200 https://registry.npmjs.org/next-auth 1813ms (cache miss)
39 silly fetch manifest next@14.1.0
40 http fetch GET 200 https://registry.npmjs.org/next 2511ms (cache miss)
41 silly fetch manifest @opentelemetry/api@^1.1.0
42 http fetch GET 200 https://registry.npmjs.org/@opentelemetry%2fapi 470ms (cache miss)
43 silly fetch manifest react@^18
44 http fetch GET 200 https://registry.npmjs.org/react 2578ms (cache miss)
45 silly fetch manifest react-dom@^18
46 http fetch GET 200 https://registry.npmjs.org/react-dom 2214ms (cache miss)
47 silly fetch manifest sass@^1.3.0
48 http fetch GET 200 https://registry.npmjs.org/sass 236ms (cache miss)
49 silly fetch manifest nodemailer@^6.6.5
50 http fetch GET 200 https://registry.npmjs.org/nodemailer 116ms (cache miss)
51 silly placeDep ROOT next-auth@4.24.5 OK for: fullstackweek-barber@0.1.0 want: *
52 silly fetch manifest @panva/hkdf@^1.0.2
53 silly fetch manifest cookie@^0.5.0
54 silly fetch manifest jose@^4.11.4
55 silly fetch manifest oauth@^0.9.15
56 silly fetch manifest openid-client@^5.4.0
57 silly fetch manifest preact@^10.6.3
58 silly fetch manifest preact-render-to-string@^5.1.19
59 silly fetch manifest uuid@^8.3.2
60 http fetch GET 200 https://registry.npmjs.org/uuid 202ms (cache miss)
61 http fetch GET 200 https://registry.npmjs.org/cookie 260ms (cache miss)
62 http fetch GET 200 https://registry.npmjs.org/preact-render-to-string 281ms (cache miss)
63 http fetch GET 200 https://registry.npmjs.org/preact 1294ms (cache miss)
64 http fetch GET 200 https://registry.npmjs.org/jose 1410ms (cache miss)
65 http fetch GET 200 https://registry.npmjs.org/oauth 1530ms (cache miss)
66 http fetch GET 200 https://registry.npmjs.org/openid-client 1751ms (cache miss)
67 http fetch GET 200 https://registry.npmjs.org/@panva%2fhkdf 1861ms (cache miss)
68 timing idealTree:#root Completed in 12083ms
69 silly placeDep ROOT @panva/hkdf@1.1.1 OK for: next-auth@4.24.5 want: ^1.0.2
70 silly placeDep ROOT cookie@0.5.0 OK for: next-auth@4.24.5 want: ^0.5.0
71 silly placeDep ROOT jose@4.15.4 OK for: next-auth@4.24.5 want: ^4.11.4
72 silly placeDep ROOT oauth@0.9.15 OK for: next-auth@4.24.5 want: ^0.9.15
73 silly placeDep ROOT openid-client@5.6.4 OK for: next-auth@4.24.5 want: ^5.4.0
74 silly fetch manifest lru-cache@^6.0.0
75 silly fetch manifest object-hash@^2.2.0
76 silly fetch manifest oidc-token-hash@^5.0.3
77 silly placeDep ROOT preact@10.19.3 OK for: next-auth@4.24.5 want: ^10.6.3
78 silly placeDep ROOT preact-render-to-string@5.2.6 OK for: next-auth@4.24.5 want: ^5.1.19
79 silly fetch manifest pretty-format@^3.8.0
80 silly placeDep ROOT uuid@8.3.2 OK for: next-auth@4.24.5 want: ^8.3.2
81 http fetch GET 200 https://registry.npmjs.org/lru-cache 156ms (cache miss)
82 http fetch GET 200 https://registry.npmjs.org/object-hash 160ms (cache miss)
83 http fetch GET 200 https://registry.npmjs.org/oidc-token-hash 950ms (cache miss)
84 http fetch GET 200 https://registry.npmjs.org/pretty-format 946ms (cache miss)
85 timing idealTree:node_modules/next-auth Completed in 972ms
86 timing idealTree:node_modules/@panva/hkdf Completed in 0ms
87 timing idealTree:node_modules/cookie Completed in 0ms
88 timing idealTree:node_modules/jose Completed in 0ms
89 timing idealTree:node_modules/oauth Completed in 0ms
90 silly placeDep node_modules/openid-client lru-cache@6.0.0 OK for: openid-client@5.6.4 want: ^6.0.0
91 silly placeDep node_modules/openid-client object-hash@2.2.0 OK for: openid-client@5.6.4 want: ^2.2.0
92 silly placeDep ROOT oidc-token-hash@5.0.3 OK for: openid-client@5.6.4 want: ^5.0.3
93 timing idealTree:node_modules/openid-client Completed in 9ms
94 timing idealTree:node_modules/oidc-token-hash Completed in 0ms
95 timing idealTree:node_modules/preact Completed in 0ms
96 silly placeDep ROOT pretty-format@3.8.0 OK for: preact-render-to-string@5.2.6 want: ^3.8.0
97 timing idealTree:node_modules/preact-render-to-string Completed in 2ms
98 timing idealTree:node_modules/pretty-format Completed in 0ms
99 timing idealTree:node_modules/uuid Completed in 0ms
100 timing idealTree:node_modules/openid-client/node_modules/lru-cache Completed in 0ms
101 timing idealTree:node_modules/openid-client/node_modules/object-hash Completed in 0ms
102 timing idealTree:buildDeps Completed in 13070ms
103 timing idealTree:fixDepFlags Completed in 4ms
104 timing idealTree Completed in 13366ms
105 timing reify:loadTrees Completed in 13367ms
106 timing reify:diffTrees Completed in 18ms
107 silly reify moves {}
108 timing reify:retireShallow Completed in 1ms
109 timing reify:createSparse Completed in 6ms
110 timing reify:loadBundles Completed in 0ms
111 silly audit bulk request {
111 silly audit   '@aashutoshrathi/word-wrap': [ '1.2.6' ],
111 silly audit   '@alloc/quick-lru': [ '5.2.0' ],
111 silly audit   '@babel/runtime': [ '7.23.9' ],
111 silly audit   '@cspotcode/source-map-support': [ '0.8.1' ],
111 silly audit   '@jridgewell/trace-mapping': [ '0.3.9', '0.3.22' ],
111 silly audit   '@eslint-community/eslint-utils': [ '4.4.0' ],
111 silly audit   '@eslint-community/regexpp': [ '4.10.0' ],
111 silly audit   '@eslint/eslintrc': [ '2.1.4' ],
111 silly audit   '@eslint/js': [ '8.56.0' ],
111 silly audit   '@humanwhocodes/config-array': [ '0.11.14' ],
111 silly audit   '@humanwhocodes/module-importer': [ '1.0.1' ],
111 silly audit   '@humanwhocodes/object-schema': [ '2.0.2' ],
111 silly audit   '@isaacs/cliui': [ '8.0.2' ],
111 silly audit   'ansi-regex': [ '6.0.1', '5.0.1' ],
111 silly audit   'strip-ansi': [ '7.1.0', '6.0.1' ],
111 silly audit   '@jridgewell/gen-mapping': [ '0.3.3' ],
111 silly audit   '@jridgewell/resolve-uri': [ '3.1.1' ],
111 silly audit   '@jridgewell/set-array': [ '1.1.2' ],
111 silly audit   '@jridgewell/sourcemap-codec': [ '1.4.15' ],
111 silly audit   '@next/env': [ '14.1.0' ],
111 silly audit   '@next/eslint-plugin-next': [ '14.1.0' ],
111 silly audit   '@next/swc-darwin-arm64': [ '14.1.0' ],
111 silly audit   '@next/swc-darwin-x64': [ '14.1.0' ],
111 silly audit   '@next/swc-linux-arm64-gnu': [ '14.1.0' ],
111 silly audit   '@next/swc-linux-arm64-musl': [ '14.1.0' ],
111 silly audit   '@next/swc-linux-x64-gnu': [ '14.1.0' ],
111 silly audit   '@next/swc-linux-x64-musl': [ '14.1.0' ],
111 silly audit   '@next/swc-win32-arm64-msvc': [ '14.1.0' ],
111 silly audit   '@next/swc-win32-ia32-msvc': [ '14.1.0' ],
111 silly audit   '@next/swc-win32-x64-msvc': [ '14.1.0' ],
111 silly audit   '@nodelib/fs.scandir': [ '2.1.5' ],
111 silly audit   '@nodelib/fs.stat': [ '2.0.5' ],
111 silly audit   '@nodelib/fs.walk': [ '1.2.8' ],
111 silly audit   '@pkgjs/parseargs': [ '0.11.0' ],
111 silly audit   '@prisma/client': [ '5.9.1' ],
111 silly audit   '@prisma/debug': [ '5.9.1' ],
111 silly audit   '@prisma/engines': [ '5.9.1' ],
111 silly audit   '@prisma/engines-version': [ '5.9.0-32.23fdc5965b1e05fc54e5f26ed3de66776b93de64' ],
111 silly audit   '@prisma/fetch-engine': [ '5.9.1' ],
111 silly audit   '@prisma/get-platform': [ '5.9.1' ],
111 silly audit   '@radix-ui/react-avatar': [ '1.0.4' ],
111 silly audit   '@radix-ui/react-compose-refs': [ '1.0.1' ],
111 silly audit   '@radix-ui/react-context': [ '1.0.1' ],
111 silly audit   '@radix-ui/react-primitive': [ '1.0.3' ],
111 silly audit   '@radix-ui/react-slot': [ '1.0.2' ],
111 silly audit   '@radix-ui/react-use-callback-ref': [ '1.0.1' ],
111 silly audit   '@radix-ui/react-use-layout-effect': [ '1.0.1' ],
111 silly audit   '@rushstack/eslint-patch': [ '1.7.2' ],
111 silly audit   '@swc/helpers': [ '0.5.2' ],
111 silly audit   '@tsconfig/node10': [ '1.0.9' ],
111 silly audit   '@tsconfig/node12': [ '1.0.11' ],
111 silly audit   '@tsconfig/node14': [ '1.0.3' ],
111 silly audit   '@tsconfig/node16': [ '1.0.4' ],
111 silly audit   '@types/json5': [ '0.0.29' ],
111 silly audit   '@types/node': [ '20.11.10' ],
111 silly audit   '@types/prop-types': [ '15.7.11' ],
111 silly audit   '@types/react': [ '18.2.48' ],
111 silly audit   '@types/react-dom': [ '18.2.18' ],
111 silly audit   '@types/scheduler': [ '0.16.8' ],
111 silly audit   '@typescript-eslint/parser': [ '6.20.0' ],
111 silly audit   '@typescript-eslint/scope-manager': [ '6.20.0' ],
111 silly audit   '@typescript-eslint/types': [ '6.20.0' ],
111 silly audit   '@typescript-eslint/typescript-estree': [ '6.20.0' ],
111 silly audit   'brace-expansion': [ '2.0.1', '1.1.11' ],
111 silly audit   minimatch: [ '9.0.3', '3.1.2' ],
111 silly audit   '@typescript-eslint/visitor-keys': [ '6.20.0' ],
111 silly audit   '@ungap/structured-clone': [ '1.2.0' ],
111 silly audit   acorn: [ '8.11.3' ],
111 silly audit   'acorn-jsx': [ '5.3.2' ],
111 silly audit   'acorn-walk': [ '8.3.2' ],
111 silly audit   ajv: [ '6.12.6' ],
111 silly audit   'ansi-styles': [ '4.3.0', '6.2.1' ],
111 silly audit   'any-promise': [ '1.3.0' ],
111 silly audit   anymatch: [ '3.1.3' ],
111 silly audit   arg: [ '5.0.2', '4.1.3' ],
111 silly audit   argparse: [ '2.0.1' ],
111 silly audit   'aria-query': [ '5.3.0' ],
111 silly audit   'array-buffer-byte-length': [ '1.0.0' ],
111 silly audit   'array-includes': [ '3.1.7' ],
111 silly audit   'array-union': [ '2.1.0' ],
111 silly audit   'array.prototype.findlastindex': [ '1.2.3' ],
111 silly audit   'array.prototype.flat': [ '1.3.2' ],
111 silly audit   'array.prototype.flatmap': [ '1.3.2' ],
111 silly audit   'array.prototype.tosorted': [ '1.1.2' ],
111 silly audit   'arraybuffer.prototype.slice': [ '1.0.2' ],
111 silly audit   'ast-types-flow': [ '0.0.8' ],
111 silly audit   'asynciterator.prototype': [ '1.0.0' ],
111 silly audit   autoprefixer: [ '10.4.17' ],
111 silly audit   'available-typed-arrays': [ '1.0.5' ],
111 silly audit   'axe-core': [ '4.7.0' ],
111 silly audit   'axobject-query': [ '3.2.1' ],
111 silly audit   'balanced-match': [ '1.0.2' ],
111 silly audit   'binary-extensions': [ '2.2.0' ],
111 silly audit   braces: [ '3.0.2' ],
111 silly audit   browserslist: [ '4.22.3' ],
111 silly audit   busboy: [ '1.6.0' ],
111 silly audit   'call-bind': [ '1.0.5' ],
111 silly audit   callsites: [ '3.1.0' ],
111 silly audit   'camelcase-css': [ '2.0.1' ],
111 silly audit   'caniuse-lite': [ '1.0.30001581' ],
111 silly audit   chalk: [ '4.1.2' ],
111 silly audit   chokidar: [ '3.5.3' ],
111 silly audit   'glob-parent': [ '5.1.2', '6.0.2' ],
111 silly audit   'class-variance-authority': [ '0.7.0' ],
111 silly audit   clsx: [ '2.0.0', '2.1.0' ],
111 silly audit   'client-only': [ '0.0.1' ],
111 silly audit   'color-convert': [ '2.0.1' ],
111 silly audit   'color-name': [ '1.1.4' ],
111 silly audit   commander: [ '4.1.1' ],
111 silly audit   'concat-map': [ '0.0.1' ],
111 silly audit   'create-require': [ '1.1.1' ],
111 silly audit   'cross-spawn': [ '7.0.3' ],
111 silly audit   cssesc: [ '3.0.0' ],
111 silly audit   csstype: [ '3.1.3' ],
111 silly audit   'damerau-levenshtein': [ '1.0.8' ],
111 silly audit   'date-fns': [ '3.3.1' ],
111 silly audit   debug: [ '4.3.4', '3.2.7' ],
111 silly audit   'deep-is': [ '0.1.4' ],
111 silly audit   'define-data-property': [ '1.1.1' ],
111 silly audit   'define-properties': [ '1.2.1' ],
111 silly audit   dequal: [ '2.0.3' ],
111 silly audit   didyoumean: [ '1.2.2' ],
111 silly audit   diff: [ '4.0.2' ],
111 silly audit   'dir-glob': [ '3.0.1' ],
111 silly audit   dlv: [ '1.1.3' ],
111 silly audit   doctrine: [ '3.0.0', '2.1.0' ],
111 silly audit   eastasianwidth: [ '0.2.0' ],
111 silly audit   'electron-to-chromium': [ '1.4.650' ],
111 silly audit   'emoji-regex': [ '9.2.2', '8.0.0' ],
111 silly audit   'enhanced-resolve': [ '5.15.0' ],
111 silly audit   'es-abstract': [ '1.22.3' ],
111 silly audit   'es-iterator-helpers': [ '1.0.15' ],
111 silly audit   'es-set-tostringtag': [ '2.0.2' ],
111 silly audit   'es-shim-unscopables': [ '1.0.2' ],
111 silly audit   'es-to-primitive': [ '1.2.1' ],
111 silly audit   escalade: [ '3.1.1' ],
111 silly audit   'escape-string-regexp': [ '4.0.0' ],
111 silly audit   eslint: [ '8.56.0' ],
111 silly audit   'eslint-config-next': [ '14.1.0' ],
111 silly audit   'eslint-import-resolver-node': [ '0.3.9' ],
111 silly audit   'eslint-import-resolver-typescript': [ '3.6.1' ],
111 silly audit   'eslint-module-utils': [ '2.8.0' ],
111 silly audit   'eslint-plugin-import': [ '2.29.1' ],
111 silly audit   semver: [ '6.3.1', '7.5.4' ],
111 silly audit   'eslint-plugin-jsx-a11y': [ '6.8.0' ],
111 silly audit   'eslint-plugin-react': [ '7.33.2' ],
111 silly audit   'eslint-plugin-react-hooks': [ '4.6.0' ],
111 silly audit   resolve: [ '2.0.0-next.5', '1.22.8' ],
111 silly audit   'eslint-scope': [ '7.2.2' ],
111 silly audit   'eslint-visitor-keys': [ '3.4.3' ],
111 silly audit   espree: [ '9.6.1' ],
111 silly audit   esquery: [ '1.5.0' ],
111 silly audit   esrecurse: [ '4.3.0' ],
111 silly audit   estraverse: [ '5.3.0' ],
111 silly audit   esutils: [ '2.0.3' ],
111 silly audit   'fast-deep-equal': [ '3.1.3' ],
111 silly audit   'fast-glob': [ '3.3.2' ],
111 silly audit   'fast-json-stable-stringify': [ '2.1.0' ],
111 silly audit   'fast-levenshtein': [ '2.0.6' ],
111 silly audit   fastq: [ '1.17.0' ],
111 silly audit   'file-entry-cache': [ '6.0.1' ],
111 silly audit   'fill-range': [ '7.0.1' ],
111 silly audit   'find-up': [ '5.0.0' ],
111 silly audit   'flat-cache': [ '3.2.0' ],
111 silly audit   flatted: [ '3.2.9' ],
111 silly audit   'for-each': [ '0.3.3' ],
111 silly audit   'foreground-child': [ '3.1.1' ],
111 silly audit   'fraction.js': [ '4.3.7' ],
111 silly audit   'fs.realpath': [ '1.0.0' ],
111 silly audit   fsevents: [ '2.3.3' ],
111 silly audit   'function-bind': [ '1.1.2' ],
111 silly audit   'function.prototype.name': [ '1.1.6' ],
111 silly audit   'functions-have-names': [ '1.2.3' ],
111 silly audit   'get-intrinsic': [ '1.2.2' ],
111 silly audit   'get-symbol-description': [ '1.0.0' ],
111 silly audit   'get-tsconfig': [ '4.7.2' ],
111 silly audit   glob: [ '10.3.10', '7.2.3' ],
111 silly audit   globals: [ '13.24.0' ],
111 silly audit   globalthis: [ '1.0.3' ],
111 silly audit   globby: [ '11.1.0' ],
111 silly audit   gopd: [ '1.0.1' ],
111 silly audit   'graceful-fs': [ '4.2.11' ],
111 silly audit   graphemer: [ '1.4.0' ],
111 silly audit   'has-bigints': [ '1.0.2' ],
111 silly audit   'has-flag': [ '4.0.0' ],
111 silly audit   'has-property-descriptors': [ '1.0.1' ],
111 silly audit   'has-proto': [ '1.0.1' ],
111 silly audit   'has-symbols': [ '1.0.3' ],
111 silly audit   'has-tostringtag': [ '1.0.0' ],
111 silly audit   hasown: [ '2.0.0' ],
111 silly audit   ignore: [ '5.3.0' ],
111 silly audit   'import-fresh': [ '3.3.0' ],
111 silly audit   imurmurhash: [ '0.1.4' ],
111 silly audit   inflight: [ '1.0.6' ],
111 silly audit   inherits: [ '2.0.4' ],
111 silly audit   'internal-slot': [ '1.0.6' ],
111 silly audit   'is-array-buffer': [ '3.0.2' ],
111 silly audit   'is-async-function': [ '2.0.0' ],
111 silly audit   'is-bigint': [ '1.0.4' ],
111 silly audit   'is-binary-path': [ '2.1.0' ],
111 silly audit   'is-boolean-object': [ '1.1.2' ],
111 silly audit   'is-callable': [ '1.2.7' ],
111 silly audit   'is-core-module': [ '2.13.1' ],
111 silly audit   'is-date-object': [ '1.0.5' ],
111 silly audit   'is-extglob': [ '2.1.1' ],
111 silly audit   'is-finalizationregistry': [ '1.0.2' ],
111 silly audit   'is-fullwidth-code-point': [ '3.0.0' ],
111 silly audit   'is-generator-function': [ '1.0.10' ],
111 silly audit   'is-glob': [ '4.0.3' ],
111 silly audit   'is-map': [ '2.0.2' ],
111 silly audit   'is-negative-zero': [ '2.0.2' ],
111 silly audit   'is-number': [ '7.0.0' ],
111 silly audit   'is-number-object': [ '1.0.7' ],
111 silly audit   'is-path-inside': [ '3.0.3' ],
111 silly audit   'is-regex': [ '1.1.4' ],
111 silly audit   'is-set': [ '2.0.2' ],
111 silly audit   'is-shared-array-buffer': [ '1.0.2' ],
111 silly audit   'is-string': [ '1.0.7' ],
111 silly audit   'is-symbol': [ '1.0.4' ],
111 silly audit   'is-typed-array': [ '1.1.12' ],
111 silly audit   'is-weakmap': [ '2.0.1' ],
111 silly audit   'is-weakref': [ '1.0.2' ],
111 silly audit   'is-weakset': [ '2.0.2' ],
111 silly audit   isarray: [ '2.0.5' ],
111 silly audit   isexe: [ '2.0.0' ],
111 silly audit   'iterator.prototype': [ '1.1.2' ],
111 silly audit   jackspeak: [ '2.3.6' ],
111 silly audit   jiti: [ '1.21.0' ],
111 silly audit   'js-tokens': [ '4.0.0' ],
111 silly audit   'js-yaml': [ '4.1.0' ],
111 silly audit   'json-buffer': [ '3.0.1' ],
111 silly audit   'json-schema-traverse': [ '0.4.1' ],
111 silly audit   'json-stable-stringify-without-jsonify': [ '1.0.1' ],
111 silly audit   json5: [ '1.0.2' ],
111 silly audit   'jsx-ast-utils': [ '3.3.5' ],
111 silly audit   keyv: [ '4.5.4' ],
111 silly audit   'language-subtag-registry': [ '0.3.22' ],
111 silly audit   'language-tags': [ '1.0.9' ],
111 silly audit   levn: [ '0.4.1' ],
111 silly audit   lilconfig: [ '2.1.0', '3.0.0' ],
111 silly audit   'lines-and-columns': [ '1.2.4' ],
111 silly audit   'locate-path': [ '6.0.0' ],
111 silly audit   'lodash.merge': [ '4.6.2' ],
111 silly audit   'loose-envify': [ '1.4.0' ],
111 silly audit   'lru-cache': [ '10.2.0', '6.0.0' ],
111 silly audit   'lucide-react': [ '0.320.0' ],
111 silly audit   'make-error': [ '1.3.6' ],
111 silly audit   merge2: [ '1.4.1' ],
111 silly audit   micromatch: [ '4.0.5' ],
111 silly audit   minimist: [ '1.2.8' ],
111 silly audit   minipass: [ '7.0.4' ],
111 silly audit   ms: [ '2.1.2' ],
111 silly audit   mz: [ '2.7.0' ],
111 silly audit   nanoid: [ '3.3.7' ],
111 silly audit   'natural-compare': [ '1.4.0' ],
111 silly audit   next: [ '14.1.0' ],
111 silly audit   postcss: [ '8.4.31', '8.4.33' ],
111 silly audit   'node-releases': [ '2.0.14' ],
111 silly audit   'normalize-path': [ '3.0.0' ],
111 silly audit   'normalize-range': [ '0.1.2' ],
111 silly audit   'object-assign': [ '4.1.1' ],
111 silly audit   'object-hash': [ '3.0.0', '2.2.0' ],
111 silly audit   'object-inspect': [ '1.13.1' ],
111 silly audit   'object-keys': [ '1.1.1' ],
111 silly audit   'object.assign': [ '4.1.5' ],
111 silly audit   'object.entries': [ '1.1.7' ],
111 silly audit   'object.fromentries': [ '2.0.7' ],
111 silly audit   'object.groupby': [ '1.0.1' ],
111 silly audit   'object.hasown': [ '1.1.3' ],
111 silly audit   'object.values': [ '1.1.7' ],
111 silly audit   once: [ '1.4.0' ],
111 silly audit   optionator: [ '0.9.3' ],
111 silly audit   'p-limit': [ '3.1.0' ],
111 silly audit   'p-locate': [ '5.0.0' ],
111 silly audit   'parent-module': [ '1.0.1' ],
111 silly audit   'path-exists': [ '4.0.0' ],
111 silly audit   'path-is-absolute': [ '1.0.1' ],
111 silly audit   'path-key': [ '3.1.1' ],
111 silly audit   'path-parse': [ '1.0.7' ],
111 silly audit   'path-scurry': [ '1.10.1' ],
111 silly audit   'path-type': [ '4.0.0' ],
111 silly audit   picocolors: [ '1.0.0' ],
111 silly audit   picomatch: [ '2.3.1' ],
111 silly audit   pify: [ '2.3.0' ],
111 silly audit   pirates: [ '4.0.6' ],
111 silly audit   'postcss-import': [ '15.1.0' ],
111 silly audit   'postcss-js': [ '4.0.1' ],
111 silly audit   'postcss-load-config': [ '4.0.2' ],
111 silly audit   'postcss-nested': [ '6.0.1' ],
111 silly audit   'postcss-selector-parser': [ '6.0.15' ],
111 silly audit   'postcss-value-parser': [ '4.2.0' ],
111 silly audit   'prelude-ls': [ '1.2.1' ],
111 silly audit   prisma: [ '5.9.1' ],
111 silly audit   'prop-types': [ '15.8.1' ],
111 silly audit   punycode: [ '2.3.1' ],
111 silly audit   'queue-microtask': [ '1.2.3' ],
111 silly audit   react: [ '18.2.0' ],
111 silly audit   'react-dom': [ '18.2.0' ],
111 silly audit   'react-is': [ '16.13.1' ],
111 silly audit   'read-cache': [ '1.0.0' ],
111 silly audit   readdirp: [ '3.6.0' ],
111 silly audit   'reflect.getprototypeof': [ '1.0.4' ],
111 silly audit   'regenerator-runtime': [ '0.14.1' ],
111 silly audit   'regexp.prototype.flags': [ '1.5.1' ],
111 silly audit   'resolve-from': [ '4.0.0' ],
111 silly audit   'resolve-pkg-maps': [ '1.0.0' ],
111 silly audit   reusify: [ '1.0.4' ],
111 silly audit   rimraf: [ '3.0.2' ],
111 silly audit   'run-parallel': [ '1.2.0' ],
111 silly audit   'safe-array-concat': [ '1.1.0' ],
111 silly audit   'safe-regex-test': [ '1.0.2' ],
111 silly audit   scheduler: [ '0.23.0' ],
111 silly audit   'set-function-length': [ '1.2.0' ],
111 silly audit   'set-function-name': [ '2.0.1' ],
111 silly audit   'shebang-command': [ '2.0.0' ],
111 silly audit   'shebang-regex': [ '3.0.0' ],
111 silly audit   'side-channel': [ '1.0.4' ],
111 silly audit   'signal-exit': [ '4.1.0' ],
111 silly audit   slash: [ '3.0.0' ],
111 silly audit   'source-map-js': [ '1.0.2' ],
111 silly audit   streamsearch: [ '1.1.0' ],
111 silly audit   'string-width': [ '5.1.2', '4.2.3' ],
111 silly audit   'string.prototype.matchall': [ '4.0.10' ],
111 silly audit   'string.prototype.trim': [ '1.2.8' ],
111 silly audit   'string.prototype.trimend': [ '1.0.7' ],
111 silly audit   'string.prototype.trimstart': [ '1.0.7' ],
111 silly audit   'strip-bom': [ '3.0.0' ],
111 silly audit   'strip-json-comments': [ '3.1.1' ],
111 silly audit   'styled-jsx': [ '5.1.1' ],
111 silly audit   sucrase: [ '3.35.0' ],
111 silly audit   'supports-color': [ '7.2.0' ],
111 silly audit   'supports-preserve-symlinks-flag': [ '1.0.0' ],
111 silly audit   'tailwind-merge': [ '2.2.1' ],
111 silly audit   tailwindcss: [ '3.4.1' ],
111 silly audit   'tailwindcss-animate': [ '1.0.7' ],
111 silly audit   tapable: [ '2.2.1' ],
111 silly audit   'text-table': [ '0.2.0' ],
111 silly audit   thenify: [ '3.3.1' ],
111 silly audit   'thenify-all': [ '1.6.0' ],
111 silly audit   'to-regex-range': [ '5.0.1' ],
111 silly audit   'ts-api-utils': [ '1.0.3' ],
111 silly audit   'ts-interface-checker': [ '0.1.13' ],
111 silly audit   'ts-node': [ '10.9.2' ],
111 silly audit   'tsconfig-paths': [ '3.15.0' ],
111 silly audit   tslib: [ '2.6.2' ],
111 silly audit   'type-check': [ '0.4.0' ],
111 silly audit   'type-fest': [ '0.20.2' ],
111 silly audit   'typed-array-buffer': [ '1.0.0' ],
111 silly audit   'typed-array-byte-length': [ '1.0.0' ],
111 silly audit   'typed-array-byte-offset': [ '1.0.0' ],
111 silly audit   'typed-array-length': [ '1.0.4' ],
111 silly audit   typescript: [ '5.3.3' ],
111 silly audit   'unbox-primitive': [ '1.0.2' ],
111 silly audit   'undici-types': [ '5.26.5' ],
111 silly audit   'update-browserslist-db': [ '1.0.13' ],
111 silly audit   'uri-js': [ '4.4.1' ],
111 silly audit   'util-deprecate': [ '1.0.2' ],
111 silly audit   'v8-compile-cache-lib': [ '3.0.1' ],
111 silly audit   which: [ '2.0.2' ],
111 silly audit   'which-boxed-primitive': [ '1.0.2' ],
111 silly audit   'which-builtin-type': [ '1.1.3' ],
111 silly audit   'which-collection': [ '1.0.1' ],
111 silly audit   'which-typed-array': [ '1.1.13' ],
111 silly audit   'wrap-ansi': [ '8.1.0', '7.0.0' ],
111 silly audit   wrappy: [ '1.0.2' ],
111 silly audit   yallist: [ '4.0.0' ],
111 silly audit   yaml: [ '2.3.4' ],
111 silly audit   yn: [ '3.1.1' ],
111 silly audit   'yocto-queue': [ '0.1.0' ],
111 silly audit   'next-auth': [ '4.24.5' ],
111 silly audit   '@panva/hkdf': [ '1.1.1' ],
111 silly audit   cookie: [ '0.5.0' ],
111 silly audit   jose: [ '4.15.4' ],
111 silly audit   oauth: [ '0.9.15' ],
111 silly audit   'openid-client': [ '5.6.4' ],
111 silly audit   preact: [ '10.19.3' ],
111 silly audit   'preact-render-to-string': [ '5.2.6' ],
111 silly audit   uuid: [ '8.3.2' ],
111 silly audit   'oidc-token-hash': [ '5.0.3' ],
111 silly audit   'pretty-format': [ '3.8.0' ]
111 silly audit }
112 verbose reify failed optional dependency /Users/rodrigobueno/Documents/project/fullstackweek-barber/node_modules/@next/swc-win32-x64-msvc
113 silly reify mark deleted [
113 silly reify   '/Users/rodrigobueno/Documents/project/fullstackweek-barber/node_modules/@next/swc-win32-x64-msvc'
113 silly reify ]
114 verbose reify failed optional dependency /Users/rodrigobueno/Documents/project/fullstackweek-barber/node_modules/@next/swc-win32-ia32-msvc
115 silly reify mark deleted [
115 silly reify   '/Users/rodrigobueno/Documents/project/fullstackweek-barber/node_modules/@next/swc-win32-ia32-msvc'
115 silly reify ]
116 verbose reify failed optional dependency /Users/rodrigobueno/Documents/project/fullstackweek-barber/node_modules/@next/swc-win32-arm64-msvc
117 silly reify mark deleted [
117 silly reify   '/Users/rodrigobueno/Documents/project/fullstackweek-barber/node_modules/@next/swc-win32-arm64-msvc'
117 silly reify ]
118 verbose reify failed optional dependency /Users/rodrigobueno/Documents/project/fullstackweek-barber/node_modules/@next/swc-linux-x64-musl
119 silly reify mark deleted [
119 silly reify   '/Users/rodrigobueno/Documents/project/fullstackweek-barber/node_modules/@next/swc-linux-x64-musl'
119 silly reify ]
120 verbose reify failed optional dependency /Users/rodrigobueno/Documents/project/fullstackweek-barber/node_modules/@next/swc-linux-x64-gnu
121 silly reify mark deleted [
121 silly reify   '/Users/rodrigobueno/Documents/project/fullstackweek-barber/node_modules/@next/swc-linux-x64-gnu'
121 silly reify ]
122 verbose reify failed optional dependency /Users/rodrigobueno/Documents/project/fullstackweek-barber/node_modules/@next/swc-linux-arm64-musl
123 silly reify mark deleted [
123 silly reify   '/Users/rodrigobueno/Documents/project/fullstackweek-barber/node_modules/@next/swc-linux-arm64-musl'
123 silly reify ]
124 verbose reify failed optional dependency /Users/rodrigobueno/Documents/project/fullstackweek-barber/node_modules/@next/swc-linux-arm64-gnu
125 silly reify mark deleted [
125 silly reify   '/Users/rodrigobueno/Documents/project/fullstackweek-barber/node_modules/@next/swc-linux-arm64-gnu'
125 silly reify ]
126 verbose reify failed optional dependency /Users/rodrigobueno/Documents/project/fullstackweek-barber/node_modules/@next/swc-darwin-arm64
127 silly reify mark deleted [
127 silly reify   '/Users/rodrigobueno/Documents/project/fullstackweek-barber/node_modules/@next/swc-darwin-arm64'
127 silly reify ]
128 timing reifyNode:node_modules/@next/swc-win32-x64-msvc Completed in 12ms
129 timing reifyNode:node_modules/@next/swc-win32-ia32-msvc Completed in 11ms
130 timing reifyNode:node_modules/@next/swc-win32-arm64-msvc Completed in 11ms
131 timing reifyNode:node_modules/@next/swc-linux-x64-musl Completed in 11ms
132 timing reifyNode:node_modules/@next/swc-linux-x64-gnu Completed in 11ms
133 timing reifyNode:node_modules/@next/swc-linux-arm64-musl Completed in 12ms
134 timing reifyNode:node_modules/@next/swc-linux-arm64-gnu Completed in 11ms
135 timing reifyNode:node_modules/@next/swc-darwin-arm64 Completed in 11ms
136 silly tarball no local data for pretty-format@https://registry.npmjs.org/pretty-format/-/pretty-format-3.8.0.tgz. Extracting by manifest.
137 silly tarball no local data for oidc-token-hash@https://registry.npmjs.org/oidc-token-hash/-/oidc-token-hash-5.0.3.tgz. Extracting by manifest.
138 silly tarball no local data for preact-render-to-string@https://registry.npmjs.org/preact-render-to-string/-/preact-render-to-string-5.2.6.tgz. Extracting by manifest.
139 silly tarball no local data for preact@https://registry.npmjs.org/preact/-/preact-10.19.3.tgz. Extracting by manifest.
140 silly tarball no local data for uuid@https://registry.npmjs.org/uuid/-/uuid-8.3.2.tgz. Extracting by manifest.
141 silly tarball no local data for oauth@https://registry.npmjs.org/oauth/-/oauth-0.9.15.tgz. Extracting by manifest.
142 silly tarball no local data for openid-client@https://registry.npmjs.org/openid-client/-/openid-client-5.6.4.tgz. Extracting by manifest.
143 silly tarball no local data for cookie@https://registry.npmjs.org/cookie/-/cookie-0.5.0.tgz. Extracting by manifest.
144 silly tarball no local data for @panva/hkdf@https://registry.npmjs.org/@panva/hkdf/-/hkdf-1.1.1.tgz. Extracting by manifest.
145 silly tarball no local data for next-auth@https://registry.npmjs.org/next-auth/-/next-auth-4.24.5.tgz. Extracting by manifest.
146 silly tarball no local data for jose@https://registry.npmjs.org/jose/-/jose-4.15.4.tgz. Extracting by manifest.
147 silly tarball no local data for object-hash@https://registry.npmjs.org/object-hash/-/object-hash-2.2.0.tgz. Extracting by manifest.
148 timing reifyNode:node_modules/openid-client/node_modules/lru-cache Completed in 67ms
149 http fetch GET 200 https://registry.npmjs.org/pretty-format/-/pretty-format-3.8.0.tgz 179ms (cache miss)
150 timing reifyNode:node_modules/pretty-format Completed in 211ms
151 http fetch GET 200 https://registry.npmjs.org/oidc-token-hash/-/oidc-token-hash-5.0.3.tgz 264ms (cache miss)
152 timing reifyNode:node_modules/oidc-token-hash Completed in 296ms
153 http fetch GET 200 https://registry.npmjs.org/uuid/-/uuid-8.3.2.tgz 297ms (cache miss)
154 timing reifyNode:node_modules/uuid Completed in 332ms
155 http fetch POST 200 https://registry.npmjs.org/-/npm/v1/security/advisories/bulk 524ms
156 timing auditReport:getReport Completed in 540ms
157 silly audit report {}
158 timing auditReport:init Completed in 0ms
159 timing reify:audit Completed in 541ms
160 http fetch GET 200 https://registry.npmjs.org/preact-render-to-string/-/preact-render-to-string-5.2.6.tgz 883ms (cache miss)
161 timing reifyNode:node_modules/preact-render-to-string Completed in 916ms
162 http fetch GET 200 https://registry.npmjs.org/preact/-/preact-10.19.3.tgz 921ms (cache miss)
163 timing reifyNode:node_modules/preact Completed in 955ms
164 http fetch GET 200 https://registry.npmjs.org/object-hash/-/object-hash-2.2.0.tgz 986ms (cache miss)
165 timing reifyNode:node_modules/openid-client/node_modules/object-hash Completed in 1027ms
166 http fetch GET 200 https://registry.npmjs.org/next-auth/-/next-auth-4.24.5.tgz 1387ms (cache miss)
167 timing reifyNode:node_modules/next-auth Completed in 1425ms
168 http fetch GET 200 https://registry.npmjs.org/oauth/-/oauth-0.9.15.tgz 1502ms (cache miss)
169 timing reifyNode:node_modules/oauth Completed in 1537ms
170 http fetch GET 200 https://registry.npmjs.org/openid-client/-/openid-client-5.6.4.tgz 1524ms (cache miss)
171 timing reifyNode:node_modules/openid-client Completed in 1561ms
172 http fetch GET 200 https://registry.npmjs.org/jose/-/jose-4.15.4.tgz 1981ms (cache miss)
173 timing reifyNode:node_modules/jose Completed in 2021ms
174 http fetch GET 200 https://registry.npmjs.org/@panva/hkdf/-/hkdf-1.1.1.tgz 2092ms (cache miss)
175 timing reifyNode:node_modules/@panva/hkdf Completed in 2129ms
176 http fetch GET 200 https://registry.npmjs.org/cookie/-/cookie-0.5.0.tgz 2107ms (cache miss)
177 timing reifyNode:node_modules/cookie Completed in 2143ms
178 timing reify:unpack Completed in 2146ms
179 timing reify:unretire Completed in 0ms
180 timing build:queue Completed in 1ms
181 timing build:link:node_modules/uuid Completed in 4ms
182 timing build:link Completed in 4ms
183 timing build:deps Completed in 6ms
184 timing build Completed in 6ms
185 timing reify:build Completed in 7ms
186 timing reify:trash Completed in 0ms
187 timing reify:save Completed in 319ms
188 timing reify Completed in 16118ms
189 silly ADD node_modules/pretty-format
190 silly ADD node_modules/oidc-token-hash
191 silly ADD node_modules/uuid
192 silly ADD node_modules/preact-render-to-string
193 silly ADD node_modules/preact
194 silly ADD node_modules/openid-client
195 silly ADD node_modules/openid-client/node_modules/object-hash
196 silly ADD node_modules/openid-client/node_modules/lru-cache
197 silly ADD node_modules/oauth
198 silly ADD node_modules/jose
199 silly ADD node_modules/cookie
200 silly ADD node_modules/@panva/hkdf
201 silly ADD node_modules/next-auth
202 silly ADD
203 silly ADD
204 silly ADD
205 silly ADD
206 silly ADD
207 silly ADD
208 silly ADD
209 silly ADD
210 timing command:install Completed in 16135ms
211 verbose exit 0
212 timing npm Completed in 16605ms
213 info ok
