0 verbose cli /usr/local/bin/node /usr/local/bin/npm
1 info using npm@10.3.0
2 info using node@v18.18.0
3 timing npm:load:whichnode Completed in 1ms
4 timing config:load:defaults Completed in 1ms
5 timing config:load:file:/usr/local/lib/node_modules/npm/npmrc Completed in 1ms
6 timing config:load:builtin Completed in 1ms
7 timing config:load:cli Completed in 3ms
8 timing config:load:env Completed in 1ms
9 timing config:load:file:/Users/rodrigobueno/Documents/project/fullstackweek-barber/.npmrc Completed in 0ms
10 timing config:load:project Completed in 4ms
11 timing config:load:file:/Users/rodrigobueno/.npmrc Completed in 0ms
12 timing config:load:user Completed in 0ms
13 timing config:load:file:/usr/local/etc/npmrc Completed in 2ms
14 timing config:load:global Completed in 2ms
15 timing config:load:setEnvs Completed in 1ms
16 timing config:load Completed in 14ms
17 timing npm:load:configload Completed in 15ms
18 timing config:load:flatten Completed in 3ms
19 timing npm:load:mkdirpcache Completed in 0ms
20 timing npm:load:mkdirplogs Completed in 0ms
21 verbose title npm i @auth/prisma-adapter
22 verbose argv "i" "@auth/prisma-adapter"
23 timing npm:load:setTitle Completed in 24ms
24 timing npm:load:display Completed in 1ms
25 verbose logfile logs-max:10 dir:/Users/rodrigobueno/Documents/project/fullstackweek-barber/C:\Users\Firstname~1\AppData\Roaming\npm-cache/_logs/2024-02-03T14_17_20_063Z-
26 verbose logfile /Users/rodrigobueno/Documents/project/fullstackweek-barber/C:\Users\Firstname~1\AppData\Roaming\npm-cache/_logs/2024-02-03T14_17_20_063Z-debug-0.log
27 timing npm:load:logFile Completed in 11ms
28 timing npm:load:timers Completed in 0ms
29 timing npm:load:configScope Completed in 0ms
30 timing npm:load Completed in 73ms
31 timing arborist:ctor Completed in 1ms
32 silly logfile done cleaning log files
33 timing idealTree:init Completed in 283ms
34 timing idealTree:userRequests Completed in 1ms
35 silly idealTree buildDeps
36 silly fetch manifest @auth/prisma-adapter@*
37 timing arborist:ctor Completed in 0ms
38 http fetch GET 200 https://registry.npmjs.org/@auth%2fprisma-adapter 2593ms (cache miss)
39 silly fetch manifest @prisma/client@^5.9.1
40 http fetch GET 200 https://registry.npmjs.org/@prisma%2fclient 2070ms (cache revalidated)
41 silly fetch manifest prisma@^5.9.1
42 http fetch GET 200 https://registry.npmjs.org/prisma 232ms (cache revalidated)
43 silly placeDep ROOT @auth/prisma-adapter@1.2.0 OK for: fullstackweek-barber@0.1.0 want: *
44 silly fetch manifest @auth/core@0.25.0
45 http fetch GET 200 https://registry.npmjs.org/@auth%2fcore 1824ms (cache miss)
46 timing idealTree:#root Completed in 7103ms
47 silly fetch manifest nodemailer@^6.8.0
48 http fetch GET 200 https://registry.npmjs.org/nodemailer 873ms (cache revalidated)
49 silly placeDep ROOT @auth/core@0.25.0 OK for: @auth/prisma-adapter@1.2.0 want: 0.25.0
50 silly fetch manifest @types/cookie@0.6.0
51 silly fetch manifest cookie@0.6.0
52 silly fetch manifest jose@^5.1.3
53 silly fetch manifest oauth4webapi@^2.4.0
54 silly fetch manifest preact@10.11.3
55 silly fetch manifest preact-render-to-string@5.2.3
56 http fetch GET 200 https://registry.npmjs.org/cookie 311ms (cache revalidated)
57 http fetch GET 200 https://registry.npmjs.org/preact 386ms (cache revalidated)
58 http fetch GET 200 https://registry.npmjs.org/oauth4webapi 1287ms (cache miss)
59 http fetch GET 200 https://registry.npmjs.org/@types%2fcookie 1354ms (cache miss)
60 http fetch GET 200 https://registry.npmjs.org/jose 1355ms (cache revalidated)
61 http fetch GET 200 https://registry.npmjs.org/preact-render-to-string 1355ms (cache revalidated)
62 timing idealTree:node_modules/@auth/prisma-adapter Completed in 2244ms
63 silly placeDep ROOT @types/cookie@0.6.0 OK for: @auth/core@0.25.0 want: 0.6.0
64 silly placeDep node_modules/@auth/core cookie@0.6.0 OK for: @auth/core@0.25.0 want: 0.6.0
65 silly placeDep node_modules/@auth/core jose@5.2.1 OK for: @auth/core@0.25.0 want: ^5.1.3
66 silly placeDep ROOT oauth4webapi@2.9.0 OK for: @auth/core@0.25.0 want: ^2.4.0
67 silly placeDep node_modules/@auth/core preact@10.11.3 OK for: @auth/core@0.25.0 want: 10.11.3
68 silly placeDep node_modules/@auth/core preact-render-to-string@5.2.3 OK for: @auth/core@0.25.0 want: 5.2.3
69 timing idealTree:node_modules/@auth/core Completed in 19ms
70 timing idealTree:node_modules/@types/cookie Completed in 0ms
71 timing idealTree:node_modules/oauth4webapi Completed in 0ms
72 timing idealTree:node_modules/@auth/core/node_modules/cookie Completed in 0ms
73 timing idealTree:node_modules/@auth/core/node_modules/jose Completed in 0ms
74 timing idealTree:node_modules/@auth/core/node_modules/preact Completed in 0ms
75 timing idealTree:node_modules/@auth/core/node_modules/preact-render-to-string Completed in 0ms
76 timing idealTree:buildDeps Completed in 9367ms
77 timing idealTree:fixDepFlags Completed in 4ms
78 timing idealTree Completed in 9666ms
79 timing reify:loadTrees Completed in 9668ms
80 timing reify:diffTrees Completed in 9ms
81 silly reify moves {}
82 timing reify:retireShallow Completed in 2ms
83 timing reify:createSparse Completed in 3ms
84 timing reify:loadBundles Completed in 0ms
85 silly audit bulk request {
85 silly audit   '@aashutoshrathi/word-wrap': [ '1.2.6' ],
85 silly audit   '@alloc/quick-lru': [ '5.2.0' ],
85 silly audit   '@babel/runtime': [ '7.23.9' ],
85 silly audit   '@cspotcode/source-map-support': [ '0.8.1' ],
85 silly audit   '@jridgewell/trace-mapping': [ '0.3.9', '0.3.22' ],
85 silly audit   '@eslint-community/eslint-utils': [ '4.4.0' ],
85 silly audit   '@eslint-community/regexpp': [ '4.10.0' ],
85 silly audit   '@eslint/eslintrc': [ '2.1.4' ],
85 silly audit   '@eslint/js': [ '8.56.0' ],
85 silly audit   '@humanwhocodes/config-array': [ '0.11.14' ],
85 silly audit   '@humanwhocodes/module-importer': [ '1.0.1' ],
85 silly audit   '@humanwhocodes/object-schema': [ '2.0.2' ],
85 silly audit   '@isaacs/cliui': [ '8.0.2' ],
85 silly audit   'ansi-regex': [ '6.0.1', '5.0.1' ],
85 silly audit   'strip-ansi': [ '7.1.0', '6.0.1' ],
85 silly audit   '@jridgewell/gen-mapping': [ '0.3.3' ],
85 silly audit   '@jridgewell/resolve-uri': [ '3.1.1' ],
85 silly audit   '@jridgewell/set-array': [ '1.1.2' ],
85 silly audit   '@jridgewell/sourcemap-codec': [ '1.4.15' ],
85 silly audit   '@next/env': [ '14.1.0' ],
85 silly audit   '@next/eslint-plugin-next': [ '14.1.0' ],
85 silly audit   '@next/swc-darwin-arm64': [ '14.1.0' ],
85 silly audit   '@next/swc-darwin-x64': [ '14.1.0' ],
85 silly audit   '@next/swc-linux-arm64-gnu': [ '14.1.0' ],
85 silly audit   '@next/swc-linux-arm64-musl': [ '14.1.0' ],
85 silly audit   '@next/swc-linux-x64-gnu': [ '14.1.0' ],
85 silly audit   '@next/swc-linux-x64-musl': [ '14.1.0' ],
85 silly audit   '@next/swc-win32-arm64-msvc': [ '14.1.0' ],
85 silly audit   '@next/swc-win32-ia32-msvc': [ '14.1.0' ],
85 silly audit   '@next/swc-win32-x64-msvc': [ '14.1.0' ],
85 silly audit   '@nodelib/fs.scandir': [ '2.1.5' ],
85 silly audit   '@nodelib/fs.stat': [ '2.0.5' ],
85 silly audit   '@nodelib/fs.walk': [ '1.2.8' ],
85 silly audit   '@panva/hkdf': [ '1.1.1' ],
85 silly audit   '@pkgjs/parseargs': [ '0.11.0' ],
85 silly audit   '@prisma/client': [ '5.9.1' ],
85 silly audit   '@prisma/debug': [ '5.9.1' ],
85 silly audit   '@prisma/engines': [ '5.9.1' ],
85 silly audit   '@prisma/engines-version': [ '5.9.0-32.23fdc5965b1e05fc54e5f26ed3de66776b93de64' ],
85 silly audit   '@prisma/fetch-engine': [ '5.9.1' ],
85 silly audit   '@prisma/get-platform': [ '5.9.1' ],
85 silly audit   '@radix-ui/react-avatar': [ '1.0.4' ],
85 silly audit   '@radix-ui/react-compose-refs': [ '1.0.1' ],
85 silly audit   '@radix-ui/react-context': [ '1.0.1' ],
85 silly audit   '@radix-ui/react-primitive': [ '1.0.3' ],
85 silly audit   '@radix-ui/react-slot': [ '1.0.2' ],
85 silly audit   '@radix-ui/react-use-callback-ref': [ '1.0.1' ],
85 silly audit   '@radix-ui/react-use-layout-effect': [ '1.0.1' ],
85 silly audit   '@rushstack/eslint-patch': [ '1.7.2' ],
85 silly audit   '@swc/helpers': [ '0.5.2' ],
85 silly audit   '@tsconfig/node10': [ '1.0.9' ],
85 silly audit   '@tsconfig/node12': [ '1.0.11' ],
85 silly audit   '@tsconfig/node14': [ '1.0.3' ],
85 silly audit   '@tsconfig/node16': [ '1.0.4' ],
85 silly audit   '@types/json5': [ '0.0.29' ],
85 silly audit   '@types/node': [ '20.11.10' ],
85 silly audit   '@types/prop-types': [ '15.7.11' ],
85 silly audit   '@types/react': [ '18.2.48' ],
85 silly audit   '@types/react-dom': [ '18.2.18' ],
85 silly audit   '@types/scheduler': [ '0.16.8' ],
85 silly audit   '@typescript-eslint/parser': [ '6.20.0' ],
85 silly audit   '@typescript-eslint/scope-manager': [ '6.20.0' ],
85 silly audit   '@typescript-eslint/types': [ '6.20.0' ],
85 silly audit   '@typescript-eslint/typescript-estree': [ '6.20.0' ],
85 silly audit   'brace-expansion': [ '2.0.1', '1.1.11' ],
85 silly audit   minimatch: [ '9.0.3', '3.1.2' ],
85 silly audit   '@typescript-eslint/visitor-keys': [ '6.20.0' ],
85 silly audit   '@ungap/structured-clone': [ '1.2.0' ],
85 silly audit   acorn: [ '8.11.3' ],
85 silly audit   'acorn-jsx': [ '5.3.2' ],
85 silly audit   'acorn-walk': [ '8.3.2' ],
85 silly audit   ajv: [ '6.12.6' ],
85 silly audit   'ansi-styles': [ '4.3.0', '6.2.1' ],
85 silly audit   'any-promise': [ '1.3.0' ],
85 silly audit   anymatch: [ '3.1.3' ],
85 silly audit   arg: [ '5.0.2', '4.1.3' ],
85 silly audit   argparse: [ '2.0.1' ],
85 silly audit   'aria-query': [ '5.3.0' ],
85 silly audit   'array-buffer-byte-length': [ '1.0.0' ],
85 silly audit   'array-includes': [ '3.1.7' ],
85 silly audit   'array-union': [ '2.1.0' ],
85 silly audit   'array.prototype.findlastindex': [ '1.2.3' ],
85 silly audit   'array.prototype.flat': [ '1.3.2' ],
85 silly audit   'array.prototype.flatmap': [ '1.3.2' ],
85 silly audit   'array.prototype.tosorted': [ '1.1.2' ],
85 silly audit   'arraybuffer.prototype.slice': [ '1.0.2' ],
85 silly audit   'ast-types-flow': [ '0.0.8' ],
85 silly audit   'asynciterator.prototype': [ '1.0.0' ],
85 silly audit   autoprefixer: [ '10.4.17' ],
85 silly audit   'available-typed-arrays': [ '1.0.5' ],
85 silly audit   'axe-core': [ '4.7.0' ],
85 silly audit   'axobject-query': [ '3.2.1' ],
85 silly audit   'balanced-match': [ '1.0.2' ],
85 silly audit   'binary-extensions': [ '2.2.0' ],
85 silly audit   braces: [ '3.0.2' ],
85 silly audit   browserslist: [ '4.22.3' ],
85 silly audit   busboy: [ '1.6.0' ],
85 silly audit   'call-bind': [ '1.0.5' ],
85 silly audit   callsites: [ '3.1.0' ],
85 silly audit   'camelcase-css': [ '2.0.1' ],
85 silly audit   'caniuse-lite': [ '1.0.30001581' ],
85 silly audit   chalk: [ '4.1.2' ],
85 silly audit   chokidar: [ '3.5.3' ],
85 silly audit   'glob-parent': [ '5.1.2', '6.0.2' ],
85 silly audit   'class-variance-authority': [ '0.7.0' ],
85 silly audit   clsx: [ '2.0.0', '2.1.0' ],
85 silly audit   'client-only': [ '0.0.1' ],
85 silly audit   'color-convert': [ '2.0.1' ],
85 silly audit   'color-name': [ '1.1.4' ],
85 silly audit   commander: [ '4.1.1' ],
85 silly audit   'concat-map': [ '0.0.1' ],
85 silly audit   cookie: [ '0.5.0', '0.6.0' ],
85 silly audit   'create-require': [ '1.1.1' ],
85 silly audit   'cross-spawn': [ '7.0.3' ],
85 silly audit   cssesc: [ '3.0.0' ],
85 silly audit   csstype: [ '3.1.3' ],
85 silly audit   'damerau-levenshtein': [ '1.0.8' ],
85 silly audit   'date-fns': [ '3.3.1' ],
85 silly audit   debug: [ '4.3.4', '3.2.7' ],
85 silly audit   'deep-is': [ '0.1.4' ],
85 silly audit   'define-data-property': [ '1.1.1' ],
85 silly audit   'define-properties': [ '1.2.1' ],
85 silly audit   dequal: [ '2.0.3' ],
85 silly audit   didyoumean: [ '1.2.2' ],
85 silly audit   diff: [ '4.0.2' ],
85 silly audit   'dir-glob': [ '3.0.1' ],
85 silly audit   dlv: [ '1.1.3' ],
85 silly audit   doctrine: [ '3.0.0', '2.1.0' ],
85 silly audit   eastasianwidth: [ '0.2.0' ],
85 silly audit   'electron-to-chromium': [ '1.4.650' ],
85 silly audit   'emoji-regex': [ '9.2.2', '8.0.0' ],
85 silly audit   'enhanced-resolve': [ '5.15.0' ],
85 silly audit   'es-abstract': [ '1.22.3' ],
85 silly audit   'es-iterator-helpers': [ '1.0.15' ],
85 silly audit   'es-set-tostringtag': [ '2.0.2' ],
85 silly audit   'es-shim-unscopables': [ '1.0.2' ],
85 silly audit   'es-to-primitive': [ '1.2.1' ],
85 silly audit   escalade: [ '3.1.1' ],
85 silly audit   'escape-string-regexp': [ '4.0.0' ],
85 silly audit   eslint: [ '8.56.0' ],
85 silly audit   'eslint-config-next': [ '14.1.0' ],
85 silly audit   'eslint-import-resolver-node': [ '0.3.9' ],
85 silly audit   'eslint-import-resolver-typescript': [ '3.6.1' ],
85 silly audit   'eslint-module-utils': [ '2.8.0' ],
85 silly audit   'eslint-plugin-import': [ '2.29.1' ],
85 silly audit   semver: [ '6.3.1', '7.5.4' ],
85 silly audit   'eslint-plugin-jsx-a11y': [ '6.8.0' ],
85 silly audit   'eslint-plugin-react': [ '7.33.2' ],
85 silly audit   'eslint-plugin-react-hooks': [ '4.6.0' ],
85 silly audit   resolve: [ '2.0.0-next.5', '1.22.8' ],
85 silly audit   'eslint-scope': [ '7.2.2' ],
85 silly audit   'eslint-visitor-keys': [ '3.4.3' ],
85 silly audit   espree: [ '9.6.1' ],
85 silly audit   esquery: [ '1.5.0' ],
85 silly audit   esrecurse: [ '4.3.0' ],
85 silly audit   estraverse: [ '5.3.0' ],
85 silly audit   esutils: [ '2.0.3' ],
85 silly audit   'fast-deep-equal': [ '3.1.3' ],
85 silly audit   'fast-glob': [ '3.3.2' ],
85 silly audit   'fast-json-stable-stringify': [ '2.1.0' ],
85 silly audit   'fast-levenshtein': [ '2.0.6' ],
85 silly audit   fastq: [ '1.17.0' ],
85 silly audit   'file-entry-cache': [ '6.0.1' ],
85 silly audit   'fill-range': [ '7.0.1' ],
85 silly audit   'find-up': [ '5.0.0' ],
85 silly audit   'flat-cache': [ '3.2.0' ],
85 silly audit   flatted: [ '3.2.9' ],
85 silly audit   'for-each': [ '0.3.3' ],
85 silly audit   'foreground-child': [ '3.1.1' ],
85 silly audit   'fraction.js': [ '4.3.7' ],
85 silly audit   'fs.realpath': [ '1.0.0' ],
85 silly audit   fsevents: [ '2.3.3' ],
85 silly audit   'function-bind': [ '1.1.2' ],
85 silly audit   'function.prototype.name': [ '1.1.6' ],
85 silly audit   'functions-have-names': [ '1.2.3' ],
85 silly audit   'get-intrinsic': [ '1.2.2' ],
85 silly audit   'get-symbol-description': [ '1.0.0' ],
85 silly audit   'get-tsconfig': [ '4.7.2' ],
85 silly audit   glob: [ '10.3.10', '7.2.3' ],
85 silly audit   globals: [ '13.24.0' ],
85 silly audit   globalthis: [ '1.0.3' ],
85 silly audit   globby: [ '11.1.0' ],
85 silly audit   gopd: [ '1.0.1' ],
85 silly audit   'graceful-fs': [ '4.2.11' ],
85 silly audit   graphemer: [ '1.4.0' ],
85 silly audit   'has-bigints': [ '1.0.2' ],
85 silly audit   'has-flag': [ '4.0.0' ],
85 silly audit   'has-property-descriptors': [ '1.0.1' ],
85 silly audit   'has-proto': [ '1.0.1' ],
85 silly audit   'has-symbols': [ '1.0.3' ],
85 silly audit   'has-tostringtag': [ '1.0.0' ],
85 silly audit   hasown: [ '2.0.0' ],
85 silly audit   ignore: [ '5.3.0' ],
85 silly audit   'import-fresh': [ '3.3.0' ],
85 silly audit   imurmurhash: [ '0.1.4' ],
85 silly audit   inflight: [ '1.0.6' ],
85 silly audit   inherits: [ '2.0.4' ],
85 silly audit   'internal-slot': [ '1.0.6' ],
85 silly audit   'is-array-buffer': [ '3.0.2' ],
85 silly audit   'is-async-function': [ '2.0.0' ],
85 silly audit   'is-bigint': [ '1.0.4' ],
85 silly audit   'is-binary-path': [ '2.1.0' ],
85 silly audit   'is-boolean-object': [ '1.1.2' ],
85 silly audit   'is-callable': [ '1.2.7' ],
85 silly audit   'is-core-module': [ '2.13.1' ],
85 silly audit   'is-date-object': [ '1.0.5' ],
85 silly audit   'is-extglob': [ '2.1.1' ],
85 silly audit   'is-finalizationregistry': [ '1.0.2' ],
85 silly audit   'is-fullwidth-code-point': [ '3.0.0' ],
85 silly audit   'is-generator-function': [ '1.0.10' ],
85 silly audit   'is-glob': [ '4.0.3' ],
85 silly audit   'is-map': [ '2.0.2' ],
85 silly audit   'is-negative-zero': [ '2.0.2' ],
85 silly audit   'is-number': [ '7.0.0' ],
85 silly audit   'is-number-object': [ '1.0.7' ],
85 silly audit   'is-path-inside': [ '3.0.3' ],
85 silly audit   'is-regex': [ '1.1.4' ],
85 silly audit   'is-set': [ '2.0.2' ],
85 silly audit   'is-shared-array-buffer': [ '1.0.2' ],
85 silly audit   'is-string': [ '1.0.7' ],
85 silly audit   'is-symbol': [ '1.0.4' ],
85 silly audit   'is-typed-array': [ '1.1.12' ],
85 silly audit   'is-weakmap': [ '2.0.1' ],
85 silly audit   'is-weakref': [ '1.0.2' ],
85 silly audit   'is-weakset': [ '2.0.2' ],
85 silly audit   isarray: [ '2.0.5' ],
85 silly audit   isexe: [ '2.0.0' ],
85 silly audit   'iterator.prototype': [ '1.1.2' ],
85 silly audit   jackspeak: [ '2.3.6' ],
85 silly audit   jiti: [ '1.21.0' ],
85 silly audit   jose: [ '4.15.4', '5.2.1' ],
85 silly audit   'js-tokens': [ '4.0.0' ],
85 silly audit   'js-yaml': [ '4.1.0' ],
85 silly audit   'json-buffer': [ '3.0.1' ],
85 silly audit   'json-schema-traverse': [ '0.4.1' ],
85 silly audit   'json-stable-stringify-without-jsonify': [ '1.0.1' ],
85 silly audit   json5: [ '1.0.2' ],
85 silly audit   'jsx-ast-utils': [ '3.3.5' ],
85 silly audit   keyv: [ '4.5.4' ],
85 silly audit   'language-subtag-registry': [ '0.3.22' ],
85 silly audit   'language-tags': [ '1.0.9' ],
85 silly audit   levn: [ '0.4.1' ],
85 silly audit   lilconfig: [ '2.1.0', '3.0.0' ],
85 silly audit   'lines-and-columns': [ '1.2.4' ],
85 silly audit   'locate-path': [ '6.0.0' ],
85 silly audit   'lodash.merge': [ '4.6.2' ],
85 silly audit   'loose-envify': [ '1.4.0' ],
85 silly audit   'lru-cache': [ '10.2.0', '6.0.0' ],
85 silly audit   'lucide-react': [ '0.320.0' ],
85 silly audit   'make-error': [ '1.3.6' ],
85 silly audit   merge2: [ '1.4.1' ],
85 silly audit   micromatch: [ '4.0.5' ],
85 silly audit   minimist: [ '1.2.8' ],
85 silly audit   minipass: [ '7.0.4' ],
85 silly audit   ms: [ '2.1.2' ],
85 silly audit   mz: [ '2.7.0' ],
85 silly audit   nanoid: [ '3.3.7' ],
85 silly audit   'natural-compare': [ '1.4.0' ],
85 silly audit   next: [ '14.1.0' ],
85 silly audit   'next-auth': [ '4.24.5' ],
85 silly audit   postcss: [ '8.4.31', '8.4.33' ],
85 silly audit   'node-releases': [ '2.0.14' ],
85 silly audit   'normalize-path': [ '3.0.0' ],
85 silly audit   'normalize-range': [ '0.1.2' ],
85 silly audit   oauth: [ '0.9.15' ],
85 silly audit   'object-assign': [ '4.1.1' ],
85 silly audit   'object-hash': [ '3.0.0', '2.2.0' ],
85 silly audit   'object-inspect': [ '1.13.1' ],
85 silly audit   'object-keys': [ '1.1.1' ],
85 silly audit   'object.assign': [ '4.1.5' ],
85 silly audit   'object.entries': [ '1.1.7' ],
85 silly audit   'object.fromentries': [ '2.0.7' ],
85 silly audit   'object.groupby': [ '1.0.1' ],
85 silly audit   'object.hasown': [ '1.1.3' ],
85 silly audit   'object.values': [ '1.1.7' ],
85 silly audit   'oidc-token-hash': [ '5.0.3' ],
85 silly audit   once: [ '1.4.0' ],
85 silly audit   'openid-client': [ '5.6.4' ],
85 silly audit   optionator: [ '0.9.3' ],
85 silly audit   'p-limit': [ '3.1.0' ],
85 silly audit   'p-locate': [ '5.0.0' ],
85 silly audit   'parent-module': [ '1.0.1' ],
85 silly audit   'path-exists': [ '4.0.0' ],
85 silly audit   'path-is-absolute': [ '1.0.1' ],
85 silly audit   'path-key': [ '3.1.1' ],
85 silly audit   'path-parse': [ '1.0.7' ],
85 silly audit   'path-scurry': [ '1.10.1' ],
85 silly audit   'path-type': [ '4.0.0' ],
85 silly audit   picocolors: [ '1.0.0' ],
85 silly audit   picomatch: [ '2.3.1' ],
85 silly audit   pify: [ '2.3.0' ],
85 silly audit   pirates: [ '4.0.6' ],
85 silly audit   'postcss-import': [ '15.1.0' ],
85 silly audit   'postcss-js': [ '4.0.1' ],
85 silly audit   'postcss-load-config': [ '4.0.2' ],
85 silly audit   'postcss-nested': [ '6.0.1' ],
85 silly audit   'postcss-selector-parser': [ '6.0.15' ],
85 silly audit   'postcss-value-parser': [ '4.2.0' ],
85 silly audit   preact: [ '10.19.3', '10.11.3' ],
85 silly audit   'preact-render-to-string': [ '5.2.6', '5.2.3' ],
85 silly audit   'prelude-ls': [ '1.2.1' ],
85 silly audit   'pretty-format': [ '3.8.0' ],
85 silly audit   prisma: [ '5.9.1' ],
85 silly audit   'prop-types': [ '15.8.1' ],
85 silly audit   punycode: [ '2.3.1' ],
85 silly audit   'queue-microtask': [ '1.2.3' ],
85 silly audit   react: [ '18.2.0' ],
85 silly audit   'react-dom': [ '18.2.0' ],
85 silly audit   'react-is': [ '16.13.1' ],
85 silly audit   'read-cache': [ '1.0.0' ],
85 silly audit   readdirp: [ '3.6.0' ],
85 silly audit   'reflect.getprototypeof': [ '1.0.4' ],
85 silly audit   'regenerator-runtime': [ '0.14.1' ],
85 silly audit   'regexp.prototype.flags': [ '1.5.1' ],
85 silly audit   'resolve-from': [ '4.0.0' ],
85 silly audit   'resolve-pkg-maps': [ '1.0.0' ],
85 silly audit   reusify: [ '1.0.4' ],
85 silly audit   rimraf: [ '3.0.2' ],
85 silly audit   'run-parallel': [ '1.2.0' ],
85 silly audit   'safe-array-concat': [ '1.1.0' ],
85 silly audit   'safe-regex-test': [ '1.0.2' ],
85 silly audit   scheduler: [ '0.23.0' ],
85 silly audit   'set-function-length': [ '1.2.0' ],
85 silly audit   'set-function-name': [ '2.0.1' ],
85 silly audit   'shebang-command': [ '2.0.0' ],
85 silly audit   'shebang-regex': [ '3.0.0' ],
85 silly audit   'side-channel': [ '1.0.4' ],
85 silly audit   'signal-exit': [ '4.1.0' ],
85 silly audit   slash: [ '3.0.0' ],
85 silly audit   'source-map-js': [ '1.0.2' ],
85 silly audit   streamsearch: [ '1.1.0' ],
85 silly audit   'string-width': [ '5.1.2', '4.2.3' ],
85 silly audit   'string.prototype.matchall': [ '4.0.10' ],
85 silly audit   'string.prototype.trim': [ '1.2.8' ],
85 silly audit   'string.prototype.trimend': [ '1.0.7' ],
85 silly audit   'string.prototype.trimstart': [ '1.0.7' ],
85 silly audit   'strip-bom': [ '3.0.0' ],
85 silly audit   'strip-json-comments': [ '3.1.1' ],
85 silly audit   'styled-jsx': [ '5.1.1' ],
85 silly audit   sucrase: [ '3.35.0' ],
85 silly audit   'supports-color': [ '7.2.0' ],
85 silly audit   'supports-preserve-symlinks-flag': [ '1.0.0' ],
85 silly audit   'tailwind-merge': [ '2.2.1' ],
85 silly audit   tailwindcss: [ '3.4.1' ],
85 silly audit   'tailwindcss-animate': [ '1.0.7' ],
85 silly audit   tapable: [ '2.2.1' ],
85 silly audit   'text-table': [ '0.2.0' ],
85 silly audit   thenify: [ '3.3.1' ],
85 silly audit   'thenify-all': [ '1.6.0' ],
85 silly audit   'to-regex-range': [ '5.0.1' ],
85 silly audit   'ts-api-utils': [ '1.0.3' ],
85 silly audit   'ts-interface-checker': [ '0.1.13' ],
85 silly audit   'ts-node': [ '10.9.2' ],
85 silly audit   'tsconfig-paths': [ '3.15.0' ],
85 silly audit   tslib: [ '2.6.2' ],
85 silly audit   'type-check': [ '0.4.0' ],
85 silly audit   'type-fest': [ '0.20.2' ],
85 silly audit   'typed-array-buffer': [ '1.0.0' ],
85 silly audit   'typed-array-byte-length': [ '1.0.0' ],
85 silly audit   'typed-array-byte-offset': [ '1.0.0' ],
85 silly audit   'typed-array-length': [ '1.0.4' ],
85 silly audit   typescript: [ '5.3.3' ],
85 silly audit   'unbox-primitive': [ '1.0.2' ],
85 silly audit   'undici-types': [ '5.26.5' ],
85 silly audit   'update-browserslist-db': [ '1.0.13' ],
85 silly audit   'uri-js': [ '4.4.1' ],
85 silly audit   'util-deprecate': [ '1.0.2' ],
85 silly audit   uuid: [ '8.3.2' ],
85 silly audit   'v8-compile-cache-lib': [ '3.0.1' ],
85 silly audit   which: [ '2.0.2' ],
85 silly audit   'which-boxed-primitive': [ '1.0.2' ],
85 silly audit   'which-builtin-type': [ '1.1.3' ],
85 silly audit   'which-collection': [ '1.0.1' ],
85 silly audit   'which-typed-array': [ '1.1.13' ],
85 silly audit   'wrap-ansi': [ '8.1.0', '7.0.0' ],
85 silly audit   wrappy: [ '1.0.2' ],
85 silly audit   yallist: [ '4.0.0' ],
85 silly audit   yaml: [ '2.3.4' ],
85 silly audit   yn: [ '3.1.1' ],
85 silly audit   'yocto-queue': [ '0.1.0' ],
85 silly audit   '@auth/prisma-adapter': [ '1.2.0' ],
85 silly audit   '@auth/core': [ '0.25.0' ],
85 silly audit   '@types/cookie': [ '0.6.0' ],
85 silly audit   oauth4webapi: [ '2.9.0' ]
85 silly audit }
86 verbose reify failed optional dependency /Users/rodrigobueno/Documents/project/fullstackweek-barber/node_modules/@next/swc-win32-x64-msvc
87 silly reify mark deleted [
87 silly reify   '/Users/rodrigobueno/Documents/project/fullstackweek-barber/node_modules/@next/swc-win32-x64-msvc'
87 silly reify ]
88 verbose reify failed optional dependency /Users/rodrigobueno/Documents/project/fullstackweek-barber/node_modules/@next/swc-win32-ia32-msvc
89 silly reify mark deleted [
89 silly reify   '/Users/rodrigobueno/Documents/project/fullstackweek-barber/node_modules/@next/swc-win32-ia32-msvc'
89 silly reify ]
90 verbose reify failed optional dependency /Users/rodrigobueno/Documents/project/fullstackweek-barber/node_modules/@next/swc-win32-arm64-msvc
91 silly reify mark deleted [
91 silly reify   '/Users/rodrigobueno/Documents/project/fullstackweek-barber/node_modules/@next/swc-win32-arm64-msvc'
91 silly reify ]
92 verbose reify failed optional dependency /Users/rodrigobueno/Documents/project/fullstackweek-barber/node_modules/@next/swc-linux-x64-musl
93 silly reify mark deleted [
93 silly reify   '/Users/rodrigobueno/Documents/project/fullstackweek-barber/node_modules/@next/swc-linux-x64-musl'
93 silly reify ]
94 verbose reify failed optional dependency /Users/rodrigobueno/Documents/project/fullstackweek-barber/node_modules/@next/swc-linux-x64-gnu
95 silly reify mark deleted [
95 silly reify   '/Users/rodrigobueno/Documents/project/fullstackweek-barber/node_modules/@next/swc-linux-x64-gnu'
95 silly reify ]
96 verbose reify failed optional dependency /Users/rodrigobueno/Documents/project/fullstackweek-barber/node_modules/@next/swc-linux-arm64-musl
97 silly reify mark deleted [
97 silly reify   '/Users/rodrigobueno/Documents/project/fullstackweek-barber/node_modules/@next/swc-linux-arm64-musl'
97 silly reify ]
98 verbose reify failed optional dependency /Users/rodrigobueno/Documents/project/fullstackweek-barber/node_modules/@next/swc-linux-arm64-gnu
99 silly reify mark deleted [
99 silly reify   '/Users/rodrigobueno/Documents/project/fullstackweek-barber/node_modules/@next/swc-linux-arm64-gnu'
99 silly reify ]
100 verbose reify failed optional dependency /Users/rodrigobueno/Documents/project/fullstackweek-barber/node_modules/@next/swc-darwin-arm64
101 silly reify mark deleted [
101 silly reify   '/Users/rodrigobueno/Documents/project/fullstackweek-barber/node_modules/@next/swc-darwin-arm64'
101 silly reify ]
102 timing reifyNode:node_modules/@next/swc-win32-x64-msvc Completed in 13ms
103 timing reifyNode:node_modules/@next/swc-win32-ia32-msvc Completed in 13ms
104 timing reifyNode:node_modules/@next/swc-win32-arm64-msvc Completed in 13ms
105 timing reifyNode:node_modules/@next/swc-linux-x64-musl Completed in 14ms
106 timing reifyNode:node_modules/@next/swc-linux-x64-gnu Completed in 14ms
107 timing reifyNode:node_modules/@next/swc-linux-arm64-musl Completed in 13ms
108 timing reifyNode:node_modules/@next/swc-linux-arm64-gnu Completed in 13ms
109 timing reifyNode:node_modules/@next/swc-darwin-arm64 Completed in 13ms
110 silly tarball no local data for @auth/prisma-adapter@https://registry.npmjs.org/@auth/prisma-adapter/-/prisma-adapter-1.2.0.tgz. Extracting by manifest.
111 silly tarball no local data for @auth/core@https://registry.npmjs.org/@auth/core/-/core-0.25.0.tgz. Extracting by manifest.
112 silly tarball no local data for oauth4webapi@https://registry.npmjs.org/oauth4webapi/-/oauth4webapi-2.9.0.tgz. Extracting by manifest.
113 silly tarball no local data for preact-render-to-string@https://registry.npmjs.org/preact-render-to-string/-/preact-render-to-string-5.2.3.tgz. Extracting by manifest.
114 silly tarball no local data for jose@https://registry.npmjs.org/jose/-/jose-5.2.1.tgz. Extracting by manifest.
115 silly tarball no local data for @types/cookie@https://registry.npmjs.org/@types/cookie/-/cookie-0.6.0.tgz. Extracting by manifest.
116 silly tarball no local data for preact@https://registry.npmjs.org/preact/-/preact-10.11.3.tgz. Extracting by manifest.
117 silly tarball no local data for cookie@https://registry.npmjs.org/cookie/-/cookie-0.6.0.tgz. Extracting by manifest.
118 http fetch GET 200 https://registry.npmjs.org/oauth4webapi/-/oauth4webapi-2.9.0.tgz 157ms (cache miss)
119 timing reifyNode:node_modules/oauth4webapi Completed in 183ms
120 http fetch GET 200 https://registry.npmjs.org/preact-render-to-string/-/preact-render-to-string-5.2.3.tgz 229ms (cache miss)
121 timing reifyNode:node_modules/@auth/core/node_modules/preact-render-to-string Completed in 256ms
122 http fetch POST 200 https://registry.npmjs.org/-/npm/v1/security/advisories/bulk 453ms
123 timing auditReport:getReport Completed in 463ms
124 silly audit report {}
125 timing auditReport:init Completed in 0ms
126 timing reify:audit Completed in 464ms
127 http fetch GET 200 https://registry.npmjs.org/jose/-/jose-5.2.1.tgz 519ms (cache miss)
128 timing reifyNode:node_modules/@auth/core/node_modules/jose Completed in 545ms
129 http fetch GET 200 https://registry.npmjs.org/@types/cookie/-/cookie-0.6.0.tgz 742ms (cache miss)
130 timing reifyNode:node_modules/@types/cookie Completed in 770ms
131 http fetch GET 200 https://registry.npmjs.org/cookie/-/cookie-0.6.0.tgz 743ms (cache miss)
132 timing reifyNode:node_modules/@auth/core/node_modules/cookie Completed in 771ms
133 http fetch GET 200 https://registry.npmjs.org/@auth/prisma-adapter/-/prisma-adapter-1.2.0.tgz 925ms (cache miss)
134 timing reifyNode:node_modules/@auth/prisma-adapter Completed in 947ms
135 http fetch GET 200 https://registry.npmjs.org/preact/-/preact-10.11.3.tgz 980ms (cache miss)
136 timing reifyNode:node_modules/@auth/core/node_modules/preact Completed in 1007ms
137 http fetch GET 200 https://registry.npmjs.org/@auth/core/-/core-0.25.0.tgz 2662ms (cache miss)
138 timing reifyNode:node_modules/@auth/core Completed in 2686ms
139 timing reify:unpack Completed in 2688ms
140 timing reify:unretire Completed in 0ms
141 timing build:queue Completed in 1ms
142 timing build:deps Completed in 2ms
143 timing build Completed in 3ms
144 timing reify:build Completed in 4ms
145 timing reify:trash Completed in 1ms
146 timing reify:save Completed in 353ms
147 timing reify Completed in 12989ms
148 silly ADD node_modules/oauth4webapi
149 silly ADD node_modules/@types/cookie
150 silly ADD node_modules/@auth/core
151 silly ADD node_modules/@auth/core/node_modules/preact-render-to-string
152 silly ADD node_modules/@auth/core/node_modules/preact
153 silly ADD node_modules/@auth/core/node_modules/jose
154 silly ADD node_modules/@auth/core/node_modules/cookie
155 silly ADD node_modules/@auth/prisma-adapter
156 silly ADD
157 silly ADD
158 silly ADD
159 silly ADD
160 silly ADD
161 silly ADD
162 silly ADD
163 silly ADD
164 timing command:i Completed in 13005ms
165 verbose exit 0
166 timing npm Completed in 13451ms
167 info ok
