0 verbose cli /usr/local/bin/node /usr/local/bin/npm
1 info using npm@10.3.0
2 info using node@v18.18.0
3 timing npm:load:whichnode Completed in 1ms
4 timing config:load:defaults Completed in 2ms
5 timing config:load:file:/usr/local/lib/node_modules/npm/npmrc Completed in 1ms
6 timing config:load:builtin Completed in 1ms
7 timing config:load:cli Completed in 3ms
8 timing config:load:env Completed in 0ms
9 timing config:load:file:/Users/rodrigobueno/Documents/project/fullstackweek-barber/.npmrc Completed in 0ms
10 timing config:load:project Completed in 4ms
11 timing config:load:file:/Users/rodrigobueno/.npmrc Completed in 0ms
12 timing config:load:user Completed in 1ms
13 timing config:load:file:/usr/local/etc/npmrc Completed in 1ms
14 timing config:load:global Completed in 2ms
15 timing config:load:setEnvs Completed in 0ms
16 timing config:load Completed in 13ms
17 timing npm:load:configload Completed in 13ms
18 timing config:load:flatten Completed in 3ms
19 timing npm:load:mkdirpcache Completed in 0ms
20 timing npm:load:mkdirplogs Completed in 1ms
21 verbose title npm i
22 verbose argv "i"
23 timing npm:load:setTitle Completed in 22ms
24 timing npm:load:display Completed in 0ms
25 verbose logfile logs-max:10 dir:/Users/rodrigobueno/Documents/project/fullstackweek-barber/C:\Users\Firstname~1\AppData\Roaming\npm-cache/_logs/2024-02-03T16_20_49_918Z-
26 verbose logfile /Users/rodrigobueno/Documents/project/fullstackweek-barber/C:\Users\Firstname~1\AppData\Roaming\npm-cache/_logs/2024-02-03T16_20_49_918Z-debug-0.log
27 timing npm:load:logFile Completed in 11ms
28 timing npm:load:timers Completed in 0ms
29 timing npm:load:configScope Completed in 0ms
30 timing npm:load Completed in 68ms
31 timing arborist:ctor Completed in 0ms
32 silly logfile done cleaning log files
33 timing idealTree:init Completed in 351ms
34 timing idealTree:userRequests Completed in 0ms
35 silly idealTree buildDeps
36 timing idealTree:#root Completed in 0ms
37 timing idealTree:buildDeps Completed in 2ms
38 timing idealTree:fixDepFlags Completed in 0ms
39 timing idealTree Completed in 362ms
40 timing arborist:ctor Completed in 1ms
41 timing reify:loadTrees Completed in 510ms
42 timing reify:diffTrees Completed in 11ms
43 silly reify moves {}
44 timing reify:retireShallow Completed in 2ms
45 timing reify:createSparse Completed in 4ms
46 timing reify:loadBundles Completed in 0ms
47 silly audit bulk request {
47 silly audit   '@aashutoshrathi/word-wrap': [ '1.2.6' ],
47 silly audit   '@alloc/quick-lru': [ '5.2.0' ],
47 silly audit   '@ampproject/remapping': [ '2.2.1' ],
47 silly audit   '@antfu/ni': [ '0.21.12' ],
47 silly audit   '@auth/core': [ '0.25.0' ],
47 silly audit   cookie: [ '0.6.0', '0.5.0' ],
47 silly audit   jose: [ '5.2.1', '4.15.4' ],
47 silly audit   preact: [ '10.11.3', '10.19.3' ],
47 silly audit   'preact-render-to-string': [ '5.2.3', '5.2.6' ],
47 silly audit   '@auth/prisma-adapter': [ '1.2.0' ],
47 silly audit   '@babel/code-frame': [ '7.23.5' ],
47 silly audit   'ansi-styles': [ '3.2.1', '4.3.0', '6.2.1' ],
47 silly audit   chalk: [ '2.4.2', '4.1.2', '5.3.0', '5.2.0' ],
47 silly audit   'color-convert': [ '1.9.3', '2.0.1' ],
47 silly audit   'color-name': [ '1.1.3', '1.1.4' ],
47 silly audit   'escape-string-regexp': [ '1.0.5', '4.0.0' ],
47 silly audit   'has-flag': [ '3.0.0', '4.0.0' ],
47 silly audit   'supports-color': [ '5.5.0', '7.2.0' ],
47 silly audit   '@babel/compat-data': [ '7.23.5' ],
47 silly audit   '@babel/core': [ '7.23.9' ],
47 silly audit   json5: [ '2.2.3', '1.0.2' ],
47 silly audit   semver: [ '6.3.1', '7.5.4' ],
47 silly audit   '@babel/generator': [ '7.23.6' ],
47 silly audit   '@babel/helper-annotate-as-pure': [ '7.22.5' ],
47 silly audit   '@babel/helper-compilation-targets': [ '7.23.6' ],
47 silly audit   'lru-cache': [ '5.1.1', '10.2.0', '6.0.0' ],
47 silly audit   yallist: [ '3.1.1', '4.0.0' ],
47 silly audit   '@babel/helper-create-class-features-plugin': [ '7.23.10' ],
47 silly audit   '@babel/helper-environment-visitor': [ '7.22.20' ],
47 silly audit   '@babel/helper-function-name': [ '7.23.0' ],
47 silly audit   '@babel/helper-hoist-variables': [ '7.22.5' ],
47 silly audit   '@babel/helper-member-expression-to-functions': [ '7.23.0' ],
47 silly audit   '@babel/helper-module-imports': [ '7.22.15' ],
47 silly audit   '@babel/helper-module-transforms': [ '7.23.3' ],
47 silly audit   '@babel/helper-optimise-call-expression': [ '7.22.5' ],
47 silly audit   '@babel/helper-plugin-utils': [ '7.22.5' ],
47 silly audit   '@babel/helper-replace-supers': [ '7.22.20' ],
47 silly audit   '@babel/helper-simple-access': [ '7.22.5' ],
47 silly audit   '@babel/helper-skip-transparent-expression-wrappers': [ '7.22.5' ],
47 silly audit   '@babel/helper-split-export-declaration': [ '7.22.6' ],
47 silly audit   '@babel/helper-string-parser': [ '7.23.4' ],
47 silly audit   '@babel/helper-validator-identifier': [ '7.22.20' ],
47 silly audit   '@babel/helper-validator-option': [ '7.23.5' ],
47 silly audit   '@babel/helpers': [ '7.23.9' ],
47 silly audit   '@babel/highlight': [ '7.23.4' ],
47 silly audit   '@babel/parser': [ '7.23.9' ],
47 silly audit   '@babel/plugin-syntax-typescript': [ '7.23.3' ],
47 silly audit   '@babel/plugin-transform-typescript': [ '7.23.6' ],
47 silly audit   '@babel/runtime': [ '7.23.9' ],
47 silly audit   '@babel/template': [ '7.23.9' ],
47 silly audit   '@babel/traverse': [ '7.23.9' ],
47 silly audit   globals: [ '11.12.0', '13.24.0' ],
47 silly audit   '@babel/types': [ '7.23.9' ],
47 silly audit   '@cspotcode/source-map-support': [ '0.8.1' ],
47 silly audit   '@jridgewell/trace-mapping': [ '0.3.9', '0.3.22' ],
47 silly audit   '@eslint-community/eslint-utils': [ '4.4.0' ],
47 silly audit   '@eslint-community/regexpp': [ '4.10.0' ],
47 silly audit   '@eslint/eslintrc': [ '2.1.4' ],
47 silly audit   '@eslint/js': [ '8.56.0' ],
47 silly audit   '@humanwhocodes/config-array': [ '0.11.14' ],
47 silly audit   '@humanwhocodes/module-importer': [ '1.0.1' ],
47 silly audit   '@humanwhocodes/object-schema': [ '2.0.2' ],
47 silly audit   '@isaacs/cliui': [ '8.0.2' ],
47 silly audit   'ansi-regex': [ '6.0.1', '5.0.1' ],
47 silly audit   'strip-ansi': [ '7.1.0', '6.0.1' ],
47 silly audit   '@jridgewell/gen-mapping': [ '0.3.3' ],
47 silly audit   '@jridgewell/resolve-uri': [ '3.1.1' ],
47 silly audit   '@jridgewell/set-array': [ '1.1.2' ],
47 silly audit   '@jridgewell/sourcemap-codec': [ '1.4.15' ],
47 silly audit   '@next/env': [ '14.1.0' ],
47 silly audit   '@next/eslint-plugin-next': [ '14.1.0' ],
47 silly audit   '@next/swc-darwin-arm64': [ '14.1.0' ],
47 silly audit   '@next/swc-darwin-x64': [ '14.1.0' ],
47 silly audit   '@next/swc-linux-arm64-gnu': [ '14.1.0' ],
47 silly audit   '@next/swc-linux-arm64-musl': [ '14.1.0' ],
47 silly audit   '@next/swc-linux-x64-gnu': [ '14.1.0' ],
47 silly audit   '@next/swc-linux-x64-musl': [ '14.1.0' ],
47 silly audit   '@next/swc-win32-arm64-msvc': [ '14.1.0' ],
47 silly audit   '@next/swc-win32-ia32-msvc': [ '14.1.0' ],
47 silly audit   '@next/swc-win32-x64-msvc': [ '14.1.0' ],
47 silly audit   '@nodelib/fs.scandir': [ '2.1.5' ],
47 silly audit   '@nodelib/fs.stat': [ '2.0.5' ],
47 silly audit   '@nodelib/fs.walk': [ '1.2.8' ],
47 silly audit   '@panva/hkdf': [ '1.1.1' ],
47 silly audit   '@pkgjs/parseargs': [ '0.11.0' ],
47 silly audit   '@prisma/client': [ '5.9.1' ],
47 silly audit   '@prisma/debug': [ '5.9.1' ],
47 silly audit   '@prisma/engines': [ '5.9.1' ],
47 silly audit   '@prisma/engines-version': [ '5.9.0-32.23fdc5965b1e05fc54e5f26ed3de66776b93de64' ],
47 silly audit   '@prisma/fetch-engine': [ '5.9.1' ],
47 silly audit   '@prisma/get-platform': [ '5.9.1' ],
47 silly audit   '@radix-ui/react-avatar': [ '1.0.4' ],
47 silly audit   '@radix-ui/react-compose-refs': [ '1.0.1' ],
47 silly audit   '@radix-ui/react-context': [ '1.0.1' ],
47 silly audit   '@radix-ui/react-primitive': [ '1.0.3' ],
47 silly audit   '@radix-ui/react-slot': [ '1.0.2' ],
47 silly audit   '@radix-ui/react-use-callback-ref': [ '1.0.1' ],
47 silly audit   '@radix-ui/react-use-layout-effect': [ '1.0.1' ],
47 silly audit   '@rushstack/eslint-patch': [ '1.7.2' ],
47 silly audit   '@swc/helpers': [ '0.5.2' ],
47 silly audit   '@ts-morph/common': [ '0.19.0' ],
47 silly audit   'brace-expansion': [ '2.0.1', '1.1.11' ],
47 silly audit   minimatch: [ '7.4.6', '9.0.3', '3.1.2' ],
47 silly audit   '@tsconfig/node10': [ '1.0.9' ],
47 silly audit   '@tsconfig/node12': [ '1.0.11' ],
47 silly audit   '@tsconfig/node14': [ '1.0.3' ],
47 silly audit   '@tsconfig/node16': [ '1.0.4' ],
47 silly audit   '@types/cookie': [ '0.6.0' ],
47 silly audit   '@types/json5': [ '0.0.29' ],
47 silly audit   '@types/node': [ '20.11.10' ],
47 silly audit   '@types/prop-types': [ '15.7.11' ],
47 silly audit   '@types/react': [ '18.2.48' ],
47 silly audit   '@types/react-dom': [ '18.2.18' ],
47 silly audit   '@types/scheduler': [ '0.16.8' ],
47 silly audit   '@typescript-eslint/parser': [ '6.20.0' ],
47 silly audit   '@typescript-eslint/scope-manager': [ '6.20.0' ],
47 silly audit   '@typescript-eslint/types': [ '6.20.0' ],
47 silly audit   '@typescript-eslint/typescript-estree': [ '6.20.0' ],
47 silly audit   '@typescript-eslint/visitor-keys': [ '6.20.0' ],
47 silly audit   '@ungap/structured-clone': [ '1.2.0' ],
47 silly audit   acorn: [ '8.11.3' ],
47 silly audit   'acorn-jsx': [ '5.3.2' ],
47 silly audit   'acorn-walk': [ '8.3.2' ],
47 silly audit   add: [ '2.0.6' ],
47 silly audit   'agent-base': [ '7.1.0' ],
47 silly audit   ajv: [ '6.12.6' ],
47 silly audit   'any-promise': [ '1.3.0' ],
47 silly audit   anymatch: [ '3.1.3' ],
47 silly audit   arg: [ '5.0.2', '4.1.3' ],
47 silly audit   argparse: [ '2.0.1' ],
47 silly audit   'aria-query': [ '5.3.0' ],
47 silly audit   'array-buffer-byte-length': [ '1.0.0' ],
47 silly audit   'array-includes': [ '3.1.7' ],
47 silly audit   'array-union': [ '2.1.0' ],
47 silly audit   'array.prototype.findlastindex': [ '1.2.3' ],
47 silly audit   'array.prototype.flat': [ '1.3.2' ],
47 silly audit   'array.prototype.flatmap': [ '1.3.2' ],
47 silly audit   'array.prototype.tosorted': [ '1.1.2' ],
47 silly audit   'arraybuffer.prototype.slice': [ '1.0.2' ],
47 silly audit   assert: [ '2.1.0' ],
47 silly audit   'ast-types': [ '0.16.1' ],
47 silly audit   'ast-types-flow': [ '0.0.8' ],
47 silly audit   'asynciterator.prototype': [ '1.0.0' ],
47 silly audit   autoprefixer: [ '10.4.17' ],
47 silly audit   'available-typed-arrays': [ '1.0.5' ],
47 silly audit   'axe-core': [ '4.7.0' ],
47 silly audit   'axobject-query': [ '3.2.1' ],
47 silly audit   'balanced-match': [ '1.0.2' ],
47 silly audit   'base64-js': [ '1.5.1' ],
47 silly audit   'binary-extensions': [ '2.2.0' ],
47 silly audit   bl: [ '5.1.0' ],
47 silly audit   braces: [ '3.0.2' ],
47 silly audit   browserslist: [ '4.22.3' ],
47 silly audit   buffer: [ '6.0.3' ],
47 silly audit   busboy: [ '1.6.0' ],
47 silly audit   'call-bind': [ '1.0.5' ],
47 silly audit   callsites: [ '3.1.0' ],
47 silly audit   'camelcase-css': [ '2.0.1' ],
47 silly audit   'caniuse-lite': [ '1.0.30001581' ],
47 silly audit   chokidar: [ '3.5.3' ],
47 silly audit   'glob-parent': [ '5.1.2', '6.0.2' ],
47 silly audit   'class-variance-authority': [ '0.7.0' ],
47 silly audit   clsx: [ '2.0.0', '2.1.0' ],
47 silly audit   'cli-cursor': [ '4.0.0' ],
47 silly audit   'cli-spinners': [ '2.9.2' ],
47 silly audit   'client-only': [ '0.0.1' ],
47 silly audit   clone: [ '1.0.4' ],
47 silly audit   'code-block-writer': [ '12.0.0' ],
47 silly audit   commander: [ '4.1.1', '10.0.1' ],
47 silly audit   'concat-map': [ '0.0.1' ],
47 silly audit   'convert-source-map': [ '2.0.0' ],
47 silly audit   cosmiconfig: [ '8.3.6' ],
47 silly audit   'create-require': [ '1.1.1' ],
47 silly audit   'cross-spawn': [ '7.0.3' ],
47 silly audit   cssesc: [ '3.0.0' ],
47 silly audit   csstype: [ '3.1.3' ],
47 silly audit   'damerau-levenshtein': [ '1.0.8' ],
47 silly audit   'data-uri-to-buffer': [ '4.0.1' ],
47 silly audit   'date-fns': [ '3.3.1' ],
47 silly audit   debug: [ '4.3.4', '3.2.7' ],
47 silly audit   'deep-is': [ '0.1.4' ],
47 silly audit   defaults: [ '1.0.4' ],
47 silly audit   'define-data-property': [ '1.1.1' ],
47 silly audit   'define-properties': [ '1.2.1' ],
47 silly audit   dequal: [ '2.0.3' ],
47 silly audit   didyoumean: [ '1.2.2' ],
47 silly audit   diff: [ '4.0.2', '5.1.0' ],
47 silly audit   'dir-glob': [ '3.0.1' ],
47 silly audit   dlv: [ '1.1.3' ],
47 silly audit   doctrine: [ '3.0.0', '2.1.0' ],
47 silly audit   eastasianwidth: [ '0.2.0' ],
47 silly audit   'electron-to-chromium': [ '1.4.650' ],
47 silly audit   'emoji-regex': [ '9.2.2', '8.0.0' ],
47 silly audit   'enhanced-resolve': [ '5.15.0' ],
47 silly audit   'error-ex': [ '1.3.2' ],
47 silly audit   'es-abstract': [ '1.22.3' ],
47 silly audit   'es-iterator-helpers': [ '1.0.15' ],
47 silly audit   'es-set-tostringtag': [ '2.0.2' ],
47 silly audit   'es-shim-unscopables': [ '1.0.2' ],
47 silly audit   'es-to-primitive': [ '1.2.1' ],
47 silly audit   escalade: [ '3.1.1' ],
47 silly audit   eslint: [ '8.56.0' ],
47 silly audit   'eslint-config-next': [ '14.1.0' ],
47 silly audit   'eslint-import-resolver-node': [ '0.3.9' ],
47 silly audit   'eslint-import-resolver-typescript': [ '3.6.1' ],
47 silly audit   'eslint-module-utils': [ '2.8.0' ],
47 silly audit   'eslint-plugin-import': [ '2.29.1' ],
47 silly audit   'eslint-plugin-jsx-a11y': [ '6.8.0' ],
47 silly audit   'eslint-plugin-react': [ '7.33.2' ],
47 silly audit   'eslint-plugin-react-hooks': [ '4.6.0' ],
47 silly audit   resolve: [ '2.0.0-next.5', '1.22.8' ],
47 silly audit   'eslint-scope': [ '7.2.2' ],
47 silly audit   'eslint-visitor-keys': [ '3.4.3' ],
47 silly audit   espree: [ '9.6.1' ],
47 silly audit   esprima: [ '4.0.1' ],
47 silly audit   esquery: [ '1.5.0' ],
47 silly audit   esrecurse: [ '4.3.0' ],
47 silly audit   estraverse: [ '5.3.0' ],
47 silly audit   esutils: [ '2.0.3' ],
47 silly audit   execa: [ '7.2.0' ],
47 silly audit   'signal-exit': [ '3.0.7', '4.1.0' ],
47 silly audit   'fast-deep-equal': [ '3.1.3' ],
47 silly audit   'fast-glob': [ '3.3.2' ],
47 silly audit   'fast-json-stable-stringify': [ '2.1.0' ],
47 silly audit   'fast-levenshtein': [ '2.0.6' ],
47 silly audit   fastq: [ '1.17.0' ],
47 silly audit   'fetch-blob': [ '3.2.0' ],
47 silly audit   'file-entry-cache': [ '6.0.1' ],
47 silly audit   'fill-range': [ '7.0.1' ],
47 silly audit   'find-up': [ '5.0.0' ],
47 silly audit   'flat-cache': [ '3.2.0' ],
47 silly audit   flatted: [ '3.2.9' ],
47 silly audit   'for-each': [ '0.3.3' ],
47 silly audit   'foreground-child': [ '3.1.1' ],
47 silly audit   'formdata-polyfill': [ '4.0.10' ],
47 silly audit   'fraction.js': [ '4.3.7' ],
47 silly audit   'fs-extra': [ '11.2.0' ],
47 silly audit   'fs.realpath': [ '1.0.0' ],
47 silly audit   fsevents: [ '2.3.3' ],
47 silly audit   'function-bind': [ '1.1.2' ],
47 silly audit   'function.prototype.name': [ '1.1.6' ],
47 silly audit   'functions-have-names': [ '1.2.3' ],
47 silly audit   gensync: [ '1.0.0-beta.2' ],
47 silly audit   'get-intrinsic': [ '1.2.2' ],
47 silly audit   'get-stream': [ '6.0.1' ],
47 silly audit   'get-symbol-description': [ '1.0.0' ],
47 silly audit   'get-tsconfig': [ '4.7.2' ],
47 silly audit   glob: [ '10.3.10', '7.2.3' ],
47 silly audit   globalthis: [ '1.0.3' ],
47 silly audit   globby: [ '11.1.0' ],
47 silly audit   gopd: [ '1.0.1' ],
47 silly audit   'graceful-fs': [ '4.2.11' ],
47 silly audit   graphemer: [ '1.4.0' ],
47 silly audit   'has-bigints': [ '1.0.2' ],
47 silly audit   'has-property-descriptors': [ '1.0.1' ],
47 silly audit   'has-proto': [ '1.0.1' ],
47 silly audit   'has-symbols': [ '1.0.3' ],
47 silly audit   'has-tostringtag': [ '1.0.0' ],
47 silly audit   hasown: [ '2.0.0' ],
47 silly audit   'https-proxy-agent': [ '6.2.1' ],
47 silly audit   'human-signals': [ '4.3.1' ],
47 silly audit   ieee754: [ '1.2.1' ],
47 silly audit   ignore: [ '5.3.0' ],
47 silly audit   'import-fresh': [ '3.3.0' ],
47 silly audit   imurmurhash: [ '0.1.4' ],
47 silly audit   inflight: [ '1.0.6' ],
47 silly audit   inherits: [ '2.0.4' ],
47 silly audit   'internal-slot': [ '1.0.6' ],
47 silly audit   'is-arguments': [ '1.1.1' ],
47 silly audit   'is-array-buffer': [ '3.0.2' ],
47 silly audit   'is-arrayish': [ '0.2.1' ],
47 silly audit   'is-async-function': [ '2.0.0' ],
47 silly audit   'is-bigint': [ '1.0.4' ],
47 silly audit   'is-binary-path': [ '2.1.0' ],
47 silly audit   'is-boolean-object': [ '1.1.2' ],
47 silly audit   'is-callable': [ '1.2.7' ],
47 silly audit   'is-core-module': [ '2.13.1' ],
47 silly audit   'is-date-object': [ '1.0.5' ],
47 silly audit   'is-extglob': [ '2.1.1' ],
47 silly audit   'is-finalizationregistry': [ '1.0.2' ],
47 silly audit   'is-fullwidth-code-point': [ '3.0.0' ],
47 silly audit   'is-generator-function': [ '1.0.10' ],
47 silly audit   'is-glob': [ '4.0.3' ],
47 silly audit   'is-interactive': [ '2.0.0' ],
47 silly audit   'is-map': [ '2.0.2' ],
47 silly audit   'is-nan': [ '1.3.2' ],
47 silly audit   'is-negative-zero': [ '2.0.2' ],
47 silly audit   'is-number': [ '7.0.0' ],
47 silly audit   'is-number-object': [ '1.0.7' ],
47 silly audit   'is-path-inside': [ '3.0.3' ],
47 silly audit   'is-regex': [ '1.1.4' ],
47 silly audit   'is-set': [ '2.0.2' ],
47 silly audit   'is-shared-array-buffer': [ '1.0.2' ],
47 silly audit   'is-stream': [ '3.0.0' ],
47 silly audit   'is-string': [ '1.0.7' ],
47 silly audit   'is-symbol': [ '1.0.4' ],
47 silly audit   'is-typed-array': [ '1.1.12' ],
47 silly audit   'is-unicode-supported': [ '1.3.0' ],
47 silly audit   'is-weakmap': [ '2.0.1' ],
47 silly audit   'is-weakref': [ '1.0.2' ],
47 silly audit   'is-weakset': [ '2.0.2' ],
47 silly audit   isarray: [ '2.0.5' ],
47 silly audit   isexe: [ '2.0.0' ],
47 silly audit   'iterator.prototype': [ '1.1.2' ],
47 silly audit   jackspeak: [ '2.3.6' ],
47 silly audit   jiti: [ '1.21.0' ],
47 silly audit   'js-tokens': [ '4.0.0' ],
47 silly audit   'js-yaml': [ '4.1.0' ],
47 silly audit   jsesc: [ '2.5.2' ],
47 silly audit   'json-buffer': [ '3.0.1' ],
47 silly audit   'json-parse-even-better-errors': [ '2.3.1' ],
47 silly audit   'json-schema-traverse': [ '0.4.1' ],
47 silly audit   'json-stable-stringify-without-jsonify': [ '1.0.1' ],
47 silly audit   jsonfile: [ '6.1.0' ],
47 silly audit   'jsx-ast-utils': [ '3.3.5' ],
47 silly audit   keyv: [ '4.5.4' ],
47 silly audit   kleur: [ '3.0.3' ],
47 silly audit   'language-subtag-registry': [ '0.3.22' ],
47 silly audit   'language-tags': [ '1.0.9' ],
47 silly audit   levn: [ '0.4.1' ],
47 silly audit   lilconfig: [ '2.1.0', '3.0.0' ],
47 silly audit   'lines-and-columns': [ '1.2.4' ],
47 silly audit   'locate-path': [ '6.0.0' ],
47 silly audit   'lodash._reinterpolate': [ '3.0.0' ],
47 silly audit   'lodash.merge': [ '4.6.2' ],
47 silly audit   'lodash.template': [ '4.5.0' ],
47 silly audit   'lodash.templatesettings': [ '4.2.0' ],
47 silly audit   'log-symbols': [ '5.1.0' ],
47 silly audit   'loose-envify': [ '1.4.0' ],
47 silly audit   'lucide-react': [ '0.320.0' ],
47 silly audit   'make-error': [ '1.3.6' ],
47 silly audit   'merge-stream': [ '2.0.0' ],
47 silly audit   merge2: [ '1.4.1' ],
47 silly audit   micromatch: [ '4.0.5' ],
47 silly audit   'mimic-fn': [ '4.0.0', '2.1.0' ],
47 silly audit   minimist: [ '1.2.8' ],
47 silly audit   minipass: [ '7.0.4' ],
47 silly audit   mkdirp: [ '2.1.6' ],
47 silly audit   ms: [ '2.1.2' ],
47 silly audit   mz: [ '2.7.0' ],
47 silly audit   nanoid: [ '3.3.7' ],
47 silly audit   'natural-compare': [ '1.4.0' ],
47 silly audit   next: [ '14.1.0' ],
47 silly audit   'next-auth': [ '4.24.5' ],
47 silly audit   postcss: [ '8.4.31', '8.4.33' ],
47 silly audit   'node-domexception': [ '1.0.0' ],
47 silly audit   'node-fetch': [ '3.3.2' ],
47 silly audit   'node-releases': [ '2.0.14' ],
47 silly audit   'normalize-path': [ '3.0.0' ],
47 silly audit   'normalize-range': [ '0.1.2' ],
47 silly audit   'npm-run-path': [ '5.2.0' ],
47 silly audit   'path-key': [ '4.0.0', '3.1.1' ],
47 silly audit   oauth: [ '0.9.15' ],
47 silly audit   oauth4webapi: [ '2.9.0' ],
47 silly audit   'object-assign': [ '4.1.1' ],
47 silly audit   'object-hash': [ '3.0.0', '2.2.0' ],
47 silly audit   'object-inspect': [ '1.13.1' ],
47 silly audit   'object-is': [ '1.1.5' ],
47 silly audit   'object-keys': [ '1.1.1' ],
47 silly audit   'object.assign': [ '4.1.5' ],
47 silly audit   'object.entries': [ '1.1.7' ],
47 silly audit   'object.fromentries': [ '2.0.7' ],
47 silly audit   'object.groupby': [ '1.0.1' ],
47 silly audit   'object.hasown': [ '1.1.3' ],
47 silly audit   'object.values': [ '1.1.7' ],
47 silly audit   'oidc-token-hash': [ '5.0.3' ],
47 silly audit   once: [ '1.4.0' ],
47 silly audit   onetime: [ '6.0.0', '5.1.2' ],
47 silly audit   'openid-client': [ '5.6.4' ],
47 silly audit   optionator: [ '0.9.3' ],
47 silly audit   ora: [ '6.3.1' ],
47 silly audit   'p-limit': [ '3.1.0' ],
47 silly audit   'p-locate': [ '5.0.0' ],
47 silly audit   'parent-module': [ '1.0.1' ],
47 silly audit   'parse-json': [ '5.2.0' ],
47 silly audit   'path-browserify': [ '1.0.1' ],
47 silly audit   'path-exists': [ '4.0.0' ],
47 silly audit   'path-is-absolute': [ '1.0.1' ],
47 silly audit   'path-parse': [ '1.0.7' ],
47 silly audit   'path-scurry': [ '1.10.1' ],
47 silly audit   'path-type': [ '4.0.0' ],
47 silly audit   picocolors: [ '1.0.0' ],
47 silly audit   picomatch: [ '2.3.1' ],
47 silly audit   pify: [ '2.3.0' ],
47 silly audit   pirates: [ '4.0.6' ],
47 silly audit   'postcss-import': [ '15.1.0' ],
47 silly audit   'postcss-js': [ '4.0.1' ],
47 silly audit   'postcss-load-config': [ '4.0.2' ],
47 silly audit   'postcss-nested': [ '6.0.1' ],
47 silly audit   'postcss-selector-parser': [ '6.0.15' ],
47 silly audit   'postcss-value-parser': [ '4.2.0' ],
47 silly audit   'prelude-ls': [ '1.2.1' ],
47 silly audit   'pretty-format': [ '3.8.0' ],
47 silly audit   prisma: [ '5.9.1' ],
47 silly audit   prompts: [ '2.4.2' ],
47 silly audit   'prop-types': [ '15.8.1' ],
47 silly audit   punycode: [ '2.3.1' ],
47 silly audit   'queue-microtask': [ '1.2.3' ],
47 silly audit   react: [ '18.2.0' ],
47 silly audit   'react-dom': [ '18.2.0' ],
47 silly audit   'react-is': [ '16.13.1' ],
47 silly audit   'read-cache': [ '1.0.0' ],
47 silly audit   'readable-stream': [ '3.6.2' ],
47 silly audit   readdirp: [ '3.6.0' ],
47 silly audit   recast: [ '0.23.4' ],
47 silly audit   'reflect.getprototypeof': [ '1.0.4' ],
47 silly audit   'regenerator-runtime': [ '0.14.1' ],
47 silly audit   'regexp.prototype.flags': [ '1.5.1' ],
47 silly audit   'resolve-from': [ '4.0.0' ],
47 silly audit   'resolve-pkg-maps': [ '1.0.0' ],
47 silly audit   'restore-cursor': [ '4.0.0' ],
47 silly audit   reusify: [ '1.0.4' ],
47 silly audit   rimraf: [ '3.0.2' ],
47 silly audit   'run-parallel': [ '1.2.0' ],
47 silly audit   'safe-array-concat': [ '1.1.0' ],
47 silly audit   'safe-buffer': [ '5.2.1' ],
47 silly audit   'safe-regex-test': [ '1.0.2' ],
47 silly audit   scheduler: [ '0.23.0' ],
47 silly audit   'set-function-length': [ '1.2.0' ],
47 silly audit   'set-function-name': [ '2.0.1' ],
47 silly audit   'shadcn-ui': [ '0.8.0' ],
47 silly audit   'tsconfig-paths': [ '4.2.0', '3.15.0' ],
47 silly audit   'shebang-command': [ '2.0.0' ],
47 silly audit   'shebang-regex': [ '3.0.0' ],
47 silly audit   sheet: [ '0.2.0' ],
47 silly audit   'side-channel': [ '1.0.4' ],
47 silly audit   sisteransi: [ '1.0.5' ],
47 silly audit   slash: [ '3.0.0' ],
47 silly audit   'source-map': [ '0.6.1' ],
47 silly audit   'source-map-js': [ '1.0.2' ],
47 silly audit   'stdin-discarder': [ '0.1.0' ],
47 silly audit   streamsearch: [ '1.1.0' ],
47 silly audit   string_decoder: [ '1.3.0' ],
47 silly audit   'string-width': [ '5.1.2', '4.2.3' ],
47 silly audit   'string.prototype.matchall': [ '4.0.10' ],
47 silly audit   'string.prototype.trim': [ '1.2.8' ],
47 silly audit   'string.prototype.trimend': [ '1.0.7' ],
47 silly audit   'string.prototype.trimstart': [ '1.0.7' ],
47 silly audit   'strip-bom': [ '3.0.0' ],
47 silly audit   'strip-final-newline': [ '3.0.0' ],
47 silly audit   'strip-json-comments': [ '3.1.1' ],
47 silly audit   'styled-jsx': [ '5.1.1' ],
47 silly audit   sucrase: [ '3.35.0' ],
47 silly audit   'supports-preserve-symlinks-flag': [ '1.0.0' ],
47 silly audit   'tailwind-merge': [ '2.2.1' ],
47 silly audit   tailwindcss: [ '3.4.1' ],
47 silly audit   'tailwindcss-animate': [ '1.0.7' ],
47 silly audit   tapable: [ '2.2.1' ],
47 silly audit   'text-table': [ '0.2.0' ],
47 silly audit   thenify: [ '3.3.1' ],
47 silly audit   'thenify-all': [ '1.6.0' ],
47 silly audit   'to-fast-properties': [ '2.0.0' ],
47 silly audit   'to-regex-range': [ '5.0.1' ],
47 silly audit   'ts-api-utils': [ '1.0.3' ],
47 silly audit   'ts-interface-checker': [ '0.1.13' ],
47 silly audit   'ts-morph': [ '18.0.0' ],
47 silly audit   'ts-node': [ '10.9.2' ],
47 silly audit   tslib: [ '2.6.2' ],
47 silly audit   'type-check': [ '0.4.0' ],
47 silly audit   'type-fest': [ '0.20.2' ],
47 silly audit   'typed-array-buffer': [ '1.0.0' ],
47 silly audit   'typed-array-byte-length': [ '1.0.0' ],
47 silly audit   'typed-array-byte-offset': [ '1.0.0' ],
47 silly audit   'typed-array-length': [ '1.0.4' ],
47 silly audit   typescript: [ '5.3.3' ],
47 silly audit   'unbox-primitive': [ '1.0.2' ],
47 silly audit   'undici-types': [ '5.26.5' ],
47 silly audit   universalify: [ '2.0.1' ],
47 silly audit   'update-browserslist-db': [ '1.0.13' ],
47 silly audit   'uri-js': [ '4.4.1' ],
47 silly audit   util: [ '0.12.5' ],
47 silly audit   'util-deprecate': [ '1.0.2' ],
47 silly audit   uuid: [ '8.3.2' ],
47 silly audit   'v8-compile-cache-lib': [ '3.0.1' ],
47 silly audit   wcwidth: [ '1.0.1' ],
47 silly audit   'web-streams-polyfill': [ '3.3.2' ],
47 silly audit   which: [ '2.0.2' ],
47 silly audit   'which-boxed-primitive': [ '1.0.2' ],
47 silly audit   'which-builtin-type': [ '1.1.3' ],
47 silly audit   'which-collection': [ '1.0.1' ],
47 silly audit   'which-typed-array': [ '1.1.13' ],
47 silly audit   'wrap-ansi': [ '8.1.0', '7.0.0' ],
47 silly audit   wrappy: [ '1.0.2' ],
47 silly audit   yaml: [ '2.3.4' ],
47 silly audit   yn: [ '3.1.1' ],
47 silly audit   'yocto-queue': [ '0.1.0' ],
47 silly audit   zod: [ '3.22.4' ]
47 silly audit }
48 verbose reify failed optional dependency /Users/rodrigobueno/Documents/project/fullstackweek-barber/node_modules/@next/swc-win32-x64-msvc
49 silly reify mark deleted [
49 silly reify   '/Users/rodrigobueno/Documents/project/fullstackweek-barber/node_modules/@next/swc-win32-x64-msvc'
49 silly reify ]
50 verbose reify failed optional dependency /Users/rodrigobueno/Documents/project/fullstackweek-barber/node_modules/@next/swc-win32-ia32-msvc
51 silly reify mark deleted [
51 silly reify   '/Users/rodrigobueno/Documents/project/fullstackweek-barber/node_modules/@next/swc-win32-ia32-msvc'
51 silly reify ]
52 verbose reify failed optional dependency /Users/rodrigobueno/Documents/project/fullstackweek-barber/node_modules/@next/swc-win32-arm64-msvc
53 silly reify mark deleted [
53 silly reify   '/Users/rodrigobueno/Documents/project/fullstackweek-barber/node_modules/@next/swc-win32-arm64-msvc'
53 silly reify ]
54 verbose reify failed optional dependency /Users/rodrigobueno/Documents/project/fullstackweek-barber/node_modules/@next/swc-linux-x64-musl
55 silly reify mark deleted [
55 silly reify   '/Users/rodrigobueno/Documents/project/fullstackweek-barber/node_modules/@next/swc-linux-x64-musl'
55 silly reify ]
56 verbose reify failed optional dependency /Users/rodrigobueno/Documents/project/fullstackweek-barber/node_modules/@next/swc-linux-x64-gnu
57 silly reify mark deleted [
57 silly reify   '/Users/rodrigobueno/Documents/project/fullstackweek-barber/node_modules/@next/swc-linux-x64-gnu'
57 silly reify ]
58 verbose reify failed optional dependency /Users/rodrigobueno/Documents/project/fullstackweek-barber/node_modules/@next/swc-linux-arm64-musl
59 silly reify mark deleted [
59 silly reify   '/Users/rodrigobueno/Documents/project/fullstackweek-barber/node_modules/@next/swc-linux-arm64-musl'
59 silly reify ]
60 verbose reify failed optional dependency /Users/rodrigobueno/Documents/project/fullstackweek-barber/node_modules/@next/swc-linux-arm64-gnu
61 silly reify mark deleted [
61 silly reify   '/Users/rodrigobueno/Documents/project/fullstackweek-barber/node_modules/@next/swc-linux-arm64-gnu'
61 silly reify ]
62 verbose reify failed optional dependency /Users/rodrigobueno/Documents/project/fullstackweek-barber/node_modules/@next/swc-darwin-arm64
63 silly reify mark deleted [
63 silly reify   '/Users/rodrigobueno/Documents/project/fullstackweek-barber/node_modules/@next/swc-darwin-arm64'
63 silly reify ]
64 timing reifyNode:node_modules/@next/swc-win32-x64-msvc Completed in 69ms
65 timing reifyNode:node_modules/@next/swc-win32-ia32-msvc Completed in 69ms
66 timing reifyNode:node_modules/@next/swc-win32-arm64-msvc Completed in 68ms
67 timing reifyNode:node_modules/@next/swc-linux-x64-musl Completed in 68ms
68 timing reifyNode:node_modules/@next/swc-linux-x64-gnu Completed in 68ms
69 timing reifyNode:node_modules/@next/swc-linux-arm64-musl Completed in 68ms
70 timing reifyNode:node_modules/@next/swc-linux-arm64-gnu Completed in 68ms
71 timing reifyNode:node_modules/@next/swc-darwin-arm64 Completed in 67ms
72 timing reify:unpack Completed in 69ms
73 timing reify:unretire Completed in 0ms
74 timing build:queue Completed in 2ms
75 timing build:deps Completed in 3ms
76 timing build Completed in 4ms
77 timing reify:build Completed in 4ms
78 timing reify:trash Completed in 2ms
79 timing reify:save Completed in 240ms
80 http fetch POST 200 https://registry.npmjs.org/-/npm/v1/security/advisories/bulk 714ms
81 timing auditReport:getReport Completed in 725ms
82 silly audit report {}
83 timing auditReport:init Completed in 0ms
84 timing reify:audit Completed in 725ms
85 timing reify Completed in 1260ms
86 silly ADD
87 silly ADD
88 silly ADD
89 silly ADD
90 silly ADD
91 silly ADD
92 silly ADD
93 silly ADD
94 timing command:i Completed in 1274ms
95 verbose exit 0
96 timing npm Completed in 1542ms
97 info ok
